2019-01-22 11:10:12.318  INFO 18737 --- [Thread-25] :10:12:314 : 参数初始化完毕
2019-01-22 11:10:12.318  INFO 18737 --- [Thread-25] :10:12:314 : 抽样正常调用链
2019-01-22 11:10:12.319  INFO 18737 --- [Thread-25] :10:12:314 : 参数：持续30秒，间隔为10秒，抽样数量为40条
2019-01-22 11:10:12.319  INFO 18737 --- [Thread-25] :10:12:314 : 采样中
2019-01-22 11:10:12.320  INFO 18737 --- [Thread-25] :10:12:314 : 等待10+5秒,zipkin抓取中
2019-01-22 11:10:27.325  INFO 18737 --- [Thread-25] :10:12:314 : 查询中
2019-01-22 11:10:27.399  INFO 18737 --- [Thread-25] :10:12:314 : 解析中
2019-01-22 11:10:27.403  INFO 18737 --- [Thread-25] :10:12:314 : 等待10+5秒,zipkin抓取中
2019-01-22 11:10:42.404  INFO 18737 --- [Thread-25] :10:12:314 : 查询中
2019-01-22 11:10:42.453  INFO 18737 --- [Thread-25] :10:12:314 : 解析中
2019-01-22 11:10:42.454  INFO 18737 --- [Thread-25] :10:12:314 : 共收集到2条不同trace
2019-01-22 11:10:42.455  INFO 18737 --- [Thread-25] :10:12:314 : 调用链抽样完毕
2019-01-22 11:10:42.455  INFO 18737 --- [Thread-25] :10:12:314 : 开始对每个trace探测
2019-01-22 11:10:42.469  INFO 18737 --- [Thread-25] :10:12:314 : 当前tracepool为{details,productpage,reviews4}
2019-01-22 11:10:42.471  INFO 18737 --- [Thread-25] :10:12:314 : 开始对当前的tracepool进行探测
2019-01-22 11:10:42.472  INFO 18737 --- [Thread-25] :10:12:314 : 约束求解
2019-01-22 11:10:42.508  INFO 18737 --- [Thread-25] :10:12:314 : 求解结果为:{details}{productpage}{reviews4}
2019-01-22 11:10:42.508  INFO 18737 --- [Thread-25] :10:12:314 : 开始过滤IPS
2019-01-22 11:10:42.508  INFO 18737 --- [Thread-25] :10:12:314 : {details}包含实效的故障注入点，被过滤
2019-01-22 11:10:42.509  INFO 18737 --- [Thread-25] :10:12:314 : {productpage}已经执行过，被过滤
2019-01-22 11:10:42.509  INFO 18737 --- [Thread-25] :10:12:314 : {reviews4}包含实效的故障注入点，被过滤
2019-01-22 11:10:42.512  INFO 18737 --- [Thread-25] :10:12:314 : 结束过滤IPS
2019-01-22 11:10:42.512  INFO 18737 --- [Thread-25] :10:12:314 : IPS为空，结束对于当前tracePool的探测
2019-01-22 11:10:42.513  INFO 18737 --- [Thread-25] :10:12:314 : 对当前tracepool探测结束
2019-01-22 11:10:42.513  INFO 18737 --- [Thread-25] :10:12:314 : 当前tracepool为{details,productpage,ratings,reviews2}
2019-01-22 11:10:42.514  INFO 18737 --- [Thread-25] :10:12:314 : 开始对当前的tracepool进行探测
2019-01-22 11:10:42.514  INFO 18737 --- [Thread-25] :10:12:314 : 约束求解
2019-01-22 11:10:42.517  INFO 18737 --- [Thread-25] :10:12:314 : 求解结果为:{details}{productpage}{ratings}{reviews2}
2019-01-22 11:10:42.517  INFO 18737 --- [Thread-25] :10:12:314 : 开始过滤IPS
2019-01-22 11:10:42.517  INFO 18737 --- [Thread-25] :10:12:314 : {details}包含实效的故障注入点，被过滤
2019-01-22 11:10:42.518  INFO 18737 --- [Thread-25] :10:12:314 : {productpage}已经执行过，被过滤
2019-01-22 11:10:42.518  INFO 18737 --- [Thread-25] :10:12:314 : 结束过滤IPS
2019-01-22 11:10:42.518  INFO 18737 --- [Thread-25] :10:12:314 : 待测故障注入点集合为{ratings}{reviews2}
2019-01-22 11:10:42.519  INFO 18737 --- [Thread-25] :10:12:314 : 当前的接口集合为[http://localhost:30036/productpageForExp]
2019-01-22 11:10:42.519  INFO 18737 --- [Thread-25] :10:12:314 : 开始对每个故障注入点探测
2019-01-22 11:10:42.519  INFO 18737 --- [Thread-25] :10:12:314 : 当前为第1次探测
2019-01-22 11:10:42.520  INFO 18737 --- [Thread-25] :10:12:314 : 开始对ratings的探测
2019-01-22 11:10:42.520  INFO 18737 --- [Thread-25] :10:12:314 : 注入500丢包
2019-01-22 11:10:42.910  INFO 18737 --- [Thread-25] :10:12:314 : 等待5秒
2019-01-22 11:10:47.911  INFO 18737 --- [Thread-25] :10:12:314 : 注入完毕
2019-01-22 11:10:47.912  INFO 18737 --- [Thread-25] :10:12:314 : 验证断言
2019-01-22 11:10:47.913  INFO 18737 --- [Thread-25] :10:12:314 : 验证返回结果和响应时间
2019-01-22 11:10:47.914  INFO 18737 --- [Thread-25] :10:12:314 : 等待10秒
2019-01-22 11:10:57.914  INFO 18737 --- [Thread-25] :10:12:314 : 采样调用链
2019-01-22 11:10:57.936  INFO 18737 --- [Thread-25] :10:12:314 : 逐个trace验证
2019-01-22 11:10:57.937  INFO 18737 --- [Thread-25] :10:12:314 : 验证用户自定义脚本
2019-01-22 11:10:59.909  INFO 18737 --- [Thread-25] :10:12:314 : 验证完毕
2019-01-22 11:10:59.909  INFO 18737 --- [Thread-25] :10:12:314 : 删除故障
2019-01-22 11:11:00.034  INFO 18737 --- [Thread-25] :10:12:314 : 等待5秒
2019-01-22 11:11:05.035  INFO 18737 --- [Thread-25] :10:12:314 : 开始模式分析
2019-01-22 11:11:05.036  INFO 18737 --- [Thread-25] :10:12:314 : 开始超时模式分析
2019-01-22 11:11:05.036  INFO 18737 --- [Thread-25] :10:12:314 : 注入20秒超时
2019-01-22 11:11:05.403  INFO 18737 --- [Thread-25] :10:12:314 : 等待5秒
2019-01-22 11:11:10.404  INFO 18737 --- [Thread-25] :10:12:314 : 参数：持续20秒，间隔为10秒，抽样数量为20条
2019-01-22 11:11:10.405  INFO 18737 --- [Thread-25] :10:12:314 : 等待10秒
2019-01-22 11:11:20.405  INFO 18737 --- [Thread-25] :10:12:314 : 抽样
2019-01-22 11:11:20.514  INFO 18737 --- [Thread-25] :10:12:314 : 统计并计算结果
2019-01-22 11:11:20.515  INFO 18737 --- [Thread-25] :10:12:314 : 等待10秒
2019-01-22 11:11:30.515  INFO 18737 --- [Thread-25] :10:12:314 : 抽样
2019-01-22 11:11:30.626  INFO 18737 --- [Thread-25] :10:12:314 : 统计并计算结果
2019-01-22 11:14:53.904  INFO 18737 --- [Thread-25] :10:12:314 : 等待5秒
