2019-01-17 16:29:33.637  INFO 18737 --- [Thread-19] detect_1   : 参数初始化完毕
2019-01-17 16:29:33.639  INFO 18737 --- [Thread-19] detect_1   : 抽样正常调用链
2019-01-17 16:29:33.640  INFO 18737 --- [Thread-19] detect_1   : 参数：持续60秒，间隔为30秒，抽样数量为20条
2019-01-17 16:29:33.642  INFO 18737 --- [Thread-19] detect_1   : 采样中
2019-01-17 16:29:33.643  INFO 18737 --- [Thread-19] detect_1   : 等待30秒,zipkin抓取中
2019-01-17 16:30:03.644  INFO 18737 --- [Thread-19] detect_1   : 查询中
2019-01-17 16:30:03.747  INFO 18737 --- [Thread-19] detect_1   : 解析中
2019-01-17 16:30:03.748  INFO 18737 --- [Thread-19] detect_1   : 等待30秒,zipkin抓取中
2019-01-17 16:30:33.748  INFO 18737 --- [Thread-19] detect_1   : 查询中
2019-01-17 16:30:33.872  INFO 18737 --- [Thread-19] detect_1   : 解析中
2019-01-17 16:30:33.873  INFO 18737 --- [Thread-19] detect_1   : 共收集到0条不同trace
2019-01-17 16:30:33.874  INFO 18737 --- [Thread-19] detect_1   : 调用链抽样完毕
2019-01-17 16:30:33.876  INFO 18737 --- [Thread-19] detect_1   : 开始对每个trace探测
2019-01-17 16:30:33.878  INFO 18737 --- [Thread-19] detect_1   : 清理中
2019-01-17 16:32:43.437  INFO 18737 --- [Thread-19] detect_1   : 参数初始化完毕
2019-01-17 16:32:43.438  INFO 18737 --- [Thread-19] detect_1   : 抽样正常调用链
2019-01-17 16:32:43.439  INFO 18737 --- [Thread-19] detect_1   : 参数：持续60秒，间隔为30秒，抽样数量为20条
2019-01-17 16:32:43.442  INFO 18737 --- [Thread-19] detect_1   : 采样中
2019-01-17 16:32:43.443  INFO 18737 --- [Thread-19] detect_1   : 等待30秒,zipkin抓取中
2019-01-17 16:33:40.315  INFO 18737 --- [Thread-19] detect_1   : 参数初始化完毕
2019-01-17 16:33:40.316  INFO 18737 --- [Thread-19] detect_1   : 抽样正常调用链
2019-01-17 16:33:40.321  INFO 18737 --- [Thread-19] detect_1   : 参数：持续60秒，间隔为30秒，抽样数量为20条
2019-01-17 16:33:40.322  INFO 18737 --- [Thread-19] detect_1   : 采样中
2019-01-17 16:33:40.324  INFO 18737 --- [Thread-19] detect_1   : 等待30秒,zipkin抓取中
2019-01-17 16:34:10.326  INFO 18737 --- [Thread-19] detect_1   : 查询中
2019-01-17 16:34:10.434  INFO 18737 --- [Thread-19] detect_1   : 解析中
2019-01-17 16:34:10.439  INFO 18737 --- [Thread-19] detect_1   : 等待30秒,zipkin抓取中
2019-01-17 16:34:40.440  INFO 18737 --- [Thread-19] detect_1   : 查询中
2019-01-17 16:34:40.536  INFO 18737 --- [Thread-19] detect_1   : 解析中
2019-01-17 16:34:40.536  INFO 18737 --- [Thread-19] detect_1   : 共收集到0条不同trace
2019-01-17 16:34:40.537  INFO 18737 --- [Thread-19] detect_1   : 调用链抽样完毕
2019-01-17 16:34:40.538  INFO 18737 --- [Thread-19] detect_1   : 开始对每个trace探测
2019-01-17 16:34:40.551  INFO 18737 --- [Thread-19] detect_1   : 清理中
2019-01-17 16:39:37.706  INFO 18737 --- [Thread-19] detect_1   : 参数初始化完毕
2019-01-17 16:39:37.707  INFO 18737 --- [Thread-19] detect_1   : 抽样正常调用链
2019-01-17 16:39:37.708  INFO 18737 --- [Thread-19] detect_1   : 参数：持续60秒，间隔为30秒，抽样数量为20条
2019-01-17 16:39:37.710  INFO 18737 --- [Thread-19] detect_1   : 采样中
2019-01-17 16:39:37.714  INFO 18737 --- [Thread-19] detect_1   : 等待30秒,zipkin抓取中
2019-01-17 16:40:07.718  INFO 18737 --- [Thread-19] detect_1   : 查询中
2019-01-17 16:40:07.828  INFO 18737 --- [Thread-19] detect_1   : 解析中
2019-01-17 16:40:07.829  INFO 18737 --- [Thread-19] detect_1   : 等待30秒,zipkin抓取中
2019-01-17 16:40:37.830  INFO 18737 --- [Thread-19] detect_1   : 查询中
2019-01-17 16:40:37.938  INFO 18737 --- [Thread-19] detect_1   : 解析中
2019-01-17 16:40:37.938  INFO 18737 --- [Thread-19] detect_1   : 共收集到0条不同trace
2019-01-17 16:40:37.939  INFO 18737 --- [Thread-19] detect_1   : 调用链抽样完毕
2019-01-17 16:40:37.939  INFO 18737 --- [Thread-19] detect_1   : 开始对每个trace探测
2019-01-17 16:40:37.939  INFO 18737 --- [Thread-19] detect_1   : 清理中
2019-01-17 16:45:35.711  INFO 18737 --- [Thread-18] detect_1   : 参数初始化完毕
2019-01-17 16:45:35.712  INFO 18737 --- [Thread-18] detect_1   : 抽样正常调用链
2019-01-17 16:45:35.713  INFO 18737 --- [Thread-18] detect_1   : 参数：持续60秒，间隔为30秒，抽样数量为20条
2019-01-17 16:45:35.713  INFO 18737 --- [Thread-18] detect_1   : 采样中
2019-01-17 16:45:35.713  INFO 18737 --- [Thread-18] detect_1   : 等待30秒,zipkin抓取中
2019-01-17 16:46:05.714  INFO 18737 --- [Thread-18] detect_1   : 查询中
2019-01-17 16:46:05.817  INFO 18737 --- [Thread-18] detect_1   : 解析中
2019-01-17 16:46:05.818  INFO 18737 --- [Thread-18] detect_1   : 等待30秒,zipkin抓取中
2019-01-17 17:35:50.701  INFO 18737 --- [Thread-19] detect_1   : 参数初始化完毕
2019-01-17 17:35:50.709  INFO 18737 --- [Thread-19] detect_1   : 抽样正常调用链
2019-01-17 17:35:50.710  INFO 18737 --- [Thread-19] detect_1   : 参数：持续60秒，间隔为30秒，抽样数量为20条
2019-01-17 17:35:50.711  INFO 18737 --- [Thread-19] detect_1   : 采样中
2019-01-17 17:35:50.712  INFO 18737 --- [Thread-19] detect_1   : 等待30秒,zipkin抓取中
2019-01-17 17:36:20.713  INFO 18737 --- [Thread-19] detect_1   : 查询中
2019-01-17 17:36:20.740  INFO 18737 --- [Thread-19] detect_1   : 解析中
2019-01-17 17:36:20.745  INFO 18737 --- [Thread-19] detect_1   : 等待30秒,zipkin抓取中
2019-01-17 17:36:50.746  INFO 18737 --- [Thread-19] detect_1   : 查询中
2019-01-17 17:36:50.770  INFO 18737 --- [Thread-19] detect_1   : 解析中
2019-01-17 17:36:50.771  INFO 18737 --- [Thread-19] detect_1   : 共收集到5条不同trace
2019-01-17 17:36:50.772  INFO 18737 --- [Thread-19] detect_1   : 调用链抽样完毕
2019-01-17 17:36:50.772  INFO 18737 --- [Thread-19] detect_1   : 开始对每个trace探测
2019-01-17 17:36:50.798  INFO 18737 --- [Thread-19] detect_1   : 当前tracepool为{details,productpage,reviews3}
2019-01-17 17:36:50.799  INFO 18737 --- [Thread-19] detect_1   : 开始对当前的tracepool进行探测
2019-01-17 17:36:50.800  INFO 18737 --- [Thread-19] detect_1   : 约束求解
2019-01-17 17:36:50.902  INFO 18737 --- [Thread-19] detect_1   : 求解结果为:{details}{productpage}{reviews3}
2019-01-17 17:36:50.903  INFO 18737 --- [Thread-19] detect_1   : 开始过滤IPS
2019-01-17 17:36:50.904  INFO 18737 --- [Thread-19] detect_1   : 结束过滤IPS
2019-01-17 17:36:50.906  INFO 18737 --- [Thread-19] detect_1   : 待测故障注入点集合为{details}{productpage}{reviews3}
2019-01-17 17:36:50.906  INFO 18737 --- [Thread-19] detect_1   : 当前的接口集合为[http://localhost:30036/productpageForRetry]
2019-01-17 17:36:50.907  INFO 18737 --- [Thread-19] detect_1   : 开始对每个故障注入点探测
2019-01-17 17:36:50.908  INFO 18737 --- [Thread-19] detect_1   : 当前为第1次探测
2019-01-17 17:36:50.908  INFO 18737 --- [Thread-19] detect_1   : 开始对details的探测
2019-01-17 17:36:50.908  INFO 18737 --- [Thread-19] detect_1   : 注入500丢包
2019-01-17 17:36:54.220  INFO 18737 --- [Thread-19] detect_1   : 等待5秒
2019-01-17 17:36:59.220  INFO 18737 --- [Thread-19] detect_1   : 注入完毕
2019-01-17 17:36:59.221  INFO 18737 --- [Thread-19] detect_1   : 验证断言
2019-01-17 17:36:59.221  INFO 18737 --- [Thread-19] detect_1   : 验证返回结果和响应时间
2019-01-17 17:36:59.221  INFO 18737 --- [Thread-19] detect_1   : 等待10秒
2019-01-17 17:37:09.222  INFO 18737 --- [Thread-19] detect_1   : 采样调用链
2019-01-17 17:37:09.230  INFO 18737 --- [Thread-19] detect_1   : 逐个trace验证
2019-01-17 17:37:09.230  INFO 18737 --- [Thread-19] detect_1   : 等待10秒
2019-01-17 17:37:56.388  INFO 18737 --- [Thread-19] detect_1   : 参数初始化完毕
2019-01-17 17:37:56.389  INFO 18737 --- [Thread-19] detect_1   : 抽样正常调用链
2019-01-17 17:37:56.390  INFO 18737 --- [Thread-19] detect_1   : 参数：持续60秒，间隔为30秒，抽样数量为20条
2019-01-17 17:37:56.390  INFO 18737 --- [Thread-19] detect_1   : 采样中
2019-01-17 17:37:56.391  INFO 18737 --- [Thread-19] detect_1   : 等待30秒,zipkin抓取中
2019-01-17 17:38:26.391  INFO 18737 --- [Thread-19] detect_1   : 查询中
2019-01-17 17:38:26.424  INFO 18737 --- [Thread-19] detect_1   : 解析中
2019-01-17 17:38:26.428  INFO 18737 --- [Thread-19] detect_1   : 等待30秒,zipkin抓取中
2019-01-17 17:38:56.429  INFO 18737 --- [Thread-19] detect_1   : 查询中
2019-01-17 17:38:56.448  INFO 18737 --- [Thread-19] detect_1   : 解析中
2019-01-17 17:38:56.449  INFO 18737 --- [Thread-19] detect_1   : 共收集到4条不同trace
2019-01-17 17:38:56.452  INFO 18737 --- [Thread-19] detect_1   : 调用链抽样完毕
2019-01-17 17:38:56.453  INFO 18737 --- [Thread-19] detect_1   : 开始对每个trace探测
2019-01-17 17:38:56.460  INFO 18737 --- [Thread-19] detect_1   : 当前tracepool为{details,productpage,reviews4}
2019-01-17 17:38:56.461  INFO 18737 --- [Thread-19] detect_1   : 开始对当前的tracepool进行探测
2019-01-17 17:38:56.461  INFO 18737 --- [Thread-19] detect_1   : 约束求解
2019-01-17 17:38:56.494  INFO 18737 --- [Thread-19] detect_1   : 求解结果为:{details}{productpage}{reviews4}
2019-01-17 17:38:56.495  INFO 18737 --- [Thread-19] detect_1   : 开始过滤IPS
2019-01-17 17:38:56.495  INFO 18737 --- [Thread-19] detect_1   : 结束过滤IPS
2019-01-17 17:38:56.496  INFO 18737 --- [Thread-19] detect_1   : 待测故障注入点集合为{details}{productpage}{reviews4}
2019-01-17 17:38:56.496  INFO 18737 --- [Thread-19] detect_1   : 当前的接口集合为[http://localhost:30036/productpageForCircuitBreaker]
2019-01-17 17:38:56.496  INFO 18737 --- [Thread-19] detect_1   : 开始对每个故障注入点探测
2019-01-17 17:38:56.496  INFO 18737 --- [Thread-19] detect_1   : 当前为第1次探测
2019-01-17 17:38:56.497  INFO 18737 --- [Thread-19] detect_1   : 开始对details的探测
2019-01-17 17:38:56.497  INFO 18737 --- [Thread-19] detect_1   : 注入500丢包
2019-01-17 17:38:56.870  INFO 18737 --- [Thread-19] detect_1   : 等待5秒
2019-01-17 17:39:01.871  INFO 18737 --- [Thread-19] detect_1   : 注入完毕
2019-01-17 17:39:01.871  INFO 18737 --- [Thread-19] detect_1   : 验证断言
2019-01-17 17:39:01.872  INFO 18737 --- [Thread-19] detect_1   : 验证返回结果和响应时间
2019-01-17 17:39:01.872  INFO 18737 --- [Thread-19] detect_1   : 等待10秒
2019-01-17 17:39:11.873  INFO 18737 --- [Thread-19] detect_1   : 采样调用链
2019-01-17 17:39:11.891  INFO 18737 --- [Thread-19] detect_1   : 逐个trace验证
2019-01-17 17:39:11.892  INFO 18737 --- [Thread-19] detect_1   : 等待10秒
2019-01-17 17:41:07.420  INFO 18737 --- [Thread-21] detect_1   : 参数初始化完毕
2019-01-17 17:41:07.421  INFO 18737 --- [Thread-21] detect_1   : 抽样正常调用链
2019-01-17 17:41:07.421  INFO 18737 --- [Thread-21] detect_1   : 参数：持续60秒，间隔为30秒，抽样数量为20条
2019-01-17 17:41:07.422  INFO 18737 --- [Thread-21] detect_1   : 采样中
2019-01-17 17:41:07.422  INFO 18737 --- [Thread-21] detect_1   : 等待30秒,zipkin抓取中
2019-01-17 17:43:49.181  INFO 18737 --- [Thread-21] detect_1   : 参数初始化完毕
2019-01-17 17:43:49.182  INFO 18737 --- [Thread-21] detect_1   : 抽样正常调用链
2019-01-17 17:43:49.184  INFO 18737 --- [Thread-21] detect_1   : 参数：持续60秒，间隔为30秒，抽样数量为20条
2019-01-17 17:43:49.186  INFO 18737 --- [Thread-21] detect_1   : 采样中
2019-01-17 17:43:49.191  INFO 18737 --- [Thread-21] detect_1   : 等待30秒,zipkin抓取中
2019-01-17 17:44:19.192  INFO 18737 --- [Thread-21] detect_1   : 查询中
2019-01-17 17:44:19.220  INFO 18737 --- [Thread-21] detect_1   : 解析中
2019-01-17 17:44:19.224  INFO 18737 --- [Thread-21] detect_1   : 共收集到5条不同trace
2019-01-17 17:44:19.224  INFO 18737 --- [Thread-21] detect_1   : 调用链抽样完毕
2019-01-17 17:47:31.479  INFO 18737 --- [Thread-20] detect_1   : 参数初始化完毕
2019-01-17 17:47:31.481  INFO 18737 --- [Thread-20] detect_1   : 抽样正常调用链
2019-01-17 17:47:31.487  INFO 18737 --- [Thread-20] detect_1   : 参数：持续60秒，间隔为30秒，抽样数量为20条
2019-01-17 17:47:31.491  INFO 18737 --- [Thread-20] detect_1   : 采样中
2019-01-17 17:47:31.492  INFO 18737 --- [Thread-20] detect_1   : 等待30秒,zipkin抓取中
2019-01-17 17:48:01.493  INFO 18737 --- [Thread-20] detect_1   : 查询中
2019-01-17 17:48:01.520  INFO 18737 --- [Thread-20] detect_1   : 解析中
2019-01-17 17:48:01.524  INFO 18737 --- [Thread-20] detect_1   : 共收集到4条不同trace
2019-01-17 17:48:01.525  INFO 18737 --- [Thread-20] detect_1   : 调用链抽样完毕
2019-01-18 12:59:37.957  INFO 18737 --- [Thread-22] detect_1   : 参数初始化完毕
2019-01-18 12:59:37.966  INFO 18737 --- [Thread-22] detect_1   : 抽样正常调用链
2019-01-18 12:59:37.967  INFO 18737 --- [Thread-22] detect_1   : 参数：持续60秒，间隔为30秒，抽样数量为20条
2019-01-18 12:59:37.970  INFO 18737 --- [Thread-22] detect_1   : 采样中
2019-01-18 12:59:37.971  INFO 18737 --- [Thread-22] detect_1   : 等待30秒,zipkin抓取中
2019-01-18 13:00:07.972  INFO 18737 --- [Thread-22] detect_1   : 查询中
