2019-01-22 11:08:39.753  INFO 18737 --- [Thread-25] :08:39:746 : 参数初始化完毕
2019-01-22 11:08:39.755  INFO 18737 --- [Thread-25] :08:39:746 : 抽样正常调用链
2019-01-22 11:08:39.760  INFO 18737 --- [Thread-25] :08:39:746 : 参数：持续30秒，间隔为10秒，抽样数量为40条
2019-01-22 11:08:39.760  INFO 18737 --- [Thread-25] :08:39:746 : 采样中
2019-01-22 11:08:39.761  INFO 18737 --- [Thread-25] :08:39:746 : 等待10+5秒,zipkin抓取中
2019-01-22 11:08:54.764  INFO 18737 --- [Thread-25] :08:39:746 : 查询中
2019-01-22 11:08:54.845  INFO 18737 --- [Thread-25] :08:39:746 : 解析中
2019-01-22 11:08:54.849  INFO 18737 --- [Thread-25] :08:39:746 : 等待10+5秒,zipkin抓取中
2019-01-22 11:09:09.850  INFO 18737 --- [Thread-25] :08:39:746 : 查询中
2019-01-22 11:09:09.904  INFO 18737 --- [Thread-25] :08:39:746 : 解析中
2019-01-22 11:09:09.905  INFO 18737 --- [Thread-25] :08:39:746 : 共收集到2条不同trace
2019-01-22 11:09:09.905  INFO 18737 --- [Thread-25] :08:39:746 : 调用链抽样完毕
2019-01-22 11:09:09.906  INFO 18737 --- [Thread-25] :08:39:746 : 开始对每个trace探测
2019-01-22 11:09:09.913  INFO 18737 --- [Thread-25] :08:39:746 : 当前tracepool为{details,productpage,reviews4}
2019-01-22 11:09:09.914  INFO 18737 --- [Thread-25] :08:39:746 : 开始对当前的tracepool进行探测
2019-01-22 11:09:09.915  INFO 18737 --- [Thread-25] :08:39:746 : 约束求解
2019-01-22 11:09:09.940  INFO 18737 --- [Thread-25] :08:39:746 : 求解结果为:{details}{productpage}{reviews4}
2019-01-22 11:09:09.941  INFO 18737 --- [Thread-25] :08:39:746 : 开始过滤IPS
2019-01-22 11:09:09.941  INFO 18737 --- [Thread-25] :08:39:746 : {details}包含实效的故障注入点，被过滤
2019-01-22 11:09:09.941  INFO 18737 --- [Thread-25] :08:39:746 : {productpage}已经执行过，被过滤
2019-01-22 11:09:09.941  INFO 18737 --- [Thread-25] :08:39:746 : {reviews4}包含实效的故障注入点，被过滤
2019-01-22 11:09:09.941  INFO 18737 --- [Thread-25] :08:39:746 : 结束过滤IPS
2019-01-22 11:09:09.942  INFO 18737 --- [Thread-25] :08:39:746 : IPS为空，结束对于当前tracePool的探测
2019-01-22 11:09:09.942  INFO 18737 --- [Thread-25] :08:39:746 : 对当前tracepool探测结束
2019-01-22 11:09:09.942  INFO 18737 --- [Thread-25] :08:39:746 : 当前tracepool为{details,productpage,ratings,reviews2}
2019-01-22 11:09:09.942  INFO 18737 --- [Thread-25] :08:39:746 : 开始对当前的tracepool进行探测
2019-01-22 11:09:09.942  INFO 18737 --- [Thread-25] :08:39:746 : 约束求解
2019-01-22 11:09:09.943  INFO 18737 --- [Thread-25] :08:39:746 : 求解结果为:{details}{productpage}{ratings}{reviews2}
2019-01-22 11:09:09.944  INFO 18737 --- [Thread-25] :08:39:746 : 开始过滤IPS
2019-01-22 11:09:09.944  INFO 18737 --- [Thread-25] :08:39:746 : {details}包含实效的故障注入点，被过滤
2019-01-22 11:09:09.944  INFO 18737 --- [Thread-25] :08:39:746 : {productpage}已经执行过，被过滤
2019-01-22 11:09:09.944  INFO 18737 --- [Thread-25] :08:39:746 : 结束过滤IPS
2019-01-22 11:09:09.944  INFO 18737 --- [Thread-25] :08:39:746 : 待测故障注入点集合为{ratings}{reviews2}
2019-01-22 11:09:09.944  INFO 18737 --- [Thread-25] :08:39:746 : 当前的接口集合为[http://localhost:30036/productpageForExp]
2019-01-22 11:09:09.945  INFO 18737 --- [Thread-25] :08:39:746 : 开始对每个故障注入点探测
2019-01-22 11:09:09.945  INFO 18737 --- [Thread-25] :08:39:746 : 当前为第1次探测
2019-01-22 11:09:09.945  INFO 18737 --- [Thread-25] :08:39:746 : 开始对ratings的探测
2019-01-22 11:09:09.945  INFO 18737 --- [Thread-25] :08:39:746 : 注入500丢包
2019-01-22 11:09:10.347  INFO 18737 --- [Thread-25] :08:39:746 : 等待5秒
2019-01-22 11:09:15.347  INFO 18737 --- [Thread-25] :08:39:746 : 注入完毕
2019-01-22 11:09:15.349  INFO 18737 --- [Thread-25] :08:39:746 : 验证断言
2019-01-22 11:09:15.350  INFO 18737 --- [Thread-25] :08:39:746 : 验证返回结果和响应时间
2019-01-22 11:09:15.351  INFO 18737 --- [Thread-25] :08:39:746 : 等待10秒
2019-01-22 11:09:25.352  INFO 18737 --- [Thread-25] :08:39:746 : 采样调用链
2019-01-22 11:09:25.381  INFO 18737 --- [Thread-25] :08:39:746 : 逐个trace验证
2019-01-22 11:09:25.382  INFO 18737 --- [Thread-25] :08:39:746 : 验证用户自定义脚本
2019-01-22 11:09:27.478  INFO 18737 --- [Thread-25] :08:39:746 : 验证完毕
2019-01-22 11:09:27.478  INFO 18737 --- [Thread-25] :08:39:746 : 删除故障
2019-01-22 11:09:27.589  INFO 18737 --- [Thread-25] :08:39:746 : 等待5秒
2019-01-22 11:09:32.590  INFO 18737 --- [Thread-25] :08:39:746 : 开始模式分析
2019-01-22 11:09:32.591  INFO 18737 --- [Thread-25] :08:39:746 : 开始超时模式分析
2019-01-22 11:09:32.591  INFO 18737 --- [Thread-25] :08:39:746 : 注入20秒超时
2019-01-22 11:09:33.016  INFO 18737 --- [Thread-25] :08:39:746 : 等待5秒
2019-01-22 11:09:38.017  INFO 18737 --- [Thread-25] :08:39:746 : 参数：持续20秒，间隔为10秒，抽样数量为20条
2019-01-22 11:09:38.018  INFO 18737 --- [Thread-25] :08:39:746 : 等待10秒
2019-01-22 11:09:48.019  INFO 18737 --- [Thread-25] :08:39:746 : 抽样
2019-01-22 11:09:48.147  INFO 18737 --- [Thread-25] :08:39:746 : 统计并计算结果
2019-01-22 11:09:48.147  INFO 18737 --- [Thread-25] :08:39:746 : 等待10秒
