2019-01-22 14:22:30.840  INFO 18737 --- [Thread-26] :22:30:839 : 参数初始化完毕
2019-01-22 14:22:30.841  INFO 18737 --- [Thread-26] :22:30:839 : 抽样正常调用链
2019-01-22 14:22:30.844  INFO 18737 --- [Thread-26] :22:30:839 : 参数：持续30秒，间隔为10秒，抽样数量为40条
2019-01-22 14:22:30.844  INFO 18737 --- [Thread-26] :22:30:839 : 采样中
2019-01-22 14:22:30.844  INFO 18737 --- [Thread-26] :22:30:839 : 等待10+5秒,zipkin抓取中
2019-01-22 14:22:45.844  INFO 18737 --- [Thread-26] :22:30:839 : 查询中
2019-01-22 14:22:45.903  INFO 18737 --- [Thread-26] :22:30:839 : 解析中
2019-01-22 14:22:45.903  INFO 18737 --- [Thread-26] :22:30:839 : 等待10+5秒,zipkin抓取中
2019-01-22 14:23:00.903  INFO 18737 --- [Thread-26] :22:30:839 : 查询中
2019-01-22 14:23:00.966  INFO 18737 --- [Thread-26] :22:30:839 : 解析中
2019-01-22 14:23:00.967  INFO 18737 --- [Thread-26] :22:30:839 : 共收集到2条不同trace
2019-01-22 14:23:00.967  INFO 18737 --- [Thread-26] :22:30:839 : 调用链抽样完毕
2019-01-22 14:23:00.967  INFO 18737 --- [Thread-26] :22:30:839 : 开始对每个trace探测
2019-01-22 14:23:00.971  INFO 18737 --- [Thread-26] :22:30:839 : 当前tracepool为{details,productpage,reviews4}
2019-01-22 14:23:00.971  INFO 18737 --- [Thread-26] :22:30:839 : 开始对当前的tracepool进行探测
2019-01-22 14:23:00.972  INFO 18737 --- [Thread-26] :22:30:839 : 约束求解
2019-01-22 14:23:00.978  INFO 18737 --- [Thread-26] :22:30:839 : 求解结果为:{details}{productpage}{reviews4}
2019-01-22 14:23:00.978  INFO 18737 --- [Thread-26] :22:30:839 : 开始过滤IPS
2019-01-22 14:23:00.978  INFO 18737 --- [Thread-26] :22:30:839 : 结束过滤IPS
2019-01-22 14:23:00.978  INFO 18737 --- [Thread-26] :22:30:839 : 待测故障注入点集合为{details}{productpage}{reviews4}
2019-01-22 14:23:00.978  INFO 18737 --- [Thread-26] :22:30:839 : 当前的接口集合为[http://localhost:30036/productpageForCircuitBreaker]
2019-01-22 14:23:00.979  INFO 18737 --- [Thread-26] :22:30:839 : 开始对每个故障注入点探测
2019-01-22 14:23:00.979  INFO 18737 --- [Thread-26] :22:30:839 : 当前为第1次探测
2019-01-22 14:23:00.979  INFO 18737 --- [Thread-26] :22:30:839 : 开始对details的探测
2019-01-22 14:23:00.979  INFO 18737 --- [Thread-26] :22:30:839 : 注入500丢包
2019-01-22 14:23:01.395  INFO 18737 --- [Thread-26] :22:30:839 : 等待5秒
2019-01-22 14:23:06.396  INFO 18737 --- [Thread-26] :22:30:839 : 注入完毕
2019-01-22 14:23:06.396  INFO 18737 --- [Thread-26] :22:30:839 : 验证断言
2019-01-22 14:23:06.397  INFO 18737 --- [Thread-26] :22:30:839 : 验证返回结果和响应时间
2019-01-22 14:23:06.397  INFO 18737 --- [Thread-26] :22:30:839 : 等待10秒
2019-01-22 14:23:16.397  INFO 18737 --- [Thread-26] :22:30:839 : 采样调用链
2019-01-22 14:23:16.419  INFO 18737 --- [Thread-26] :22:30:839 : 逐个trace验证
2019-01-22 14:23:16.420  INFO 18737 --- [Thread-26] :22:30:839 : 验证用户自定义脚本
2019-01-22 14:23:18.015  INFO 18737 --- [Thread-26] :22:30:839 : 验证完毕
2019-01-22 14:23:18.015  INFO 18737 --- [Thread-26] :22:30:839 : 删除故障
2019-01-22 14:23:18.110  INFO 18737 --- [Thread-26] :22:30:839 : 等待5秒
2019-01-22 14:23:23.110  INFO 18737 --- [Thread-26] :22:30:839 : 开始模式分析
2019-01-22 14:23:23.111  INFO 18737 --- [Thread-26] :22:30:839 : 开始超时模式分析
2019-01-22 14:23:23.111  INFO 18737 --- [Thread-26] :22:30:839 : 注入20秒超时
2019-01-22 14:23:23.501  INFO 18737 --- [Thread-26] :22:30:839 : 等待5秒
2019-01-22 14:23:28.501  INFO 18737 --- [Thread-26] :22:30:839 : 参数：持续40秒，间隔为20秒，抽样数量为40条
2019-01-22 14:23:28.501  INFO 18737 --- [Thread-26] :22:30:839 : 等待20秒
2019-01-22 14:23:48.502  INFO 18737 --- [Thread-26] :22:30:839 : 抽样
2019-01-22 14:23:48.579  INFO 18737 --- [Thread-26] :22:30:839 : 统计并计算结果
2019-01-22 14:23:48.580  INFO 18737 --- [Thread-26] :22:30:839 : 等待20秒
2019-01-22 14:24:08.580  INFO 18737 --- [Thread-26] :22:30:839 : 抽样
2019-01-22 14:24:08.641  INFO 18737 --- [Thread-26] :22:30:839 : 统计并计算结果
2019-01-22 14:24:08.760  INFO 18737 --- [Thread-26] :22:30:839 : 等待5秒
2019-01-22 14:24:13.760  INFO 18737 --- [Thread-26] :22:30:839 : 超时模式分析结束
2019-01-22 14:24:13.760  INFO 18737 --- [Thread-26] :22:30:839 : 开始重试模式分析
2019-01-22 14:24:13.761  INFO 18737 --- [Thread-26] :22:30:839 : 抽样正常请求
2019-01-22 14:24:13.761  INFO 18737 --- [Thread-26] :22:30:839 : 等待10秒
2019-01-22 14:24:23.761  INFO 18737 --- [Thread-26] :22:30:839 : 抽样中
2019-01-22 14:24:23.795  INFO 18737 --- [Thread-26] :22:30:839 : 抽取正常请求数量
2019-01-22 14:24:23.795  INFO 18737 --- [Thread-26] :22:30:839 : 注入丢包
2019-01-22 14:24:26.706  INFO 18737 --- [Thread-26] :22:30:839 : 等待5秒
2019-01-22 14:24:31.707  INFO 18737 --- [Thread-26] :22:30:839 : 注入完毕
2019-01-22 14:24:31.708  INFO 18737 --- [Thread-26] :22:30:839 : 开始探测，参数为：持续20秒，间隔为10秒，抽样数量为20条
2019-01-22 14:24:31.709  INFO 18737 --- [Thread-26] :22:30:839 : 等待10秒
2019-01-22 14:24:41.709  INFO 18737 --- [Thread-26] :22:30:839 : 抽样故障调用链中
2019-01-22 14:24:41.747  INFO 18737 --- [Thread-26] :22:30:839 : 分析中
2019-01-22 14:24:41.747  INFO 18737 --- [Thread-26] :22:30:839 : 删除故障
2019-01-22 14:24:41.842  INFO 18737 --- [Thread-26] :22:30:839 : 等待5秒
2019-01-22 14:24:46.842  INFO 18737 --- [Thread-26] :22:30:839 : 故障删除完毕
2019-01-22 14:24:46.843  INFO 18737 --- [Thread-26] :22:30:839 : 重试模式分析结束
2019-01-22 14:24:46.843  INFO 18737 --- [Thread-26] :22:30:839 : 开始船舱模式分析
2019-01-22 14:24:46.843  INFO 18737 --- [Thread-26] :22:30:839 : 查询兄弟节点
2019-01-22 14:24:46.843  INFO 18737 --- [Thread-26] :22:30:839 : 等待30秒
2019-01-22 14:25:16.843  INFO 18737 --- [Thread-26] :22:30:839 : 查询图
2019-01-22 14:25:16.852  INFO 18737 --- [Thread-26] :22:30:839 : 兄弟节点共2个
2019-01-22 14:25:16.852  INFO 18737 --- [Thread-26] :22:30:839 : 探测父节点到兄弟节点的正常吞吐量
2019-01-22 14:25:16.852  INFO 18737 --- [Thread-26] :22:30:839 : 开始探测，参数为：持续40秒，间隔为20秒，窗口为10秒
2019-01-22 14:25:16.853  INFO 18737 --- [Thread-26] :22:30:839 : 等待20秒
2019-01-22 14:25:36.853  INFO 18737 --- [Thread-26] :22:30:839 : 查询吞吐量
2019-01-22 14:25:36.855  INFO 18737 --- [Thread-26] :22:30:839 : 获取吞吐量
2019-01-22 14:25:36.856  INFO 18737 --- [Thread-26] :22:30:839 : 等待20秒
2019-01-22 14:25:56.857  INFO 18737 --- [Thread-26] :22:30:839 : 查询吞吐量
2019-01-22 14:25:56.860  INFO 18737 --- [Thread-26] :22:30:839 : 获取吞吐量
2019-01-22 14:25:56.860  INFO 18737 --- [Thread-26] :22:30:839 : 正常吞吐量探测完毕
2019-01-22 14:25:56.861  INFO 18737 --- [Thread-26] :22:30:839 : 注入20秒延迟
2019-01-22 14:25:57.246  INFO 18737 --- [Thread-26] :22:30:839 : 等待5秒
2019-01-22 14:26:02.247  INFO 18737 --- [Thread-26] :22:30:839 : 探测父节点到兄弟节点的异常吞吐量
2019-01-22 14:26:02.248  INFO 18737 --- [Thread-26] :22:30:839 : 开始探测，参数为：持续40秒，间隔为20秒，窗口为10秒
2019-01-22 14:26:02.248  INFO 18737 --- [Thread-26] :22:30:839 : 等待20秒
2019-01-22 14:26:22.249  INFO 18737 --- [Thread-26] :22:30:839 : 查询吞吐量
2019-01-22 14:26:22.252  INFO 18737 --- [Thread-26] :22:30:839 : 获取吞吐量
2019-01-22 14:26:22.253  INFO 18737 --- [Thread-26] :22:30:839 : 等待20秒
2019-01-22 14:26:42.253  INFO 18737 --- [Thread-26] :22:30:839 : 查询吞吐量
2019-01-22 14:26:42.256  INFO 18737 --- [Thread-26] :22:30:839 : 获取吞吐量
2019-01-22 14:26:42.257  INFO 18737 --- [Thread-26] :22:30:839 : 异常吞吐量探测完毕
2019-01-22 14:26:42.257  INFO 18737 --- [Thread-26] :22:30:839 : 分析结果
2019-01-22 14:26:42.258  INFO 18737 --- [Thread-26] :22:30:839 : 探测到船舱模式缺失
2019-01-22 14:26:42.258  INFO 18737 --- [Thread-26] :22:30:839 : 探测到船舱模式缺失
2019-01-22 14:26:42.259  INFO 18737 --- [Thread-26] :22:30:839 : 删除故障
2019-01-22 14:26:42.395  INFO 18737 --- [Thread-26] :22:30:839 : 等待5秒
2019-01-22 14:26:47.395  INFO 18737 --- [Thread-26] :22:30:839 : 船舱模式分析结束
2019-01-22 14:26:47.396  INFO 18737 --- [Thread-26] :22:30:839 : 开始熔断模式分析
2019-01-22 14:26:47.396  INFO 18737 --- [Thread-26] :22:30:839 : 对正常情况下链采样
2019-01-22 14:26:47.396  INFO 18737 --- [Thread-26] :22:30:839 : 等待10秒
2019-01-22 14:26:57.396  INFO 18737 --- [Thread-26] :22:30:839 : 采样
2019-01-22 14:26:57.420  INFO 18737 --- [Thread-26] :22:30:839 : 获取正常链完毕
2019-01-22 14:26:57.421  INFO 18737 --- [Thread-26] :22:30:839 : 解析正常链中所有的边
2019-01-22 14:26:57.421  INFO 18737 --- [Thread-26] :22:30:839 : 注入故障
2019-01-22 14:26:57.799  INFO 18737 --- [Thread-26] :22:30:839 : 等待5秒
2019-01-22 14:27:02.800  INFO 18737 --- [Thread-26] :22:30:839 : 开始探测熔断位置
2019-01-22 14:27:02.800  INFO 18737 --- [Thread-26] :22:30:839 : 参数：持续60秒，间隔为10秒，抽样数量为40条
2019-01-22 14:27:02.863  INFO 18737 --- [Thread-26] :22:30:839 : 等待10秒
2019-01-22 14:27:12.863  INFO 18737 --- [Thread-26] :22:30:839 : 分析熔断位置
2019-01-22 14:27:12.864  INFO 18737 --- [Thread-26] :22:30:839 : 探测到熔断位置：productpage -> reviews4
2019-01-22 14:27:12.864  INFO 18737 --- [Thread-26] :22:30:839 : 探测到熔断位置：productpage -> details
2019-01-22 14:27:12.914  INFO 18737 --- [Thread-26] :22:30:839 : 等待10秒
2019-01-22 14:27:22.915  INFO 18737 --- [Thread-26] :22:30:839 : 分析熔断位置
2019-01-22 14:27:22.980  INFO 18737 --- [Thread-26] :22:30:839 : 等待10秒
2019-01-22 14:27:32.980  INFO 18737 --- [Thread-26] :22:30:839 : 分析熔断位置
2019-01-22 14:27:33.039  INFO 18737 --- [Thread-26] :22:30:839 : 等待10秒
2019-01-22 14:27:43.039  INFO 18737 --- [Thread-26] :22:30:839 : 分析熔断位置
2019-01-22 14:27:43.110  INFO 18737 --- [Thread-26] :22:30:839 : 等待10秒
2019-01-22 14:27:53.110  INFO 18737 --- [Thread-26] :22:30:839 : 分析熔断位置
2019-01-22 14:27:53.172  INFO 18737 --- [Thread-26] :22:30:839 : 等待10秒
2019-01-22 14:28:03.172  INFO 18737 --- [Thread-26] :22:30:839 : 分析熔断位置
2019-01-22 14:28:03.173  INFO 18737 --- [Thread-26] :22:30:839 : 开始监控熔断位置的吞吐量
2019-01-22 14:28:03.174  INFO 18737 --- [Thread-26] :22:30:839 : 参数：持续40秒，间隔为20秒，窗口大小为10秒
2019-01-22 14:28:13.174  INFO 18737 --- [Thread-26] :22:30:839 : 查询吞吐量数据
2019-01-22 14:28:13.178  INFO 18737 --- [Thread-26] :22:30:839 : 解析吞吐量数据
2019-01-22 14:28:23.178  INFO 18737 --- [Thread-26] :22:30:839 : 查询吞吐量数据
2019-01-22 14:28:23.182  INFO 18737 --- [Thread-26] :22:30:839 : 解析吞吐量数据
2019-01-22 14:28:33.184  INFO 18737 --- [Thread-26] :22:30:839 : 查询吞吐量数据
2019-01-22 14:28:33.188  INFO 18737 --- [Thread-26] :22:30:839 : 解析吞吐量数据
2019-01-22 14:28:43.189  INFO 18737 --- [Thread-26] :22:30:839 : 查询吞吐量数据
2019-01-22 14:28:43.192  INFO 18737 --- [Thread-26] :22:30:839 : 解析吞吐量数据
2019-01-22 14:28:43.192  INFO 18737 --- [Thread-26] :22:30:839 : 生成测试结果
2019-01-22 14:28:43.193  INFO 18737 --- [Thread-26] :22:30:839 : 删除故障
2019-01-22 14:28:43.337  INFO 18737 --- [Thread-26] :22:30:839 : 等待5秒
2019-01-22 14:28:48.338  INFO 18737 --- [Thread-26] :22:30:839 : 熔断模式分析结束
2019-01-22 14:28:48.338  INFO 18737 --- [Thread-26] :22:30:839 : 模式分析结束
2019-01-22 14:28:48.338  INFO 18737 --- [Thread-26] :22:30:839 : 当前为第2次探测
2019-01-22 14:28:48.338  INFO 18737 --- [Thread-26] :22:30:839 : 开始对productpage的探测
2019-01-22 14:28:48.338  INFO 18737 --- [Thread-26] :22:30:839 : 注入500丢包
2019-01-22 14:28:48.741  INFO 18737 --- [Thread-26] :22:30:839 : 等待5秒
2019-01-22 14:28:53.742  INFO 18737 --- [Thread-26] :22:30:839 : 注入完毕
2019-01-22 14:28:53.742  INFO 18737 --- [Thread-26] :22:30:839 : 验证断言
2019-01-22 14:28:53.742  INFO 18737 --- [Thread-26] :22:30:839 : 验证返回结果和响应时间
2019-01-22 14:28:53.742  INFO 18737 --- [Thread-26] :22:30:839 : 等待10秒
2019-01-22 14:29:03.742  INFO 18737 --- [Thread-26] :22:30:839 : 采样调用链
2019-01-22 14:29:03.760  INFO 18737 --- [Thread-26] :22:30:839 : 逐个trace验证
2019-01-22 14:29:03.760  INFO 18737 --- [Thread-26] :22:30:839 : 验证用户自定义脚本
2019-01-22 14:29:05.733  INFO 18737 --- [Thread-26] :22:30:839 : 验证完毕
2019-01-22 14:29:05.733  INFO 18737 --- [Thread-26] :22:30:839 : 无异常，开始更新调用链
2019-01-22 14:29:05.733  INFO 18737 --- [Thread-26] :22:30:839 : 参数：持续30秒，间隔为10秒，抽样数量为40条
2019-01-22 14:29:05.734  INFO 18737 --- [Thread-26] :22:30:839 : 等待10秒
2019-01-22 14:29:15.734  INFO 18737 --- [Thread-26] :22:30:839 : 抽样调用链
2019-01-22 14:29:15.781  INFO 18737 --- [Thread-26] :22:30:839 : 分析
2019-01-22 14:29:15.781  INFO 18737 --- [Thread-26] :22:30:839 : 加入新的trace{details,reviews4}
2019-01-22 14:29:15.782  INFO 18737 --- [Thread-26] :22:30:839 : 等待10秒
2019-01-22 14:29:25.782  INFO 18737 --- [Thread-26] :22:30:839 : 抽样调用链
2019-01-22 14:29:25.851  INFO 18737 --- [Thread-26] :22:30:839 : 分析
2019-01-22 14:29:25.852  INFO 18737 --- [Thread-26] :22:30:839 : 等待10秒
2019-01-22 14:29:35.852  INFO 18737 --- [Thread-26] :22:30:839 : 抽样调用链
2019-01-22 14:29:35.908  INFO 18737 --- [Thread-26] :22:30:839 : 分析
2019-01-22 14:29:35.908  INFO 18737 --- [Thread-26] :22:30:839 : 更新完毕，删除故障
2019-01-22 14:29:36.009  INFO 18737 --- [Thread-26] :22:30:839 : 等待5秒
2019-01-22 14:29:41.009  INFO 18737 --- [Thread-26] :22:30:839 : 删除故障完毕
2019-01-22 14:29:41.009  INFO 18737 --- [Thread-26] :22:30:839 : 当前为第3次探测
2019-01-22 14:29:41.009  INFO 18737 --- [Thread-26] :22:30:839 : 开始对reviews4的探测
2019-01-22 14:29:41.010  INFO 18737 --- [Thread-26] :22:30:839 : 注入500丢包
2019-01-22 14:29:41.402  INFO 18737 --- [Thread-26] :22:30:839 : 等待5秒
2019-01-22 14:29:46.403  INFO 18737 --- [Thread-26] :22:30:839 : 注入完毕
2019-01-22 14:29:46.403  INFO 18737 --- [Thread-26] :22:30:839 : 验证断言
2019-01-22 14:29:46.403  INFO 18737 --- [Thread-26] :22:30:839 : 验证返回结果和响应时间
2019-01-22 14:29:46.404  INFO 18737 --- [Thread-26] :22:30:839 : 等待10秒
2019-01-22 14:29:56.404  INFO 18737 --- [Thread-26] :22:30:839 : 采样调用链
2019-01-22 14:29:56.423  INFO 18737 --- [Thread-26] :22:30:839 : 逐个trace验证
2019-01-22 14:29:56.424  INFO 18737 --- [Thread-26] :22:30:839 : 验证用户自定义脚本
2019-01-22 14:29:58.239  INFO 18737 --- [Thread-26] :22:30:839 : 验证完毕
2019-01-22 14:29:58.239  INFO 18737 --- [Thread-26] :22:30:839 : 删除故障
2019-01-22 14:29:58.347  INFO 18737 --- [Thread-26] :22:30:839 : 等待5秒
2019-01-22 14:30:03.347  INFO 18737 --- [Thread-26] :22:30:839 : 开始模式分析
2019-01-22 14:30:03.348  INFO 18737 --- [Thread-26] :22:30:839 : 开始超时模式分析
2019-01-22 14:30:03.348  INFO 18737 --- [Thread-26] :22:30:839 : 注入20秒超时
2019-01-22 14:30:03.835  INFO 18737 --- [Thread-26] :22:30:839 : 等待5秒
2019-01-22 14:30:08.835  INFO 18737 --- [Thread-26] :22:30:839 : 参数：持续40秒，间隔为20秒，抽样数量为40条
2019-01-22 14:30:08.835  INFO 18737 --- [Thread-26] :22:30:839 : 等待20秒
2019-01-22 14:30:28.836  INFO 18737 --- [Thread-26] :22:30:839 : 抽样
2019-01-22 14:30:28.944  INFO 18737 --- [Thread-26] :22:30:839 : 统计并计算结果
2019-01-22 14:30:28.944  INFO 18737 --- [Thread-26] :22:30:839 : 等待20秒
2019-01-22 14:30:48.945  INFO 18737 --- [Thread-26] :22:30:839 : 抽样
2019-01-22 14:30:49.063  INFO 18737 --- [Thread-26] :22:30:839 : 统计并计算结果
2019-01-22 14:30:49.174  INFO 18737 --- [Thread-26] :22:30:839 : 等待5秒
2019-01-22 14:30:54.175  INFO 18737 --- [Thread-26] :22:30:839 : 超时模式分析结束
2019-01-22 14:30:54.175  INFO 18737 --- [Thread-26] :22:30:839 : 开始重试模式分析
2019-01-22 14:30:54.175  INFO 18737 --- [Thread-26] :22:30:839 : 抽样正常请求
2019-01-22 14:30:54.175  INFO 18737 --- [Thread-26] :22:30:839 : 等待10秒
2019-01-22 14:31:04.175  INFO 18737 --- [Thread-26] :22:30:839 : 抽样中
2019-01-22 14:31:04.213  INFO 18737 --- [Thread-26] :22:30:839 : 抽取正常请求数量
2019-01-22 14:31:04.214  INFO 18737 --- [Thread-26] :22:30:839 : 注入丢包
2019-01-22 14:31:04.581  INFO 18737 --- [Thread-26] :22:30:839 : 等待5秒
2019-01-22 14:31:09.582  INFO 18737 --- [Thread-26] :22:30:839 : 注入完毕
2019-01-22 14:31:09.582  INFO 18737 --- [Thread-26] :22:30:839 : 开始探测，参数为：持续20秒，间隔为10秒，抽样数量为20条
2019-01-22 14:31:09.583  INFO 18737 --- [Thread-26] :22:30:839 : 等待10秒
2019-01-22 14:31:19.583  INFO 18737 --- [Thread-26] :22:30:839 : 抽样故障调用链中
2019-01-22 14:31:19.695  INFO 18737 --- [Thread-26] :22:30:839 : 分析中
2019-01-22 14:31:19.695  INFO 18737 --- [Thread-26] :22:30:839 : 删除故障
2019-01-22 14:31:19.795  INFO 18737 --- [Thread-26] :22:30:839 : 等待5秒
2019-01-22 14:31:24.795  INFO 18737 --- [Thread-26] :22:30:839 : 故障删除完毕
2019-01-22 14:31:24.795  INFO 18737 --- [Thread-26] :22:30:839 : 重试模式分析结束
2019-01-22 14:31:24.795  INFO 18737 --- [Thread-26] :22:30:839 : 开始船舱模式分析
2019-01-22 14:31:24.795  INFO 18737 --- [Thread-26] :22:30:839 : 查询兄弟节点
2019-01-22 14:31:24.796  INFO 18737 --- [Thread-26] :22:30:839 : 等待30秒
2019-01-22 14:31:54.796  INFO 18737 --- [Thread-26] :22:30:839 : 查询图
2019-01-22 14:31:54.805  INFO 18737 --- [Thread-26] :22:30:839 : 兄弟节点共2个
2019-01-22 14:31:54.805  INFO 18737 --- [Thread-26] :22:30:839 : 探测父节点到兄弟节点的正常吞吐量
2019-01-22 14:31:54.805  INFO 18737 --- [Thread-26] :22:30:839 : 开始探测，参数为：持续40秒，间隔为20秒，窗口为10秒
2019-01-22 14:31:54.805  INFO 18737 --- [Thread-26] :22:30:839 : 等待20秒
2019-01-22 14:32:14.805  INFO 18737 --- [Thread-26] :22:30:839 : 查询吞吐量
2019-01-22 14:32:14.808  INFO 18737 --- [Thread-26] :22:30:839 : 获取吞吐量
2019-01-22 14:32:14.809  INFO 18737 --- [Thread-26] :22:30:839 : 等待20秒
2019-01-22 14:32:34.809  INFO 18737 --- [Thread-26] :22:30:839 : 查询吞吐量
2019-01-22 14:32:34.811  INFO 18737 --- [Thread-26] :22:30:839 : 获取吞吐量
2019-01-22 14:32:34.812  INFO 18737 --- [Thread-26] :22:30:839 : 正常吞吐量探测完毕
2019-01-22 14:32:34.812  INFO 18737 --- [Thread-26] :22:30:839 : 注入20秒延迟
2019-01-22 14:32:35.257  INFO 18737 --- [Thread-26] :22:30:839 : 等待5秒
2019-01-22 14:32:40.257  INFO 18737 --- [Thread-26] :22:30:839 : 探测父节点到兄弟节点的异常吞吐量
2019-01-22 14:32:40.258  INFO 18737 --- [Thread-26] :22:30:839 : 开始探测，参数为：持续40秒，间隔为20秒，窗口为10秒
2019-01-22 14:32:40.258  INFO 18737 --- [Thread-26] :22:30:839 : 等待20秒
2019-01-22 14:33:00.259  INFO 18737 --- [Thread-26] :22:30:839 : 查询吞吐量
2019-01-22 14:33:00.262  INFO 18737 --- [Thread-26] :22:30:839 : 获取吞吐量
2019-01-22 14:33:00.262  INFO 18737 --- [Thread-26] :22:30:839 : 等待20秒
2019-01-22 14:33:20.262  INFO 18737 --- [Thread-26] :22:30:839 : 查询吞吐量
2019-01-22 14:33:20.265  INFO 18737 --- [Thread-26] :22:30:839 : 获取吞吐量
2019-01-22 14:33:20.266  INFO 18737 --- [Thread-26] :22:30:839 : 异常吞吐量探测完毕
2019-01-22 14:33:20.266  INFO 18737 --- [Thread-26] :22:30:839 : 分析结果
2019-01-22 14:33:20.266  INFO 18737 --- [Thread-26] :22:30:839 : 删除故障
2019-01-22 14:33:20.381  INFO 18737 --- [Thread-26] :22:30:839 : 等待5秒
2019-01-22 14:33:25.381  INFO 18737 --- [Thread-26] :22:30:839 : 船舱模式分析结束
2019-01-22 14:33:25.382  INFO 18737 --- [Thread-26] :22:30:839 : 开始熔断模式分析
2019-01-22 14:33:25.382  INFO 18737 --- [Thread-26] :22:30:839 : 对正常情况下链采样
2019-01-22 14:33:25.382  INFO 18737 --- [Thread-26] :22:30:839 : 等待10秒
2019-01-22 14:33:35.383  INFO 18737 --- [Thread-26] :22:30:839 : 采样
2019-01-22 14:33:35.406  INFO 18737 --- [Thread-26] :22:30:839 : 获取正常链完毕
2019-01-22 14:33:35.406  INFO 18737 --- [Thread-26] :22:30:839 : 解析正常链中所有的边
2019-01-22 14:33:35.406  INFO 18737 --- [Thread-26] :22:30:839 : 注入故障
2019-01-22 14:33:35.792  INFO 18737 --- [Thread-26] :22:30:839 : 等待5秒
2019-01-22 14:33:40.792  INFO 18737 --- [Thread-26] :22:30:839 : 开始探测熔断位置
2019-01-22 14:33:40.792  INFO 18737 --- [Thread-26] :22:30:839 : 参数：持续60秒，间隔为10秒，抽样数量为40条
2019-01-22 14:33:40.857  INFO 18737 --- [Thread-26] :22:30:839 : 等待10秒
2019-01-22 14:33:50.857  INFO 18737 --- [Thread-26] :22:30:839 : 分析熔断位置
2019-01-22 14:33:50.906  INFO 18737 --- [Thread-26] :22:30:839 : 等待10秒
2019-01-22 14:34:00.906  INFO 18737 --- [Thread-26] :22:30:839 : 分析熔断位置
2019-01-22 14:34:00.907  INFO 18737 --- [Thread-26] :22:30:839 : 探测到熔断位置：productpage -> reviews4
2019-01-22 14:34:00.965  INFO 18737 --- [Thread-26] :22:30:839 : 等待10秒
2019-01-22 14:34:10.965  INFO 18737 --- [Thread-26] :22:30:839 : 分析熔断位置
2019-01-22 14:34:11.026  INFO 18737 --- [Thread-26] :22:30:839 : 等待10秒
2019-01-22 14:34:21.026  INFO 18737 --- [Thread-26] :22:30:839 : 分析熔断位置
2019-01-22 14:34:21.096  INFO 18737 --- [Thread-26] :22:30:839 : 等待10秒
2019-01-22 14:34:31.096  INFO 18737 --- [Thread-26] :22:30:839 : 分析熔断位置
2019-01-22 14:34:31.158  INFO 18737 --- [Thread-26] :22:30:839 : 等待10秒
2019-01-22 14:34:41.158  INFO 18737 --- [Thread-26] :22:30:839 : 分析熔断位置
2019-01-22 14:34:41.159  INFO 18737 --- [Thread-26] :22:30:839 : 开始监控熔断位置的吞吐量
2019-01-22 14:34:41.160  INFO 18737 --- [Thread-26] :22:30:839 : 参数：持续40秒，间隔为20秒，窗口大小为10秒
2019-01-22 14:34:51.160  INFO 18737 --- [Thread-26] :22:30:839 : 查询吞吐量数据
2019-01-22 14:34:51.164  INFO 18737 --- [Thread-26] :22:30:839 : 解析吞吐量数据
2019-01-22 14:35:01.165  INFO 18737 --- [Thread-26] :22:30:839 : 查询吞吐量数据
2019-01-22 14:35:01.169  INFO 18737 --- [Thread-26] :22:30:839 : 解析吞吐量数据
2019-01-22 14:35:11.169  INFO 18737 --- [Thread-26] :22:30:839 : 查询吞吐量数据
2019-01-22 14:35:11.173  INFO 18737 --- [Thread-26] :22:30:839 : 解析吞吐量数据
2019-01-22 14:35:21.175  INFO 18737 --- [Thread-26] :22:30:839 : 查询吞吐量数据
2019-01-22 14:35:21.183  INFO 18737 --- [Thread-26] :22:30:839 : 解析吞吐量数据
2019-01-22 14:35:21.183  INFO 18737 --- [Thread-26] :22:30:839 : 生成测试结果
2019-01-22 14:35:21.184  INFO 18737 --- [Thread-26] :22:30:839 : 删除故障
2019-01-22 14:35:23.997  INFO 18737 --- [Thread-26] :22:30:839 : 等待5秒
2019-01-22 14:35:28.998  INFO 18737 --- [Thread-26] :22:30:839 : 熔断模式分析结束
2019-01-22 14:35:28.998  INFO 18737 --- [Thread-26] :22:30:839 : 模式分析结束
2019-01-22 14:35:28.998  INFO 18737 --- [Thread-26] :22:30:839 : 对当前IPS探测结束
2019-01-22 14:35:28.998  INFO 18737 --- [Thread-26] :22:30:839 : 约束求解
2019-01-22 14:35:29.001  INFO 18737 --- [Thread-26] :22:30:839 : 求解结果为:{details}{reviews4}
2019-01-22 14:35:29.001  INFO 18737 --- [Thread-26] :22:30:839 : 开始过滤IPS
2019-01-22 14:35:29.001  INFO 18737 --- [Thread-26] :22:30:839 : {details}已经执行过，被过滤
2019-01-22 14:35:29.001  INFO 18737 --- [Thread-26] :22:30:839 : {reviews4}已经执行过，被过滤
2019-01-22 14:35:29.001  INFO 18737 --- [Thread-26] :22:30:839 : 结束过滤IPS
2019-01-22 14:35:29.001  INFO 18737 --- [Thread-26] :22:30:839 : IPS为空，结束对于当前tracePool的探测
2019-01-22 14:35:29.002  INFO 18737 --- [Thread-26] :22:30:839 : 对当前tracepool探测结束
2019-01-22 14:35:29.002  INFO 18737 --- [Thread-26] :22:30:839 : 当前tracepool为{details,productpage,ratings,reviews2}
2019-01-22 14:35:29.002  INFO 18737 --- [Thread-26] :22:30:839 : 开始对当前的tracepool进行探测
2019-01-22 14:35:29.002  INFO 18737 --- [Thread-26] :22:30:839 : 约束求解
2019-01-22 14:35:29.005  INFO 18737 --- [Thread-26] :22:30:839 : 求解结果为:{details}{productpage}{ratings}{reviews2}
2019-01-22 14:35:29.006  INFO 18737 --- [Thread-26] :22:30:839 : 开始过滤IPS
2019-01-22 14:35:29.006  INFO 18737 --- [Thread-26] :22:30:839 : {details}已经执行过，被过滤
2019-01-22 14:35:29.006  INFO 18737 --- [Thread-26] :22:30:839 : {productpage}已经执行过，被过滤
2019-01-22 14:35:29.006  INFO 18737 --- [Thread-26] :22:30:839 : 结束过滤IPS
2019-01-22 14:35:29.006  INFO 18737 --- [Thread-26] :22:30:839 : 待测故障注入点集合为{ratings}{reviews2}
2019-01-22 14:35:29.006  INFO 18737 --- [Thread-26] :22:30:839 : 当前的接口集合为[http://localhost:30036/productpageForExp]
2019-01-22 14:35:29.007  INFO 18737 --- [Thread-26] :22:30:839 : 开始对每个故障注入点探测
2019-01-22 14:35:29.007  INFO 18737 --- [Thread-26] :22:30:839 : 当前为第4次探测
2019-01-22 14:35:29.007  INFO 18737 --- [Thread-26] :22:30:839 : 开始对ratings的探测
2019-01-22 14:35:29.007  INFO 18737 --- [Thread-26] :22:30:839 : 注入500丢包
2019-01-22 14:35:29.412  INFO 18737 --- [Thread-26] :22:30:839 : 等待5秒
2019-01-22 14:35:34.412  INFO 18737 --- [Thread-26] :22:30:839 : 注入完毕
2019-01-22 14:35:34.413  INFO 18737 --- [Thread-26] :22:30:839 : 验证断言
2019-01-22 14:35:34.414  INFO 18737 --- [Thread-26] :22:30:839 : 验证返回结果和响应时间
2019-01-22 14:35:34.414  INFO 18737 --- [Thread-26] :22:30:839 : 等待10秒
2019-01-22 14:35:44.414  INFO 18737 --- [Thread-26] :22:30:839 : 采样调用链
2019-01-22 14:35:44.431  INFO 18737 --- [Thread-26] :22:30:839 : 逐个trace验证
2019-01-22 14:35:44.432  INFO 18737 --- [Thread-26] :22:30:839 : 验证用户自定义脚本
2019-01-22 14:35:46.408  INFO 18737 --- [Thread-26] :22:30:839 : 验证完毕
2019-01-22 14:35:46.408  INFO 18737 --- [Thread-26] :22:30:839 : 删除故障
2019-01-22 14:35:46.531  INFO 18737 --- [Thread-26] :22:30:839 : 等待5秒
2019-01-22 14:35:51.531  INFO 18737 --- [Thread-26] :22:30:839 : 开始模式分析
2019-01-22 14:35:51.532  INFO 18737 --- [Thread-26] :22:30:839 : 开始超时模式分析
2019-01-22 14:35:51.532  INFO 18737 --- [Thread-26] :22:30:839 : 注入20秒超时
2019-01-22 14:35:51.924  INFO 18737 --- [Thread-26] :22:30:839 : 等待5秒
2019-01-22 14:35:56.925  INFO 18737 --- [Thread-26] :22:30:839 : 参数：持续40秒，间隔为20秒，抽样数量为40条
2019-01-22 14:35:56.925  INFO 18737 --- [Thread-26] :22:30:839 : 等待20秒
2019-01-22 14:36:16.926  INFO 18737 --- [Thread-26] :22:30:839 : 抽样
2019-01-22 14:36:17.066  INFO 18737 --- [Thread-26] :22:30:839 : 统计并计算结果
2019-01-22 14:36:17.067  INFO 18737 --- [Thread-26] :22:30:839 : 探测到异常
2019-01-22 14:36:17.067  INFO 18737 --- [Thread-26] :22:30:839 : 探测到异常
2019-01-22 14:36:17.067  INFO 18737 --- [Thread-26] :22:30:839 : 探测到异常
2019-01-22 14:36:17.067  INFO 18737 --- [Thread-26] :22:30:839 : 探测到异常
2019-01-22 14:36:17.067  INFO 18737 --- [Thread-26] :22:30:839 : 探测到异常
2019-01-22 14:36:17.067  INFO 18737 --- [Thread-26] :22:30:839 : 探测到异常
2019-01-22 14:36:17.067  INFO 18737 --- [Thread-26] :22:30:839 : 探测到异常
2019-01-22 14:36:17.067  INFO 18737 --- [Thread-26] :22:30:839 : 探测到异常
2019-01-22 14:36:17.067  INFO 18737 --- [Thread-26] :22:30:839 : 探测到异常
2019-01-22 14:36:17.067  INFO 18737 --- [Thread-26] :22:30:839 : 探测到异常
2019-01-22 14:36:17.067  INFO 18737 --- [Thread-26] :22:30:839 : 探测到异常
2019-01-22 14:36:17.067  INFO 18737 --- [Thread-26] :22:30:839 : 探测到异常
2019-01-22 14:36:17.067  INFO 18737 --- [Thread-26] :22:30:839 : 探测到异常
2019-01-22 14:36:17.068  INFO 18737 --- [Thread-26] :22:30:839 : 探测到异常
2019-01-22 14:36:17.068  INFO 18737 --- [Thread-26] :22:30:839 : 探测到异常
2019-01-22 14:36:17.068  INFO 18737 --- [Thread-26] :22:30:839 : 探测到异常
2019-01-22 14:36:17.068  INFO 18737 --- [Thread-26] :22:30:839 : 探测到异常
2019-01-22 14:36:17.068  INFO 18737 --- [Thread-26] :22:30:839 : 探测到异常
2019-01-22 14:36:17.068  INFO 18737 --- [Thread-26] :22:30:839 : 等待20秒
2019-01-22 14:36:37.068  INFO 18737 --- [Thread-26] :22:30:839 : 抽样
2019-01-22 14:36:37.206  INFO 18737 --- [Thread-26] :22:30:839 : 统计并计算结果
2019-01-22 14:36:37.207  INFO 18737 --- [Thread-26] :22:30:839 : 探测到异常
2019-01-22 14:36:37.207  INFO 18737 --- [Thread-26] :22:30:839 : 探测到异常
2019-01-22 14:36:37.207  INFO 18737 --- [Thread-26] :22:30:839 : 探测到异常
2019-01-22 14:36:37.207  INFO 18737 --- [Thread-26] :22:30:839 : 探测到异常
2019-01-22 14:36:37.207  INFO 18737 --- [Thread-26] :22:30:839 : 探测到异常
2019-01-22 14:36:37.207  INFO 18737 --- [Thread-26] :22:30:839 : 探测到异常
2019-01-22 14:36:37.207  INFO 18737 --- [Thread-26] :22:30:839 : 探测到异常
2019-01-22 14:36:37.207  INFO 18737 --- [Thread-26] :22:30:839 : 探测到异常
2019-01-22 14:36:37.207  INFO 18737 --- [Thread-26] :22:30:839 : 探测到异常
2019-01-22 14:36:37.207  INFO 18737 --- [Thread-26] :22:30:839 : 探测到异常
2019-01-22 14:36:37.207  INFO 18737 --- [Thread-26] :22:30:839 : 探测到异常
2019-01-22 14:36:37.207  INFO 18737 --- [Thread-26] :22:30:839 : 探测到异常
2019-01-22 14:36:37.208  INFO 18737 --- [Thread-26] :22:30:839 : 探测到异常
2019-01-22 14:36:37.208  INFO 18737 --- [Thread-26] :22:30:839 : 探测到异常
2019-01-22 14:36:37.208  INFO 18737 --- [Thread-26] :22:30:839 : 探测到异常
2019-01-22 14:36:37.208  INFO 18737 --- [Thread-26] :22:30:839 : 探测到异常
2019-01-22 14:36:37.208  INFO 18737 --- [Thread-26] :22:30:839 : 探测到异常
2019-01-22 14:36:37.208  INFO 18737 --- [Thread-26] :22:30:839 : 探测到异常
2019-01-22 14:36:37.208  INFO 18737 --- [Thread-26] :22:30:839 : 探测到异常
2019-01-22 14:36:37.208  INFO 18737 --- [Thread-26] :22:30:839 : 探测到异常
2019-01-22 14:36:37.208  INFO 18737 --- [Thread-26] :22:30:839 : 探测到异常
2019-01-22 14:36:37.208  INFO 18737 --- [Thread-26] :22:30:839 : 探测到异常
2019-01-22 14:36:37.208  INFO 18737 --- [Thread-26] :22:30:839 : 探测到异常
2019-01-22 14:36:37.317  INFO 18737 --- [Thread-26] :22:30:839 : 等待5秒
2019-01-22 14:36:42.318  INFO 18737 --- [Thread-26] :22:30:839 : 超时模式分析结束
2019-01-22 14:36:42.318  INFO 18737 --- [Thread-26] :22:30:839 : 开始重试模式分析
2019-01-22 14:36:42.318  INFO 18737 --- [Thread-26] :22:30:839 : 抽样正常请求
2019-01-22 14:36:42.318  INFO 18737 --- [Thread-26] :22:30:839 : 等待10秒
2019-01-22 14:36:52.319  INFO 18737 --- [Thread-26] :22:30:839 : 抽样中
2019-01-22 14:36:52.351  INFO 18737 --- [Thread-26] :22:30:839 : 抽取正常请求数量
2019-01-22 14:36:52.351  INFO 18737 --- [Thread-26] :22:30:839 : 注入丢包
2019-01-22 14:36:52.755  INFO 18737 --- [Thread-26] :22:30:839 : 等待5秒
2019-01-22 14:36:57.756  INFO 18737 --- [Thread-26] :22:30:839 : 注入完毕
2019-01-22 14:36:57.756  INFO 18737 --- [Thread-26] :22:30:839 : 开始探测，参数为：持续20秒，间隔为10秒，抽样数量为20条
2019-01-22 14:36:57.756  INFO 18737 --- [Thread-26] :22:30:839 : 等待10秒
2019-01-22 14:37:07.756  INFO 18737 --- [Thread-26] :22:30:839 : 抽样故障调用链中
2019-01-22 14:37:07.854  INFO 18737 --- [Thread-26] :22:30:839 : 分析中
2019-01-22 14:37:07.854  INFO 18737 --- [Thread-26] :22:30:839 : 删除故障
2019-01-22 14:37:07.991  INFO 18737 --- [Thread-26] :22:30:839 : 等待5秒
2019-01-22 14:37:12.991  INFO 18737 --- [Thread-26] :22:30:839 : 故障删除完毕
2019-01-22 14:37:12.991  INFO 18737 --- [Thread-26] :22:30:839 : 重试模式分析结束
2019-01-22 14:37:12.992  INFO 18737 --- [Thread-26] :22:30:839 : 开始船舱模式分析
2019-01-22 14:37:12.992  INFO 18737 --- [Thread-26] :22:30:839 : 查询兄弟节点
2019-01-22 14:37:12.992  INFO 18737 --- [Thread-26] :22:30:839 : 等待30秒
2019-01-22 14:37:42.992  INFO 18737 --- [Thread-26] :22:30:839 : 查询图
2019-01-22 14:37:43.004  INFO 18737 --- [Thread-26] :22:30:839 : 兄弟节点共0个
2019-01-22 14:37:43.005  INFO 18737 --- [Thread-26] :22:30:839 : 不存在兄弟节点,结束船舱模式的探测
2019-01-22 14:37:43.005  INFO 18737 --- [Thread-26] :22:30:839 : 船舱模式分析结束
2019-01-22 14:37:43.005  INFO 18737 --- [Thread-26] :22:30:839 : 开始熔断模式分析
2019-01-22 14:37:43.005  INFO 18737 --- [Thread-26] :22:30:839 : 对正常情况下链采样
2019-01-22 14:37:43.005  INFO 18737 --- [Thread-26] :22:30:839 : 等待10秒
2019-01-22 14:37:53.005  INFO 18737 --- [Thread-26] :22:30:839 : 采样
2019-01-22 14:37:53.030  INFO 18737 --- [Thread-26] :22:30:839 : 获取正常链完毕
2019-01-22 14:37:53.030  INFO 18737 --- [Thread-26] :22:30:839 : 解析正常链中所有的边
2019-01-22 14:37:53.030  INFO 18737 --- [Thread-26] :22:30:839 : 注入故障
2019-01-22 14:37:53.464  INFO 18737 --- [Thread-26] :22:30:839 : 等待5秒
2019-01-22 14:37:58.465  INFO 18737 --- [Thread-26] :22:30:839 : 开始探测熔断位置
2019-01-22 14:37:58.465  INFO 18737 --- [Thread-26] :22:30:839 : 参数：持续60秒，间隔为10秒，抽样数量为40条
2019-01-22 14:37:58.526  INFO 18737 --- [Thread-26] :22:30:839 : 等待10秒
2019-01-22 14:38:08.526  INFO 18737 --- [Thread-26] :22:30:839 : 分析熔断位置
2019-01-22 14:38:08.572  INFO 18737 --- [Thread-26] :22:30:839 : 等待10秒
2019-01-22 14:38:18.572  INFO 18737 --- [Thread-26] :22:30:839 : 分析熔断位置
2019-01-22 14:38:18.643  INFO 18737 --- [Thread-26] :22:30:839 : 等待10秒
2019-01-22 14:38:28.644  INFO 18737 --- [Thread-26] :22:30:839 : 分析熔断位置
2019-01-22 14:38:28.644  INFO 18737 --- [Thread-26] :22:30:839 : 探测到熔断位置：productpage -> reviews2
2019-01-22 14:38:28.644  INFO 18737 --- [Thread-26] :22:30:839 : 探测到熔断位置：productpage -> details
2019-01-22 14:38:28.689  INFO 18737 --- [Thread-26] :22:30:839 : 等待10秒
2019-01-22 14:38:38.689  INFO 18737 --- [Thread-26] :22:30:839 : 分析熔断位置
2019-01-22 14:38:38.752  INFO 18737 --- [Thread-26] :22:30:839 : 等待10秒
2019-01-22 14:38:48.756  INFO 18737 --- [Thread-26] :22:30:839 : 分析熔断位置
2019-01-22 14:38:48.816  INFO 18737 --- [Thread-26] :22:30:839 : 等待10秒
2019-01-22 14:38:58.816  INFO 18737 --- [Thread-26] :22:30:839 : 分析熔断位置
2019-01-22 14:38:58.817  INFO 18737 --- [Thread-26] :22:30:839 : 开始监控熔断位置的吞吐量
2019-01-22 14:38:58.817  INFO 18737 --- [Thread-26] :22:30:839 : 参数：持续40秒，间隔为20秒，窗口大小为10秒
