2019-01-22 11:03:29.531  INFO 18737 --- [Thread-23] :03:29:526 : 参数初始化完毕
2019-01-22 11:03:29.532  INFO 18737 --- [Thread-23] :03:29:526 : 抽样正常调用链
2019-01-22 11:03:29.533  INFO 18737 --- [Thread-23] :03:29:526 : 参数：持续10秒，间隔为10秒，抽样数量为20条
2019-01-22 11:03:29.533  INFO 18737 --- [Thread-23] :03:29:526 : 采样中
2019-01-22 11:03:29.534  INFO 18737 --- [Thread-23] :03:29:526 : 等待10+5秒,zipkin抓取中
2019-01-22 11:03:44.535  INFO 18737 --- [Thread-23] :03:29:526 : 查询中
2019-01-22 11:03:44.625  INFO 18737 --- [Thread-23] :03:29:526 : 解析中
2019-01-22 11:03:44.630  INFO 18737 --- [Thread-23] :03:29:526 : 共收集到2条不同trace
2019-01-22 11:03:44.632  INFO 18737 --- [Thread-23] :03:29:526 : 调用链抽样完毕
2019-01-22 11:03:44.633  INFO 18737 --- [Thread-23] :03:29:526 : 开始对每个trace探测
2019-01-22 11:03:44.644  INFO 18737 --- [Thread-23] :03:29:526 : 当前tracepool为{details,productpage,reviews4}
2019-01-22 11:03:44.644  INFO 18737 --- [Thread-23] :03:29:526 : 开始对当前的tracepool进行探测
2019-01-22 11:03:44.645  INFO 18737 --- [Thread-23] :03:29:526 : 约束求解
2019-01-22 11:03:44.676  INFO 18737 --- [Thread-23] :03:29:526 : 求解结果为:{details}{productpage}{reviews4}
2019-01-22 11:03:44.676  INFO 18737 --- [Thread-23] :03:29:526 : 开始过滤IPS
2019-01-22 11:03:44.676  INFO 18737 --- [Thread-23] :03:29:526 : {details}包含实效的故障注入点，被过滤
2019-01-22 11:03:44.677  INFO 18737 --- [Thread-23] :03:29:526 : {productpage}已经执行过，被过滤
2019-01-22 11:03:44.677  INFO 18737 --- [Thread-23] :03:29:526 : {reviews4}包含实效的故障注入点，被过滤
2019-01-22 11:03:44.677  INFO 18737 --- [Thread-23] :03:29:526 : 结束过滤IPS
2019-01-22 11:03:44.677  INFO 18737 --- [Thread-23] :03:29:526 : IPS为空，结束对于当前tracePool的探测
2019-01-22 11:03:44.677  INFO 18737 --- [Thread-23] :03:29:526 : 对当前tracepool探测结束
2019-01-22 11:03:44.678  INFO 18737 --- [Thread-23] :03:29:526 : 当前tracepool为{details,productpage,ratings,reviews2,reviews3}
2019-01-22 11:03:44.678  INFO 18737 --- [Thread-23] :03:29:526 : 开始对当前的tracepool进行探测
2019-01-22 11:03:44.678  INFO 18737 --- [Thread-23] :03:29:526 : 约束求解
2019-01-22 11:03:44.680  INFO 18737 --- [Thread-23] :03:29:526 : 求解结果为:{details}{productpage}{reviews2}{reviews3}{ratings}
2019-01-22 11:03:44.680  INFO 18737 --- [Thread-23] :03:29:526 : 开始过滤IPS
2019-01-22 11:03:44.681  INFO 18737 --- [Thread-23] :03:29:526 : {details}包含实效的故障注入点，被过滤
2019-01-22 11:03:44.681  INFO 18737 --- [Thread-23] :03:29:526 : {productpage}已经执行过，被过滤
2019-01-22 11:03:44.681  INFO 18737 --- [Thread-23] :03:29:526 : 结束过滤IPS
2019-01-22 11:03:44.681  INFO 18737 --- [Thread-23] :03:29:526 : 待测故障注入点集合为{reviews2}{reviews3}{ratings}
2019-01-22 11:03:44.681  INFO 18737 --- [Thread-23] :03:29:526 : 当前的接口集合为[http://localhost:30036/productpageForExp]
2019-01-22 11:03:44.682  INFO 18737 --- [Thread-23] :03:29:526 : 开始对每个故障注入点探测
2019-01-22 11:03:44.682  INFO 18737 --- [Thread-23] :03:29:526 : 当前为第1次探测
2019-01-22 11:03:44.682  INFO 18737 --- [Thread-23] :03:29:526 : 开始对reviews2的探测
2019-01-22 11:03:44.682  INFO 18737 --- [Thread-23] :03:29:526 : 注入500丢包
2019-01-22 11:03:47.815  INFO 18737 --- [Thread-23] :03:29:526 : 等待5秒
2019-01-22 11:03:52.816  INFO 18737 --- [Thread-23] :03:29:526 : 注入完毕
2019-01-22 11:03:52.817  INFO 18737 --- [Thread-23] :03:29:526 : 验证断言
2019-01-22 11:03:52.817  INFO 18737 --- [Thread-23] :03:29:526 : 验证返回结果和响应时间
2019-01-22 11:03:52.818  INFO 18737 --- [Thread-23] :03:29:526 : 等待10秒
2019-01-22 11:04:02.818  INFO 18737 --- [Thread-23] :03:29:526 : 采样调用链
2019-01-22 11:04:02.862  INFO 18737 --- [Thread-23] :03:29:526 : 逐个trace验证
2019-01-22 11:04:02.863  INFO 18737 --- [Thread-23] :03:29:526 : 验证用户自定义脚本
2019-01-22 11:04:33.176  INFO 18737 --- [Thread-23] :03:29:526 : 验证完毕
2019-01-22 11:04:33.177  INFO 18737 --- [Thread-23] :03:29:526 : 删除故障
2019-01-22 11:04:33.307  INFO 18737 --- [Thread-23] :03:29:526 : 等待5秒
2019-01-22 11:04:38.308  INFO 18737 --- [Thread-23] :03:29:526 : 开始模式分析
2019-01-22 11:04:38.309  INFO 18737 --- [Thread-23] :03:29:526 : 开始超时模式分析
2019-01-22 11:04:38.310  INFO 18737 --- [Thread-23] :03:29:526 : 注入20秒超时
2019-01-22 11:04:38.764  INFO 18737 --- [Thread-23] :03:29:526 : 等待5秒
2019-01-22 11:04:43.765  INFO 18737 --- [Thread-23] :03:29:526 : 参数：持续20秒，间隔为10秒，抽样数量为20条
2019-01-22 11:04:43.766  INFO 18737 --- [Thread-23] :03:29:526 : 等待10秒
2019-01-22 11:04:53.767  INFO 18737 --- [Thread-23] :03:29:526 : 抽样
2019-01-22 11:04:53.891  INFO 18737 --- [Thread-23] :03:29:526 : 统计并计算结果
2019-01-22 11:04:53.891  INFO 18737 --- [Thread-23] :03:29:526 : 等待10秒
2019-01-22 11:05:03.892  INFO 18737 --- [Thread-23] :03:29:526 : 抽样
2019-01-22 11:05:04.001  INFO 18737 --- [Thread-23] :03:29:526 : 统计并计算结果
2019-01-22 11:05:04.108  INFO 18737 --- [Thread-23] :03:29:526 : 等待5秒
2019-01-22 11:05:09.108  INFO 18737 --- [Thread-23] :03:29:526 : 超时模式分析结束
2019-01-22 11:05:09.109  INFO 18737 --- [Thread-23] :03:29:526 : 开始重试模式分析
2019-01-22 11:05:09.110  INFO 18737 --- [Thread-23] :03:29:526 : 抽样正常请求
2019-01-22 11:05:09.110  INFO 18737 --- [Thread-23] :03:29:526 : 等待10秒
2019-01-22 11:05:19.110  INFO 18737 --- [Thread-23] :03:29:526 : 抽样中
2019-01-22 11:05:19.178  INFO 18737 --- [Thread-23] :03:29:526 : 抽取正常请求数量
2019-01-22 11:05:19.179  INFO 18737 --- [Thread-23] :03:29:526 : 注入丢包
2019-01-22 11:05:19.519  INFO 18737 --- [Thread-23] :03:29:526 : 等待5秒
