2019-01-22 13:27:56.930  INFO 18737 --- [Thread-22] :27:56:924 : 参数初始化完毕
2019-01-22 13:27:56.930  INFO 18737 --- [Thread-22] :27:56:924 : 抽样正常调用链
2019-01-22 13:27:56.931  INFO 18737 --- [Thread-22] :27:56:924 : 参数：持续30秒，间隔为10秒，抽样数量为40条
2019-01-22 13:27:56.932  INFO 18737 --- [Thread-22] :27:56:924 : 采样中
2019-01-22 13:27:56.933  INFO 18737 --- [Thread-22] :27:56:924 : 等待10+5秒,zipkin抓取中
2019-01-22 13:28:11.934  INFO 18737 --- [Thread-22] :27:56:924 : 查询中
2019-01-22 13:28:11.997  INFO 18737 --- [Thread-22] :27:56:924 : 解析中
2019-01-22 13:28:12.003  INFO 18737 --- [Thread-22] :27:56:924 : 等待10+5秒,zipkin抓取中
2019-01-22 13:28:27.004  INFO 18737 --- [Thread-22] :27:56:924 : 查询中
2019-01-22 13:28:27.067  INFO 18737 --- [Thread-22] :27:56:924 : 解析中
2019-01-22 13:28:27.068  INFO 18737 --- [Thread-22] :27:56:924 : 共收集到2条不同trace
2019-01-22 13:28:27.068  INFO 18737 --- [Thread-22] :27:56:924 : 调用链抽样完毕
2019-01-22 13:28:27.069  INFO 18737 --- [Thread-22] :27:56:924 : 开始对每个trace探测
2019-01-22 13:28:27.074  INFO 18737 --- [Thread-22] :27:56:924 : 当前tracepool为{details,productpage,reviews4}
2019-01-22 13:28:27.075  INFO 18737 --- [Thread-22] :27:56:924 : 开始对当前的tracepool进行探测
2019-01-22 13:28:27.077  INFO 18737 --- [Thread-22] :27:56:924 : 约束求解
2019-01-22 13:28:27.100  INFO 18737 --- [Thread-22] :27:56:924 : 求解结果为:{details}{productpage}{reviews4}
2019-01-22 13:28:27.101  INFO 18737 --- [Thread-22] :27:56:924 : 开始过滤IPS
2019-01-22 13:28:27.101  INFO 18737 --- [Thread-22] :27:56:924 : 结束过滤IPS
2019-01-22 13:28:27.101  INFO 18737 --- [Thread-22] :27:56:924 : 待测故障注入点集合为{details}{productpage}{reviews4}
2019-01-22 13:28:27.101  INFO 18737 --- [Thread-22] :27:56:924 : 当前的接口集合为[http://localhost:30036/productpageForCircuitBreaker]
2019-01-22 13:28:27.101  INFO 18737 --- [Thread-22] :27:56:924 : 开始对每个故障注入点探测
2019-01-22 13:28:27.101  INFO 18737 --- [Thread-22] :27:56:924 : 当前为第1次探测
2019-01-22 13:28:27.101  INFO 18737 --- [Thread-22] :27:56:924 : 开始对details的探测
2019-01-22 13:28:27.102  INFO 18737 --- [Thread-22] :27:56:924 : 注入500丢包
2019-01-22 13:28:27.465  INFO 18737 --- [Thread-22] :27:56:924 : 等待5秒
2019-01-22 13:28:32.466  INFO 18737 --- [Thread-22] :27:56:924 : 注入完毕
2019-01-22 13:28:32.467  INFO 18737 --- [Thread-22] :27:56:924 : 验证断言
2019-01-22 13:28:32.468  INFO 18737 --- [Thread-22] :27:56:924 : 验证返回结果和响应时间
2019-01-22 13:28:32.468  INFO 18737 --- [Thread-22] :27:56:924 : 等待10秒
2019-01-22 13:28:42.469  INFO 18737 --- [Thread-22] :27:56:924 : 采样调用链
2019-01-22 13:28:42.491  INFO 18737 --- [Thread-22] :27:56:924 : 逐个trace验证
2019-01-22 13:28:42.492  INFO 18737 --- [Thread-22] :27:56:924 : 验证用户自定义脚本
2019-01-22 13:28:44.113  INFO 18737 --- [Thread-22] :27:56:924 : 验证完毕
2019-01-22 13:28:44.113  INFO 18737 --- [Thread-22] :27:56:924 : 删除故障
2019-01-22 13:28:44.212  INFO 18737 --- [Thread-22] :27:56:924 : 等待5秒
2019-01-22 13:28:49.212  INFO 18737 --- [Thread-22] :27:56:924 : 开始模式分析
2019-01-22 13:28:49.213  INFO 18737 --- [Thread-22] :27:56:924 : 开始超时模式分析
2019-01-22 13:28:49.213  INFO 18737 --- [Thread-22] :27:56:924 : 注入20秒超时
2019-01-22 13:28:49.578  INFO 18737 --- [Thread-22] :27:56:924 : 等待5秒
2019-01-22 13:28:54.579  INFO 18737 --- [Thread-22] :27:56:924 : 参数：持续40秒，间隔为20秒，抽样数量为40条
2019-01-22 13:28:54.580  INFO 18737 --- [Thread-22] :27:56:924 : 等待20秒
2019-01-22 13:29:14.581  INFO 18737 --- [Thread-22] :27:56:924 : 抽样
2019-01-22 13:29:14.657  INFO 18737 --- [Thread-22] :27:56:924 : 统计并计算结果
2019-01-22 13:29:14.657  INFO 18737 --- [Thread-22] :27:56:924 : 等待20秒
2019-01-22 13:29:34.658  INFO 18737 --- [Thread-22] :27:56:924 : 抽样
2019-01-22 13:29:34.730  INFO 18737 --- [Thread-22] :27:56:924 : 统计并计算结果
2019-01-22 13:29:37.788  INFO 18737 --- [Thread-22] :27:56:924 : 等待5秒
2019-01-22 13:29:42.788  INFO 18737 --- [Thread-22] :27:56:924 : 超时模式分析结束
2019-01-22 13:29:42.789  INFO 18737 --- [Thread-22] :27:56:924 : 开始重试模式分析
2019-01-22 13:29:42.790  INFO 18737 --- [Thread-22] :27:56:924 : 抽样正常请求
2019-01-22 13:29:42.790  INFO 18737 --- [Thread-22] :27:56:924 : 等待10秒
2019-01-22 13:29:52.791  INFO 18737 --- [Thread-22] :27:56:924 : 抽样中
2019-01-22 13:29:52.821  INFO 18737 --- [Thread-22] :27:56:924 : 抽取正常请求数量
2019-01-22 13:29:52.822  INFO 18737 --- [Thread-22] :27:56:924 : 注入丢包
2019-01-22 13:29:53.241  INFO 18737 --- [Thread-22] :27:56:924 : 等待5秒
2019-01-22 13:29:58.242  INFO 18737 --- [Thread-22] :27:56:924 : 注入完毕
2019-01-22 13:29:58.243  INFO 18737 --- [Thread-22] :27:56:924 : 开始探测，参数为：持续20秒，间隔为10秒，抽样数量为20条
2019-01-22 13:29:58.244  INFO 18737 --- [Thread-22] :27:56:924 : 等待10秒
2019-01-22 13:30:08.244  INFO 18737 --- [Thread-22] :27:56:924 : 抽样故障调用链中
2019-01-22 13:30:08.281  INFO 18737 --- [Thread-22] :27:56:924 : 分析中
2019-01-22 13:30:08.282  INFO 18737 --- [Thread-22] :27:56:924 : 删除故障
2019-01-22 13:30:08.417  INFO 18737 --- [Thread-22] :27:56:924 : 等待5秒
2019-01-22 13:30:13.418  INFO 18737 --- [Thread-22] :27:56:924 : 故障删除完毕
2019-01-22 13:30:13.419  INFO 18737 --- [Thread-22] :27:56:924 : 重试模式分析结束
2019-01-22 13:30:13.419  INFO 18737 --- [Thread-22] :27:56:924 : 开始船舱模式分析
2019-01-22 13:30:13.419  INFO 18737 --- [Thread-22] :27:56:924 : 查询兄弟节点
2019-01-22 13:30:13.419  INFO 18737 --- [Thread-22] :27:56:924 : 等待30秒
2019-01-22 13:30:43.420  INFO 18737 --- [Thread-22] :27:56:924 : 查询图
2019-01-22 13:30:43.430  INFO 18737 --- [Thread-22] :27:56:924 : 兄弟节点共2个
2019-01-22 13:30:43.430  INFO 18737 --- [Thread-22] :27:56:924 : 探测父节点到兄弟节点的正常吞吐量
2019-01-22 13:30:43.431  INFO 18737 --- [Thread-22] :27:56:924 : 开始探测，参数为：持续40秒，间隔为20秒，窗口为10秒
2019-01-22 13:30:43.432  INFO 18737 --- [Thread-22] :27:56:924 : 等待20秒
2019-01-22 13:31:03.432  INFO 18737 --- [Thread-22] :27:56:924 : 查询吞吐量
2019-01-22 13:31:03.436  INFO 18737 --- [Thread-22] :27:56:924 : 获取吞吐量
2019-01-22 13:31:03.438  INFO 18737 --- [Thread-22] :27:56:924 : 等待20秒
2019-01-22 13:31:23.440  INFO 18737 --- [Thread-22] :27:56:924 : 查询吞吐量
2019-01-22 13:31:23.447  INFO 18737 --- [Thread-22] :27:56:924 : 获取吞吐量
2019-01-22 13:31:23.449  INFO 18737 --- [Thread-22] :27:56:924 : 正常吞吐量探测完毕
2019-01-22 13:31:23.453  INFO 18737 --- [Thread-22] :27:56:924 : 注入20秒延迟
2019-01-22 13:31:23.863  INFO 18737 --- [Thread-22] :27:56:924 : 等待5秒
2019-01-22 13:31:28.864  INFO 18737 --- [Thread-22] :27:56:924 : 探测父节点到兄弟节点的异常吞吐量
2019-01-22 13:31:28.865  INFO 18737 --- [Thread-22] :27:56:924 : 开始探测，参数为：持续40秒，间隔为20秒，窗口为10秒
2019-01-22 13:31:28.865  INFO 18737 --- [Thread-22] :27:56:924 : 等待20秒
2019-01-22 13:31:48.866  INFO 18737 --- [Thread-22] :27:56:924 : 查询吞吐量
2019-01-22 13:31:48.869  INFO 18737 --- [Thread-22] :27:56:924 : 获取吞吐量
2019-01-22 13:31:48.870  INFO 18737 --- [Thread-22] :27:56:924 : 等待20秒
2019-01-22 13:32:08.870  INFO 18737 --- [Thread-22] :27:56:924 : 查询吞吐量
2019-01-22 13:32:08.879  INFO 18737 --- [Thread-22] :27:56:924 : 获取吞吐量
2019-01-22 13:32:08.879  INFO 18737 --- [Thread-22] :27:56:924 : 异常吞吐量探测完毕
2019-01-22 13:32:08.884  INFO 18737 --- [Thread-22] :27:56:924 : 分析结果
2019-01-22 13:32:08.888  INFO 18737 --- [Thread-22] :27:56:924 : 探测到船舱模式缺失
2019-01-22 13:32:08.904  INFO 18737 --- [Thread-22] :27:56:924 : 探测到船舱模式缺失
2019-01-22 13:32:08.904  INFO 18737 --- [Thread-22] :27:56:924 : 删除故障
2019-01-22 13:32:09.009  INFO 18737 --- [Thread-22] :27:56:924 : 等待5秒
2019-01-22 13:32:14.010  INFO 18737 --- [Thread-22] :27:56:924 : 船舱模式分析结束
2019-01-22 13:32:14.010  INFO 18737 --- [Thread-22] :27:56:924 : 开始熔断模式分析
2019-01-22 13:32:14.010  INFO 18737 --- [Thread-22] :27:56:924 : 对正常情况下链采样
2019-01-22 13:32:14.011  INFO 18737 --- [Thread-22] :27:56:924 : 等待10秒
2019-01-22 13:32:24.011  INFO 18737 --- [Thread-22] :27:56:924 : 采样
2019-01-22 13:32:24.043  INFO 18737 --- [Thread-22] :27:56:924 : 获取正常链完毕
2019-01-22 13:32:24.043  INFO 18737 --- [Thread-22] :27:56:924 : 解析正常链中所有的边
2019-01-22 13:32:24.043  INFO 18737 --- [Thread-22] :27:56:924 : 注入故障
2019-01-22 13:32:24.425  INFO 18737 --- [Thread-22] :27:56:924 : 等待5秒
2019-01-22 13:32:29.426  INFO 18737 --- [Thread-22] :27:56:924 : 开始探测熔断位置
2019-01-22 13:32:29.426  INFO 18737 --- [Thread-22] :27:56:924 : 参数：持续60秒，间隔为10秒，抽样数量为40条
2019-01-22 13:32:29.487  INFO 18737 --- [Thread-22] :27:56:924 : 等待10秒
2019-01-22 13:32:39.487  INFO 18737 --- [Thread-22] :27:56:924 : 分析熔断位置
2019-01-22 13:32:39.549  INFO 18737 --- [Thread-22] :27:56:924 : 等待10秒
2019-01-22 13:32:49.550  INFO 18737 --- [Thread-22] :27:56:924 : 分析熔断位置
2019-01-22 13:32:49.606  INFO 18737 --- [Thread-22] :27:56:924 : 等待10秒
2019-01-22 13:32:59.607  INFO 18737 --- [Thread-22] :27:56:924 : 分析熔断位置
2019-01-22 13:32:59.660  INFO 18737 --- [Thread-22] :27:56:924 : 等待10秒
2019-01-22 13:33:09.661  INFO 18737 --- [Thread-22] :27:56:924 : 分析熔断位置
2019-01-22 13:33:09.719  INFO 18737 --- [Thread-22] :27:56:924 : 等待10秒
2019-01-22 13:33:19.720  INFO 18737 --- [Thread-22] :27:56:924 : 分析熔断位置
2019-01-22 13:33:19.779  INFO 18737 --- [Thread-22] :27:56:924 : 等待10秒
2019-01-22 13:33:29.779  INFO 18737 --- [Thread-22] :27:56:924 : 分析熔断位置
2019-01-22 13:33:29.780  INFO 18737 --- [Thread-22] :27:56:924 : 缺失熔断
2019-01-22 13:33:29.781  INFO 18737 --- [Thread-22] :27:56:924 : 删除故障
2019-01-22 13:33:29.884  INFO 18737 --- [Thread-22] :27:56:924 : 等待5秒
2019-01-22 13:33:34.885  INFO 18737 --- [Thread-22] :27:56:924 : 熔断模式分析结束
2019-01-22 13:33:34.886  INFO 18737 --- [Thread-22] :27:56:924 : 模式分析结束
2019-01-22 13:33:34.887  INFO 18737 --- [Thread-22] :27:56:924 : 当前为第2次探测
2019-01-22 13:33:34.887  INFO 18737 --- [Thread-22] :27:56:924 : 开始对productpage的探测
2019-01-22 13:33:34.887  INFO 18737 --- [Thread-22] :27:56:924 : 注入500丢包
2019-01-22 13:33:35.356  INFO 18737 --- [Thread-22] :27:56:924 : 等待5秒
2019-01-22 13:33:40.357  INFO 18737 --- [Thread-22] :27:56:924 : 注入完毕
2019-01-22 13:33:40.357  INFO 18737 --- [Thread-22] :27:56:924 : 验证断言
2019-01-22 13:33:40.358  INFO 18737 --- [Thread-22] :27:56:924 : 验证返回结果和响应时间
2019-01-22 13:33:40.358  INFO 18737 --- [Thread-22] :27:56:924 : 等待10秒
2019-01-22 13:33:50.358  INFO 18737 --- [Thread-22] :27:56:924 : 采样调用链
2019-01-22 13:33:50.383  INFO 18737 --- [Thread-22] :27:56:924 : 逐个trace验证
2019-01-22 13:33:50.383  INFO 18737 --- [Thread-22] :27:56:924 : 验证用户自定义脚本
2019-01-22 13:33:52.376  INFO 18737 --- [Thread-22] :27:56:924 : 验证完毕
2019-01-22 13:33:52.377  INFO 18737 --- [Thread-22] :27:56:924 : 无异常，开始更新调用链
2019-01-22 13:33:52.377  INFO 18737 --- [Thread-22] :27:56:924 : 参数：持续30秒，间隔为10秒，抽样数量为40条
2019-01-22 13:33:52.377  INFO 18737 --- [Thread-22] :27:56:924 : 等待10秒
2019-01-22 13:34:02.377  INFO 18737 --- [Thread-22] :27:56:924 : 抽样调用链
2019-01-22 13:34:02.429  INFO 18737 --- [Thread-22] :27:56:924 : 分析
2019-01-22 13:34:02.429  INFO 18737 --- [Thread-22] :27:56:924 : 加入新的trace{details,reviews4}
2019-01-22 13:34:02.429  INFO 18737 --- [Thread-22] :27:56:924 : 等待10秒
2019-01-22 13:34:12.430  INFO 18737 --- [Thread-22] :27:56:924 : 抽样调用链
2019-01-22 13:34:12.486  INFO 18737 --- [Thread-22] :27:56:924 : 分析
2019-01-22 13:34:12.487  INFO 18737 --- [Thread-22] :27:56:924 : 等待10秒
2019-01-22 13:34:22.487  INFO 18737 --- [Thread-22] :27:56:924 : 抽样调用链
2019-01-22 13:34:22.555  INFO 18737 --- [Thread-22] :27:56:924 : 分析
2019-01-22 13:34:22.555  INFO 18737 --- [Thread-22] :27:56:924 : 更新完毕，删除故障
2019-01-22 13:34:22.667  INFO 18737 --- [Thread-22] :27:56:924 : 等待5秒
2019-01-22 13:34:27.667  INFO 18737 --- [Thread-22] :27:56:924 : 删除故障完毕
2019-01-22 13:34:27.668  INFO 18737 --- [Thread-22] :27:56:924 : 当前为第3次探测
2019-01-22 13:34:27.668  INFO 18737 --- [Thread-22] :27:56:924 : 开始对reviews4的探测
2019-01-22 13:34:27.668  INFO 18737 --- [Thread-22] :27:56:924 : 注入500丢包
2019-01-22 13:34:28.100  INFO 18737 --- [Thread-22] :27:56:924 : 等待5秒
2019-01-22 13:34:33.100  INFO 18737 --- [Thread-22] :27:56:924 : 注入完毕
2019-01-22 13:34:33.101  INFO 18737 --- [Thread-22] :27:56:924 : 验证断言
2019-01-22 13:34:33.101  INFO 18737 --- [Thread-22] :27:56:924 : 验证返回结果和响应时间
2019-01-22 13:34:33.102  INFO 18737 --- [Thread-22] :27:56:924 : 等待10秒
2019-01-22 13:34:43.102  INFO 18737 --- [Thread-22] :27:56:924 : 采样调用链
2019-01-22 13:34:43.128  INFO 18737 --- [Thread-22] :27:56:924 : 逐个trace验证
2019-01-22 13:34:43.128  INFO 18737 --- [Thread-22] :27:56:924 : 验证用户自定义脚本
2019-01-22 13:34:44.821  INFO 18737 --- [Thread-22] :27:56:924 : 验证完毕
2019-01-22 13:34:44.821  INFO 18737 --- [Thread-22] :27:56:924 : 删除故障
2019-01-22 13:34:44.930  INFO 18737 --- [Thread-22] :27:56:924 : 等待5秒
2019-01-22 13:34:49.931  INFO 18737 --- [Thread-22] :27:56:924 : 开始模式分析
2019-01-22 13:34:49.931  INFO 18737 --- [Thread-22] :27:56:924 : 开始超时模式分析
2019-01-22 13:34:49.931  INFO 18737 --- [Thread-22] :27:56:924 : 注入20秒超时
2019-01-22 13:34:50.405  INFO 18737 --- [Thread-22] :27:56:924 : 等待5秒
2019-01-22 13:34:55.405  INFO 18737 --- [Thread-22] :27:56:924 : 参数：持续40秒，间隔为20秒，抽样数量为40条
2019-01-22 13:34:55.406  INFO 18737 --- [Thread-22] :27:56:924 : 等待20秒
2019-01-22 13:35:15.407  INFO 18737 --- [Thread-22] :27:56:924 : 抽样
2019-01-22 13:35:15.499  INFO 18737 --- [Thread-22] :27:56:924 : 统计并计算结果
2019-01-22 13:35:15.499  INFO 18737 --- [Thread-22] :27:56:924 : 等待20秒
2019-01-22 13:35:35.500  INFO 18737 --- [Thread-22] :27:56:924 : 抽样
2019-01-22 13:35:35.612  INFO 18737 --- [Thread-22] :27:56:924 : 统计并计算结果
2019-01-22 13:35:35.722  INFO 18737 --- [Thread-22] :27:56:924 : 等待5秒
2019-01-22 13:35:40.722  INFO 18737 --- [Thread-22] :27:56:924 : 超时模式分析结束
2019-01-22 13:35:40.723  INFO 18737 --- [Thread-22] :27:56:924 : 开始重试模式分析
2019-01-22 13:35:40.723  INFO 18737 --- [Thread-22] :27:56:924 : 抽样正常请求
2019-01-22 13:35:40.723  INFO 18737 --- [Thread-22] :27:56:924 : 等待10秒
2019-01-22 13:35:50.723  INFO 18737 --- [Thread-22] :27:56:924 : 抽样中
2019-01-22 13:35:50.765  INFO 18737 --- [Thread-22] :27:56:924 : 抽取正常请求数量
2019-01-22 13:35:50.765  INFO 18737 --- [Thread-22] :27:56:924 : 注入丢包
2019-01-22 13:35:51.163  INFO 18737 --- [Thread-22] :27:56:924 : 等待5秒
2019-01-22 13:35:56.164  INFO 18737 --- [Thread-22] :27:56:924 : 注入完毕
2019-01-22 13:35:56.165  INFO 18737 --- [Thread-22] :27:56:924 : 开始探测，参数为：持续20秒，间隔为10秒，抽样数量为20条
2019-01-22 13:35:56.166  INFO 18737 --- [Thread-22] :27:56:924 : 等待10秒
2019-01-22 13:36:06.166  INFO 18737 --- [Thread-22] :27:56:924 : 抽样故障调用链中
2019-01-22 13:36:06.268  INFO 18737 --- [Thread-22] :27:56:924 : 分析中
2019-01-22 13:36:06.269  INFO 18737 --- [Thread-22] :27:56:924 : 删除故障
2019-01-22 13:36:06.409  INFO 18737 --- [Thread-22] :27:56:924 : 等待5秒
2019-01-22 13:36:11.409  INFO 18737 --- [Thread-22] :27:56:924 : 故障删除完毕
2019-01-22 13:36:11.409  INFO 18737 --- [Thread-22] :27:56:924 : 重试模式分析结束
2019-01-22 13:36:11.410  INFO 18737 --- [Thread-22] :27:56:924 : 开始船舱模式分析
2019-01-22 13:36:11.410  INFO 18737 --- [Thread-22] :27:56:924 : 查询兄弟节点
2019-01-22 13:36:11.410  INFO 18737 --- [Thread-22] :27:56:924 : 等待30秒
2019-01-22 13:36:41.410  INFO 18737 --- [Thread-22] :27:56:924 : 查询图
2019-01-22 13:36:41.419  INFO 18737 --- [Thread-22] :27:56:924 : 兄弟节点共2个
2019-01-22 13:36:41.419  INFO 18737 --- [Thread-22] :27:56:924 : 探测父节点到兄弟节点的正常吞吐量
2019-01-22 13:36:41.419  INFO 18737 --- [Thread-22] :27:56:924 : 开始探测，参数为：持续40秒，间隔为20秒，窗口为10秒
2019-01-22 13:36:41.419  INFO 18737 --- [Thread-22] :27:56:924 : 等待20秒
2019-01-22 13:37:01.420  INFO 18737 --- [Thread-22] :27:56:924 : 查询吞吐量
2019-01-22 13:37:01.424  INFO 18737 --- [Thread-22] :27:56:924 : 获取吞吐量
2019-01-22 13:37:01.424  INFO 18737 --- [Thread-22] :27:56:924 : 等待20秒
2019-01-22 13:37:21.425  INFO 18737 --- [Thread-22] :27:56:924 : 查询吞吐量
2019-01-22 13:37:21.428  INFO 18737 --- [Thread-22] :27:56:924 : 获取吞吐量
2019-01-22 13:37:21.428  INFO 18737 --- [Thread-22] :27:56:924 : 正常吞吐量探测完毕
2019-01-22 13:37:21.431  INFO 18737 --- [Thread-22] :27:56:924 : 注入20秒延迟
2019-01-22 13:37:21.831  INFO 18737 --- [Thread-22] :27:56:924 : 等待5秒
2019-01-22 13:37:26.831  INFO 18737 --- [Thread-22] :27:56:924 : 探测父节点到兄弟节点的异常吞吐量
2019-01-22 13:37:26.832  INFO 18737 --- [Thread-22] :27:56:924 : 开始探测，参数为：持续40秒，间隔为20秒，窗口为10秒
2019-01-22 13:37:26.833  INFO 18737 --- [Thread-22] :27:56:924 : 等待20秒
2019-01-22 13:37:46.833  INFO 18737 --- [Thread-22] :27:56:924 : 查询吞吐量
2019-01-22 13:37:46.837  INFO 18737 --- [Thread-22] :27:56:924 : 获取吞吐量
2019-01-22 13:37:46.838  INFO 18737 --- [Thread-22] :27:56:924 : 等待20秒
2019-01-22 13:38:06.838  INFO 18737 --- [Thread-22] :27:56:924 : 查询吞吐量
2019-01-22 13:38:06.842  INFO 18737 --- [Thread-22] :27:56:924 : 获取吞吐量
2019-01-22 13:38:06.842  INFO 18737 --- [Thread-22] :27:56:924 : 异常吞吐量探测完毕
2019-01-22 13:38:06.843  INFO 18737 --- [Thread-22] :27:56:924 : 分析结果
2019-01-22 13:38:06.844  INFO 18737 --- [Thread-22] :27:56:924 : 探测到船舱模式缺失
2019-01-22 13:38:06.845  INFO 18737 --- [Thread-22] :27:56:924 : 删除故障
2019-01-22 13:38:06.959  INFO 18737 --- [Thread-22] :27:56:924 : 等待5秒
2019-01-22 13:38:11.959  INFO 18737 --- [Thread-22] :27:56:924 : 船舱模式分析结束
2019-01-22 13:38:11.960  INFO 18737 --- [Thread-22] :27:56:924 : 开始熔断模式分析
2019-01-22 13:38:11.960  INFO 18737 --- [Thread-22] :27:56:924 : 对正常情况下链采样
2019-01-22 13:38:11.960  INFO 18737 --- [Thread-22] :27:56:924 : 等待10秒
2019-01-22 13:38:21.960  INFO 18737 --- [Thread-22] :27:56:924 : 采样
2019-01-22 13:38:21.983  INFO 18737 --- [Thread-22] :27:56:924 : 获取正常链完毕
2019-01-22 13:38:21.983  INFO 18737 --- [Thread-22] :27:56:924 : 解析正常链中所有的边
2019-01-22 13:38:21.984  INFO 18737 --- [Thread-22] :27:56:924 : 注入故障
2019-01-22 13:38:22.401  INFO 18737 --- [Thread-22] :27:56:924 : 等待5秒
2019-01-22 13:38:27.402  INFO 18737 --- [Thread-22] :27:56:924 : 开始探测熔断位置
2019-01-22 13:38:27.402  INFO 18737 --- [Thread-22] :27:56:924 : 参数：持续60秒，间隔为10秒，抽样数量为40条
2019-01-22 13:38:27.454  INFO 18737 --- [Thread-22] :27:56:924 : 等待10秒
2019-01-22 13:38:37.454  INFO 18737 --- [Thread-22] :27:56:924 : 分析熔断位置
2019-01-22 13:38:37.514  INFO 18737 --- [Thread-22] :27:56:924 : 等待10秒
2019-01-22 13:38:47.514  INFO 18737 --- [Thread-22] :27:56:924 : 分析熔断位置
2019-01-22 13:38:47.514  INFO 18737 --- [Thread-22] :27:56:924 : 探测到熔断位置：productpage -> reviews4
2019-01-22 13:38:47.579  INFO 18737 --- [Thread-22] :27:56:924 : 等待10秒
2019-01-22 13:38:57.580  INFO 18737 --- [Thread-22] :27:56:924 : 分析熔断位置
2019-01-22 13:38:57.635  INFO 18737 --- [Thread-22] :27:56:924 : 等待10秒
2019-01-22 13:39:07.635  INFO 18737 --- [Thread-22] :27:56:924 : 分析熔断位置
2019-01-22 13:39:07.684  INFO 18737 --- [Thread-22] :27:56:924 : 等待10秒
2019-01-22 13:39:17.685  INFO 18737 --- [Thread-22] :27:56:924 : 分析熔断位置
2019-01-22 13:39:17.734  INFO 18737 --- [Thread-22] :27:56:924 : 等待10秒
2019-01-22 13:39:27.735  INFO 18737 --- [Thread-22] :27:56:924 : 分析熔断位置
2019-01-22 13:39:27.735  INFO 18737 --- [Thread-22] :27:56:924 : 开始监控熔断位置的吞吐量
2019-01-22 13:39:27.736  INFO 18737 --- [Thread-22] :27:56:924 : 参数：持续40秒，间隔为20秒，窗口大小为10秒
2019-01-22 13:39:37.736  INFO 18737 --- [Thread-22] :27:56:924 : 查询吞吐量数据
2019-01-22 13:39:37.740  INFO 18737 --- [Thread-22] :27:56:924 : 解析吞吐量数据
2019-01-22 13:39:47.740  INFO 18737 --- [Thread-22] :27:56:924 : 查询吞吐量数据
2019-01-22 13:39:47.742  INFO 18737 --- [Thread-22] :27:56:924 : 解析吞吐量数据
2019-01-22 13:39:57.743  INFO 18737 --- [Thread-22] :27:56:924 : 查询吞吐量数据
2019-01-22 13:39:57.746  INFO 18737 --- [Thread-22] :27:56:924 : 解析吞吐量数据
2019-01-22 13:40:07.747  INFO 18737 --- [Thread-22] :27:56:924 : 查询吞吐量数据
2019-01-22 13:40:07.750  INFO 18737 --- [Thread-22] :27:56:924 : 解析吞吐量数据
2019-01-22 13:40:07.751  INFO 18737 --- [Thread-22] :27:56:924 : 生成测试结果
2019-01-22 13:40:07.752  INFO 18737 --- [Thread-22] :27:56:924 : 删除故障
2019-01-22 13:40:10.686  INFO 18737 --- [Thread-22] :27:56:924 : 等待5秒
2019-01-22 13:40:15.687  INFO 18737 --- [Thread-22] :27:56:924 : 熔断模式分析结束
2019-01-22 13:40:15.687  INFO 18737 --- [Thread-22] :27:56:924 : 模式分析结束
2019-01-22 13:40:15.688  INFO 18737 --- [Thread-22] :27:56:924 : 对当前IPS探测结束
2019-01-22 13:40:15.688  INFO 18737 --- [Thread-22] :27:56:924 : 约束求解
2019-01-22 13:40:15.691  INFO 18737 --- [Thread-22] :27:56:924 : 求解结果为:{details}{reviews4}
2019-01-22 13:40:15.691  INFO 18737 --- [Thread-22] :27:56:924 : 开始过滤IPS
2019-01-22 13:40:15.691  INFO 18737 --- [Thread-22] :27:56:924 : {details}已经执行过，被过滤
2019-01-22 13:40:15.692  INFO 18737 --- [Thread-22] :27:56:924 : {reviews4}已经执行过，被过滤
2019-01-22 13:40:15.692  INFO 18737 --- [Thread-22] :27:56:924 : 结束过滤IPS
2019-01-22 13:40:15.692  INFO 18737 --- [Thread-22] :27:56:924 : IPS为空，结束对于当前tracePool的探测
2019-01-22 13:40:15.692  INFO 18737 --- [Thread-22] :27:56:924 : 对当前tracepool探测结束
2019-01-22 13:40:15.693  INFO 18737 --- [Thread-22] :27:56:924 : 当前tracepool为{details,productpage,ratings,reviews2}
2019-01-22 13:40:15.693  INFO 18737 --- [Thread-22] :27:56:924 : 开始对当前的tracepool进行探测
2019-01-22 13:40:15.693  INFO 18737 --- [Thread-22] :27:56:924 : 约束求解
2019-01-22 13:40:15.697  INFO 18737 --- [Thread-22] :27:56:924 : 求解结果为:{details}{productpage}{ratings}{reviews2}
2019-01-22 13:40:15.697  INFO 18737 --- [Thread-22] :27:56:924 : 开始过滤IPS
2019-01-22 13:40:15.697  INFO 18737 --- [Thread-22] :27:56:924 : {details}已经执行过，被过滤
2019-01-22 13:40:15.697  INFO 18737 --- [Thread-22] :27:56:924 : {productpage}已经执行过，被过滤
2019-01-22 13:40:15.697  INFO 18737 --- [Thread-22] :27:56:924 : 结束过滤IPS
2019-01-22 13:40:15.698  INFO 18737 --- [Thread-22] :27:56:924 : 待测故障注入点集合为{ratings}{reviews2}
2019-01-22 13:40:15.698  INFO 18737 --- [Thread-22] :27:56:924 : 当前的接口集合为[http://localhost:30036/productpageForExp]
2019-01-22 13:40:15.698  INFO 18737 --- [Thread-22] :27:56:924 : 开始对每个故障注入点探测
2019-01-22 13:40:15.698  INFO 18737 --- [Thread-22] :27:56:924 : 当前为第4次探测
2019-01-22 13:40:15.698  INFO 18737 --- [Thread-22] :27:56:924 : 开始对ratings的探测
2019-01-22 13:40:15.698  INFO 18737 --- [Thread-22] :27:56:924 : 注入500丢包
2019-01-22 13:40:16.079  INFO 18737 --- [Thread-22] :27:56:924 : 等待5秒
2019-01-22 13:40:21.080  INFO 18737 --- [Thread-22] :27:56:924 : 注入完毕
2019-01-22 13:40:21.080  INFO 18737 --- [Thread-22] :27:56:924 : 验证断言
2019-01-22 13:40:21.080  INFO 18737 --- [Thread-22] :27:56:924 : 验证返回结果和响应时间
2019-01-22 13:40:21.081  INFO 18737 --- [Thread-22] :27:56:924 : 等待10秒
2019-01-22 13:40:31.081  INFO 18737 --- [Thread-22] :27:56:924 : 采样调用链
2019-01-22 13:40:31.109  INFO 18737 --- [Thread-22] :27:56:924 : 逐个trace验证
2019-01-22 13:40:31.109  INFO 18737 --- [Thread-22] :27:56:924 : 验证用户自定义脚本
2019-01-22 13:40:33.037  INFO 18737 --- [Thread-22] :27:56:924 : 验证完毕
2019-01-22 13:40:33.037  INFO 18737 --- [Thread-22] :27:56:924 : 删除故障
2019-01-22 13:40:33.163  INFO 18737 --- [Thread-22] :27:56:924 : 等待5秒
2019-01-22 13:40:38.163  INFO 18737 --- [Thread-22] :27:56:924 : 开始模式分析
2019-01-22 13:40:38.164  INFO 18737 --- [Thread-22] :27:56:924 : 开始超时模式分析
2019-01-22 13:40:38.164  INFO 18737 --- [Thread-22] :27:56:924 : 注入20秒超时
2019-01-22 13:40:38.568  INFO 18737 --- [Thread-22] :27:56:924 : 等待5秒
2019-01-22 13:40:43.569  INFO 18737 --- [Thread-22] :27:56:924 : 参数：持续40秒，间隔为20秒，抽样数量为40条
2019-01-22 13:40:43.569  INFO 18737 --- [Thread-22] :27:56:924 : 等待20秒
2019-01-22 13:41:03.570  INFO 18737 --- [Thread-22] :27:56:924 : 抽样
2019-01-22 13:41:03.698  INFO 18737 --- [Thread-22] :27:56:924 : 统计并计算结果
2019-01-22 13:41:03.698  INFO 18737 --- [Thread-22] :27:56:924 : 探测到异常
2019-01-22 13:41:03.698  INFO 18737 --- [Thread-22] :27:56:924 : 探测到异常
2019-01-22 13:41:03.698  INFO 18737 --- [Thread-22] :27:56:924 : 探测到异常
2019-01-22 13:41:03.698  INFO 18737 --- [Thread-22] :27:56:924 : 探测到异常
2019-01-22 13:41:03.698  INFO 18737 --- [Thread-22] :27:56:924 : 探测到异常
2019-01-22 13:41:03.698  INFO 18737 --- [Thread-22] :27:56:924 : 探测到异常
2019-01-22 13:41:03.698  INFO 18737 --- [Thread-22] :27:56:924 : 探测到异常
2019-01-22 13:41:03.698  INFO 18737 --- [Thread-22] :27:56:924 : 探测到异常
2019-01-22 13:41:03.698  INFO 18737 --- [Thread-22] :27:56:924 : 探测到异常
2019-01-22 13:41:03.698  INFO 18737 --- [Thread-22] :27:56:924 : 探测到异常
2019-01-22 13:41:03.698  INFO 18737 --- [Thread-22] :27:56:924 : 探测到异常
2019-01-22 13:41:03.699  INFO 18737 --- [Thread-22] :27:56:924 : 探测到异常
2019-01-22 13:41:03.699  INFO 18737 --- [Thread-22] :27:56:924 : 探测到异常
2019-01-22 13:41:03.699  INFO 18737 --- [Thread-22] :27:56:924 : 探测到异常
2019-01-22 13:41:03.699  INFO 18737 --- [Thread-22] :27:56:924 : 探测到异常
2019-01-22 13:41:03.699  INFO 18737 --- [Thread-22] :27:56:924 : 探测到异常
2019-01-22 13:41:03.699  INFO 18737 --- [Thread-22] :27:56:924 : 探测到异常
2019-01-22 13:41:03.699  INFO 18737 --- [Thread-22] :27:56:924 : 探测到异常
2019-01-22 13:41:03.699  INFO 18737 --- [Thread-22] :27:56:924 : 探测到异常
2019-01-22 13:41:03.699  INFO 18737 --- [Thread-22] :27:56:924 : 探测到异常
2019-01-22 13:41:03.699  INFO 18737 --- [Thread-22] :27:56:924 : 探测到异常
2019-01-22 13:41:03.699  INFO 18737 --- [Thread-22] :27:56:924 : 探测到异常
2019-01-22 13:41:03.699  INFO 18737 --- [Thread-22] :27:56:924 : 探测到异常
2019-01-22 13:41:03.699  INFO 18737 --- [Thread-22] :27:56:924 : 探测到异常
2019-01-22 13:41:03.699  INFO 18737 --- [Thread-22] :27:56:924 : 探测到异常
2019-01-22 13:41:03.700  INFO 18737 --- [Thread-22] :27:56:924 : 探测到异常
2019-01-22 13:41:03.700  INFO 18737 --- [Thread-22] :27:56:924 : 等待20秒
2019-01-22 13:41:23.700  INFO 18737 --- [Thread-22] :27:56:924 : 抽样
2019-01-22 13:41:23.818  INFO 18737 --- [Thread-22] :27:56:924 : 统计并计算结果
2019-01-22 13:41:23.818  INFO 18737 --- [Thread-22] :27:56:924 : 探测到异常
2019-01-22 13:41:23.819  INFO 18737 --- [Thread-22] :27:56:924 : 探测到异常
2019-01-22 13:41:23.819  INFO 18737 --- [Thread-22] :27:56:924 : 探测到异常
2019-01-22 13:41:23.819  INFO 18737 --- [Thread-22] :27:56:924 : 探测到异常
2019-01-22 13:41:23.819  INFO 18737 --- [Thread-22] :27:56:924 : 探测到异常
2019-01-22 13:41:23.819  INFO 18737 --- [Thread-22] :27:56:924 : 探测到异常
2019-01-22 13:41:23.819  INFO 18737 --- [Thread-22] :27:56:924 : 探测到异常
2019-01-22 13:41:23.819  INFO 18737 --- [Thread-22] :27:56:924 : 探测到异常
2019-01-22 13:41:23.819  INFO 18737 --- [Thread-22] :27:56:924 : 探测到异常
2019-01-22 13:41:23.819  INFO 18737 --- [Thread-22] :27:56:924 : 探测到异常
2019-01-22 13:41:23.819  INFO 18737 --- [Thread-22] :27:56:924 : 探测到异常
2019-01-22 13:41:23.820  INFO 18737 --- [Thread-22] :27:56:924 : 探测到异常
2019-01-22 13:41:23.820  INFO 18737 --- [Thread-22] :27:56:924 : 探测到异常
2019-01-22 13:41:23.820  INFO 18737 --- [Thread-22] :27:56:924 : 探测到异常
2019-01-22 13:41:23.820  INFO 18737 --- [Thread-22] :27:56:924 : 探测到异常
2019-01-22 13:41:23.820  INFO 18737 --- [Thread-22] :27:56:924 : 探测到异常
2019-01-22 13:41:23.820  INFO 18737 --- [Thread-22] :27:56:924 : 探测到异常
2019-01-22 13:41:23.820  INFO 18737 --- [Thread-22] :27:56:924 : 探测到异常
2019-01-22 13:41:23.820  INFO 18737 --- [Thread-22] :27:56:924 : 探测到异常
2019-01-22 13:41:23.820  INFO 18737 --- [Thread-22] :27:56:924 : 探测到异常
2019-01-22 13:41:23.820  INFO 18737 --- [Thread-22] :27:56:924 : 探测到异常
2019-01-22 13:41:23.820  INFO 18737 --- [Thread-22] :27:56:924 : 探测到异常
2019-01-22 13:41:23.820  INFO 18737 --- [Thread-22] :27:56:924 : 探测到异常
2019-01-22 13:41:23.820  INFO 18737 --- [Thread-22] :27:56:924 : 探测到异常
2019-01-22 13:41:23.820  INFO 18737 --- [Thread-22] :27:56:924 : 探测到异常
2019-01-22 13:41:23.820  INFO 18737 --- [Thread-22] :27:56:924 : 探测到异常
2019-01-22 13:41:23.929  INFO 18737 --- [Thread-22] :27:56:924 : 等待5秒
2019-01-22 13:41:28.929  INFO 18737 --- [Thread-22] :27:56:924 : 超时模式分析结束
2019-01-22 13:41:28.929  INFO 18737 --- [Thread-22] :27:56:924 : 开始重试模式分析
2019-01-22 13:41:28.930  INFO 18737 --- [Thread-22] :27:56:924 : 抽样正常请求
2019-01-22 13:41:28.930  INFO 18737 --- [Thread-22] :27:56:924 : 等待10秒
2019-01-22 13:41:38.930  INFO 18737 --- [Thread-22] :27:56:924 : 抽样中
2019-01-22 13:41:38.964  INFO 18737 --- [Thread-22] :27:56:924 : 抽取正常请求数量
2019-01-22 13:41:38.964  INFO 18737 --- [Thread-22] :27:56:924 : 注入丢包
2019-01-22 13:41:39.415  INFO 18737 --- [Thread-22] :27:56:924 : 等待5秒
2019-01-22 13:41:44.415  INFO 18737 --- [Thread-22] :27:56:924 : 注入完毕
2019-01-22 13:41:44.415  INFO 18737 --- [Thread-22] :27:56:924 : 开始探测，参数为：持续20秒，间隔为10秒，抽样数量为20条
2019-01-22 13:41:44.416  INFO 18737 --- [Thread-22] :27:56:924 : 等待10秒
2019-01-22 13:41:54.416  INFO 18737 --- [Thread-22] :27:56:924 : 抽样故障调用链中
2019-01-22 13:41:54.506  INFO 18737 --- [Thread-22] :27:56:924 : 分析中
2019-01-22 13:41:54.507  INFO 18737 --- [Thread-22] :27:56:924 : 删除故障
2019-01-22 13:41:54.617  INFO 18737 --- [Thread-22] :27:56:924 : 等待5秒
2019-01-22 13:41:59.617  INFO 18737 --- [Thread-22] :27:56:924 : 故障删除完毕
2019-01-22 13:41:59.617  INFO 18737 --- [Thread-22] :27:56:924 : 重试模式分析结束
2019-01-22 13:41:59.618  INFO 18737 --- [Thread-22] :27:56:924 : 开始船舱模式分析
2019-01-22 13:41:59.618  INFO 18737 --- [Thread-22] :27:56:924 : 查询兄弟节点
2019-01-22 13:41:59.618  INFO 18737 --- [Thread-22] :27:56:924 : 等待30秒
2019-01-22 13:42:29.618  INFO 18737 --- [Thread-22] :27:56:924 : 查询图
2019-01-22 13:42:29.625  INFO 18737 --- [Thread-22] :27:56:924 : 兄弟节点共0个
2019-01-22 13:42:29.625  INFO 18737 --- [Thread-22] :27:56:924 : 不存在兄弟节点,结束船舱模式的探测
2019-01-22 13:42:29.625  INFO 18737 --- [Thread-22] :27:56:924 : 船舱模式分析结束
2019-01-22 13:42:29.625  INFO 18737 --- [Thread-22] :27:56:924 : 开始熔断模式分析
2019-01-22 13:42:29.625  INFO 18737 --- [Thread-22] :27:56:924 : 对正常情况下链采样
2019-01-22 13:42:29.625  INFO 18737 --- [Thread-22] :27:56:924 : 等待10秒
2019-01-22 13:42:39.625  INFO 18737 --- [Thread-22] :27:56:924 : 采样
2019-01-22 13:42:39.653  INFO 18737 --- [Thread-22] :27:56:924 : 获取正常链完毕
2019-01-22 13:42:39.653  INFO 18737 --- [Thread-22] :27:56:924 : 解析正常链中所有的边
2019-01-22 13:42:39.653  INFO 18737 --- [Thread-22] :27:56:924 : 注入故障
2019-01-22 13:42:40.072  INFO 18737 --- [Thread-22] :27:56:924 : 等待5秒
2019-01-22 13:42:45.072  INFO 18737 --- [Thread-22] :27:56:924 : 开始探测熔断位置
2019-01-22 13:42:45.073  INFO 18737 --- [Thread-22] :27:56:924 : 参数：持续60秒，间隔为10秒，抽样数量为40条
2019-01-22 13:42:45.142  INFO 18737 --- [Thread-22] :27:56:924 : 等待10秒
2019-01-22 13:42:55.142  INFO 18737 --- [Thread-22] :27:56:924 : 分析熔断位置
2019-01-22 13:42:55.199  INFO 18737 --- [Thread-22] :27:56:924 : 等待10秒
2019-01-22 13:43:05.199  INFO 18737 --- [Thread-22] :27:56:924 : 分析熔断位置
2019-01-22 13:43:05.252  INFO 18737 --- [Thread-22] :27:56:924 : 等待10秒
2019-01-22 13:43:15.253  INFO 18737 --- [Thread-22] :27:56:924 : 分析熔断位置
2019-01-22 13:43:15.312  INFO 18737 --- [Thread-22] :27:56:924 : 等待10秒
2019-01-22 13:43:25.312  INFO 18737 --- [Thread-22] :27:56:924 : 分析熔断位置
2019-01-22 13:43:25.370  INFO 18737 --- [Thread-22] :27:56:924 : 等待10秒
2019-01-22 13:43:35.370  INFO 18737 --- [Thread-22] :27:56:924 : 分析熔断位置
2019-01-22 13:43:35.436  INFO 18737 --- [Thread-22] :27:56:924 : 等待10秒
2019-01-22 13:43:45.437  INFO 18737 --- [Thread-22] :27:56:924 : 分析熔断位置
2019-01-22 13:43:45.437  INFO 18737 --- [Thread-22] :27:56:924 : 缺失熔断
2019-01-22 13:43:45.438  INFO 18737 --- [Thread-22] :27:56:924 : 删除故障
2019-01-22 13:43:45.569  INFO 18737 --- [Thread-22] :27:56:924 : 等待5秒
2019-01-22 13:43:50.570  INFO 18737 --- [Thread-22] :27:56:924 : 熔断模式分析结束
2019-01-22 13:43:50.570  INFO 18737 --- [Thread-22] :27:56:924 : 模式分析结束
2019-01-22 13:43:50.570  INFO 18737 --- [Thread-22] :27:56:924 : 当前为第5次探测
2019-01-22 13:43:50.571  INFO 18737 --- [Thread-22] :27:56:924 : 开始对reviews2的探测
2019-01-22 13:43:50.571  INFO 18737 --- [Thread-22] :27:56:924 : 注入500丢包
2019-01-22 13:43:50.989  INFO 18737 --- [Thread-22] :27:56:924 : 等待5秒
2019-01-22 13:43:55.989  INFO 18737 --- [Thread-22] :27:56:924 : 注入完毕
2019-01-22 13:43:55.990  INFO 18737 --- [Thread-22] :27:56:924 : 验证断言
2019-01-22 13:43:55.991  INFO 18737 --- [Thread-22] :27:56:924 : 验证返回结果和响应时间
2019-01-22 13:43:55.991  INFO 18737 --- [Thread-22] :27:56:924 : 等待10秒
2019-01-22 13:44:05.991  INFO 18737 --- [Thread-22] :27:56:924 : 采样调用链
2019-01-22 13:44:06.005  INFO 18737 --- [Thread-22] :27:56:924 : 逐个trace验证
2019-01-22 13:44:06.006  INFO 18737 --- [Thread-22] :27:56:924 : 验证用户自定义脚本
2019-01-22 13:44:08.018  INFO 18737 --- [Thread-22] :27:56:924 : 验证完毕
2019-01-22 13:44:08.018  INFO 18737 --- [Thread-22] :27:56:924 : 无异常，开始更新调用链
2019-01-22 13:44:08.018  INFO 18737 --- [Thread-22] :27:56:924 : 参数：持续30秒，间隔为10秒，抽样数量为40条
2019-01-22 13:44:08.018  INFO 18737 --- [Thread-22] :27:56:924 : 等待10秒
2019-01-22 13:44:18.018  INFO 18737 --- [Thread-22] :27:56:924 : 抽样调用链
2019-01-22 13:44:18.082  INFO 18737 --- [Thread-22] :27:56:924 : 分析
2019-01-22 13:44:18.083  INFO 18737 --- [Thread-22] :27:56:924 : 加入新的trace{details,productpage,ratings,reviews3}
2019-01-22 13:44:18.084  INFO 18737 --- [Thread-22] :27:56:924 : 等待10秒
2019-01-22 13:44:28.084  INFO 18737 --- [Thread-22] :27:56:924 : 抽样调用链
2019-01-22 13:44:28.146  INFO 18737 --- [Thread-22] :27:56:924 : 分析
2019-01-22 13:44:28.147  INFO 18737 --- [Thread-22] :27:56:924 : 等待10秒
2019-01-22 13:44:38.147  INFO 18737 --- [Thread-22] :27:56:924 : 抽样调用链
2019-01-22 13:44:38.212  INFO 18737 --- [Thread-22] :27:56:924 : 分析
2019-01-22 13:44:38.213  INFO 18737 --- [Thread-22] :27:56:924 : 更新完毕，删除故障
2019-01-22 13:44:38.325  INFO 18737 --- [Thread-22] :27:56:924 : 等待5秒
2019-01-22 13:44:43.325  INFO 18737 --- [Thread-22] :27:56:924 : 删除故障完毕
2019-01-22 13:44:43.325  INFO 18737 --- [Thread-22] :27:56:924 : 对当前IPS探测结束
2019-01-22 13:44:43.325  INFO 18737 --- [Thread-22] :27:56:924 : 约束求解
2019-01-22 13:44:43.330  INFO 18737 --- [Thread-22] :27:56:924 : 求解结果为:{details}{productpage}{ratings}{reviews3,reviews2}
2019-01-22 13:44:43.330  INFO 18737 --- [Thread-22] :27:56:924 : 开始过滤IPS
2019-01-22 13:44:43.331  INFO 18737 --- [Thread-22] :27:56:924 : {details}已经执行过，被过滤
2019-01-22 13:44:43.331  INFO 18737 --- [Thread-22] :27:56:924 : {productpage}已经执行过，被过滤
2019-01-22 13:44:43.331  INFO 18737 --- [Thread-22] :27:56:924 : {ratings}已经执行过，被过滤
2019-01-22 13:44:43.331  INFO 18737 --- [Thread-22] :27:56:924 : 结束过滤IPS
2019-01-22 13:44:43.332  INFO 18737 --- [Thread-22] :27:56:924 : 待测故障注入点集合为{reviews2,reviews3}
2019-01-22 13:44:43.333  INFO 18737 --- [Thread-22] :27:56:924 : 当前的接口集合为[http://localhost:30036/productpageForExp]
2019-01-22 13:44:43.334  INFO 18737 --- [Thread-22] :27:56:924 : 开始对每个故障注入点探测
2019-01-22 13:44:43.334  INFO 18737 --- [Thread-22] :27:56:924 : 当前为第6次探测
2019-01-22 13:44:43.334  INFO 18737 --- [Thread-22] :27:56:924 : 开始对reviews2;reviews3的探测
2019-01-22 13:44:43.334  INFO 18737 --- [Thread-22] :27:56:924 : 注入500丢包
2019-01-22 13:44:44.186  INFO 18737 --- [Thread-22] :27:56:924 : 等待5秒
2019-01-22 13:44:49.187  INFO 18737 --- [Thread-22] :27:56:924 : 注入完毕
2019-01-22 13:44:49.187  INFO 18737 --- [Thread-22] :27:56:924 : 验证断言
2019-01-22 13:44:49.187  INFO 18737 --- [Thread-22] :27:56:924 : 验证返回结果和响应时间
2019-01-22 13:44:49.187  INFO 18737 --- [Thread-22] :27:56:924 : 等待10秒
2019-01-22 13:44:59.192  INFO 18737 --- [Thread-22] :27:56:924 : 采样调用链
2019-01-22 13:44:59.209  INFO 18737 --- [Thread-22] :27:56:924 : 逐个trace验证
2019-01-22 13:44:59.209  INFO 18737 --- [Thread-22] :27:56:924 : 验证用户自定义脚本
2019-01-22 13:45:01.895  INFO 18737 --- [Thread-22] :27:56:924 : 验证完毕
2019-01-22 13:45:01.895  INFO 18737 --- [Thread-22] :27:56:924 : 无异常，开始更新调用链
2019-01-22 13:45:01.895  INFO 18737 --- [Thread-22] :27:56:924 : 参数：持续30秒，间隔为10秒，抽样数量为40条
2019-01-22 13:45:01.895  INFO 18737 --- [Thread-22] :27:56:924 : 等待10秒
2019-01-22 13:45:11.895  INFO 18737 --- [Thread-22] :27:56:924 : 抽样调用链
2019-01-22 13:45:11.963  INFO 18737 --- [Thread-22] :27:56:924 : 分析
2019-01-22 13:45:11.965  INFO 18737 --- [Thread-22] :27:56:924 : 加入新的trace{details,productpage,reviews1}
2019-01-22 13:45:11.966  INFO 18737 --- [Thread-22] :27:56:924 : 等待10秒
2019-01-22 13:45:21.967  INFO 18737 --- [Thread-22] :27:56:924 : 抽样调用链
2019-01-22 13:45:22.025  INFO 18737 --- [Thread-22] :27:56:924 : 分析
2019-01-22 13:45:22.025  INFO 18737 --- [Thread-22] :27:56:924 : 等待10秒
2019-01-22 13:45:32.025  INFO 18737 --- [Thread-22] :27:56:924 : 抽样调用链
2019-01-22 13:45:32.070  INFO 18737 --- [Thread-22] :27:56:924 : 分析
2019-01-22 13:45:32.071  INFO 18737 --- [Thread-22] :27:56:924 : 更新完毕，删除故障
2019-01-22 13:45:32.268  INFO 18737 --- [Thread-22] :27:56:924 : 等待5秒
2019-01-22 13:45:37.269  INFO 18737 --- [Thread-22] :27:56:924 : 删除故障完毕
2019-01-22 13:45:37.269  INFO 18737 --- [Thread-22] :27:56:924 : 对当前IPS探测结束
2019-01-22 13:45:37.269  INFO 18737 --- [Thread-22] :27:56:924 : 约束求解
2019-01-22 13:45:37.274  INFO 18737 --- [Thread-22] :27:56:924 : 求解结果为:{details}{productpage}{reviews3,reviews1,reviews2}{ratings,reviews1}
2019-01-22 13:45:37.275  INFO 18737 --- [Thread-22] :27:56:924 : 开始过滤IPS
2019-01-22 13:45:37.275  INFO 18737 --- [Thread-22] :27:56:924 : {details}已经执行过，被过滤
2019-01-22 13:45:37.275  INFO 18737 --- [Thread-22] :27:56:924 : {productpage}已经执行过，被过滤
2019-01-22 13:45:37.275  INFO 18737 --- [Thread-22] :27:56:924 : {ratings,reviews1}包含实效的故障注入点，被过滤
2019-01-22 13:45:37.275  INFO 18737 --- [Thread-22] :27:56:924 : 结束过滤IPS
2019-01-22 13:45:37.275  INFO 18737 --- [Thread-22] :27:56:924 : 待测故障注入点集合为{reviews1,reviews2,reviews3}
2019-01-22 13:45:37.276  INFO 18737 --- [Thread-22] :27:56:924 : 当前的接口集合为[http://localhost:30036/productpageForExp]
2019-01-22 13:45:37.276  INFO 18737 --- [Thread-22] :27:56:924 : 开始对每个故障注入点探测
2019-01-22 13:45:37.276  INFO 18737 --- [Thread-22] :27:56:924 : 当前为第7次探测
2019-01-22 13:45:37.276  INFO 18737 --- [Thread-22] :27:56:924 : 开始对reviews1;reviews2;reviews3的探测
2019-01-22 13:45:37.276  INFO 18737 --- [Thread-22] :27:56:924 : 注入500丢包
2019-01-22 13:45:38.545  INFO 18737 --- [Thread-22] :27:56:924 : 等待5秒
2019-01-22 13:45:43.545  INFO 18737 --- [Thread-22] :27:56:924 : 注入完毕
2019-01-22 13:45:43.546  INFO 18737 --- [Thread-22] :27:56:924 : 验证断言
2019-01-22 13:45:43.547  INFO 18737 --- [Thread-22] :27:56:924 : 验证返回结果和响应时间
2019-01-22 13:45:43.547  INFO 18737 --- [Thread-22] :27:56:924 : 等待10秒
2019-01-22 13:45:53.547  INFO 18737 --- [Thread-22] :27:56:924 : 采样调用链
2019-01-22 13:45:53.573  INFO 18737 --- [Thread-22] :27:56:924 : 逐个trace验证
2019-01-22 13:45:53.574  INFO 18737 --- [Thread-22] :27:56:924 : 验证用户自定义脚本
2019-01-22 13:45:56.061  INFO 18737 --- [Thread-22] :27:56:924 : 验证完毕
2019-01-22 13:45:56.062  INFO 18737 --- [Thread-22] :27:56:924 : 删除故障
2019-01-22 13:45:56.425  INFO 18737 --- [Thread-22] :27:56:924 : 等待5秒
2019-01-22 13:46:01.426  INFO 18737 --- [Thread-22] :27:56:924 : 开始模式分析
2019-01-22 13:46:01.426  INFO 18737 --- [Thread-22] :27:56:924 : 开始超时模式分析
2019-01-22 13:46:01.426  INFO 18737 --- [Thread-22] :27:56:924 : 注入20秒超时
2019-01-22 13:46:02.678  INFO 18737 --- [Thread-22] :27:56:924 : 等待5秒
2019-01-22 13:46:07.679  INFO 18737 --- [Thread-22] :27:56:924 : 参数：持续40秒，间隔为20秒，抽样数量为40条
2019-01-22 13:46:07.679  INFO 18737 --- [Thread-22] :27:56:924 : 等待20秒
2019-01-22 13:46:27.679  INFO 18737 --- [Thread-22] :27:56:924 : 抽样
2019-01-22 13:46:27.806  INFO 18737 --- [Thread-22] :27:56:924 : 统计并计算结果
2019-01-22 13:46:27.807  INFO 18737 --- [Thread-22] :27:56:924 : 等待20秒
2019-01-22 13:46:47.807  INFO 18737 --- [Thread-22] :27:56:924 : 抽样
2019-01-22 13:46:47.902  INFO 18737 --- [Thread-22] :27:56:924 : 统计并计算结果
2019-01-22 13:46:48.294  INFO 18737 --- [Thread-22] :27:56:924 : 等待5秒
2019-01-22 13:46:53.294  INFO 18737 --- [Thread-22] :27:56:924 : 超时模式分析结束
2019-01-22 13:46:53.295  INFO 18737 --- [Thread-22] :27:56:924 : 开始重试模式分析
2019-01-22 13:46:53.295  INFO 18737 --- [Thread-22] :27:56:924 : 抽样正常请求
2019-01-22 13:46:53.295  INFO 18737 --- [Thread-22] :27:56:924 : 等待10秒
2019-01-22 13:47:03.295  INFO 18737 --- [Thread-22] :27:56:924 : 抽样中
2019-01-22 13:47:03.328  INFO 18737 --- [Thread-22] :27:56:924 : 抽取正常请求数量
2019-01-22 13:47:03.329  INFO 18737 --- [Thread-22] :27:56:924 : 注入丢包
2019-01-22 13:47:04.428  INFO 18737 --- [Thread-22] :27:56:924 : 等待5秒
2019-01-22 13:47:09.429  INFO 18737 --- [Thread-22] :27:56:924 : 注入完毕
2019-01-22 13:47:09.429  INFO 18737 --- [Thread-22] :27:56:924 : 开始探测，参数为：持续20秒，间隔为10秒，抽样数量为20条
2019-01-22 13:47:09.429  INFO 18737 --- [Thread-22] :27:56:924 : 等待10秒
2019-01-22 13:47:19.430  INFO 18737 --- [Thread-22] :27:56:924 : 抽样故障调用链中
2019-01-22 13:47:19.490  INFO 18737 --- [Thread-22] :27:56:924 : 分析中
2019-01-22 13:47:19.490  INFO 18737 --- [Thread-22] :27:56:924 : 探测到异常重试情况
2019-01-22 13:47:19.490  INFO 18737 --- [Thread-22] :27:56:924 : 探测到异常重试情况
2019-01-22 13:47:19.490  INFO 18737 --- [Thread-22] :27:56:924 : 探测到异常重试情况
2019-01-22 13:47:19.490  INFO 18737 --- [Thread-22] :27:56:924 : 探测到异常重试情况
2019-01-22 13:47:19.490  INFO 18737 --- [Thread-22] :27:56:924 : 探测到异常重试情况
2019-01-22 13:47:19.491  INFO 18737 --- [Thread-22] :27:56:924 : 探测到异常重试情况
2019-01-22 13:47:19.491  INFO 18737 --- [Thread-22] :27:56:924 : 探测到异常重试情况
2019-01-22 13:47:19.491  INFO 18737 --- [Thread-22] :27:56:924 : 探测到异常重试情况
2019-01-22 13:47:19.491  INFO 18737 --- [Thread-22] :27:56:924 : 探测到异常重试情况
2019-01-22 13:47:19.491  INFO 18737 --- [Thread-22] :27:56:924 : 探测到异常重试情况
2019-01-22 13:47:19.491  INFO 18737 --- [Thread-22] :27:56:924 : 探测到异常重试情况
2019-01-22 13:47:19.491  INFO 18737 --- [Thread-22] :27:56:924 : 探测到异常重试情况
2019-01-22 13:47:19.491  INFO 18737 --- [Thread-22] :27:56:924 : 探测到异常重试情况
2019-01-22 13:47:19.491  INFO 18737 --- [Thread-22] :27:56:924 : 探测到异常重试情况
2019-01-22 13:47:19.491  INFO 18737 --- [Thread-22] :27:56:924 : 探测到异常重试情况
2019-01-22 13:47:19.492  INFO 18737 --- [Thread-22] :27:56:924 : 探测到异常重试情况
2019-01-22 13:47:19.492  INFO 18737 --- [Thread-22] :27:56:924 : 探测到异常重试情况
2019-01-22 13:47:19.492  INFO 18737 --- [Thread-22] :27:56:924 : 探测到异常重试情况
2019-01-22 13:47:19.492  INFO 18737 --- [Thread-22] :27:56:924 : 探测到异常重试情况
2019-01-22 13:47:19.492  INFO 18737 --- [Thread-22] :27:56:924 : 删除故障
2019-01-22 13:47:19.798  INFO 18737 --- [Thread-22] :27:56:924 : 等待5秒
2019-01-22 13:47:24.799  INFO 18737 --- [Thread-22] :27:56:924 : 故障删除完毕
2019-01-22 13:47:24.799  INFO 18737 --- [Thread-22] :27:56:924 : 重试模式分析结束
2019-01-22 13:47:24.799  INFO 18737 --- [Thread-22] :27:56:924 : 开始船舱模式分析
2019-01-22 13:47:24.800  INFO 18737 --- [Thread-22] :27:56:924 : 查询兄弟节点
2019-01-22 13:47:24.800  INFO 18737 --- [Thread-22] :27:56:924 : 等待30秒
2019-01-22 13:47:54.800  INFO 18737 --- [Thread-22] :27:56:924 : 查询图
2019-01-22 13:47:54.808  INFO 18737 --- [Thread-22] :27:56:924 : 兄弟节点共2个
2019-01-22 13:47:54.809  INFO 18737 --- [Thread-22] :27:56:924 : 探测父节点到兄弟节点的正常吞吐量
2019-01-22 13:47:54.809  INFO 18737 --- [Thread-22] :27:56:924 : 开始探测，参数为：持续40秒，间隔为20秒，窗口为10秒
2019-01-22 13:47:54.809  INFO 18737 --- [Thread-22] :27:56:924 : 等待20秒
2019-01-22 13:48:14.809  INFO 18737 --- [Thread-22] :27:56:924 : 查询吞吐量
2019-01-22 13:48:14.812  INFO 18737 --- [Thread-22] :27:56:924 : 获取吞吐量
2019-01-22 13:48:14.812  INFO 18737 --- [Thread-22] :27:56:924 : 等待20秒
2019-01-22 13:48:34.812  INFO 18737 --- [Thread-22] :27:56:924 : 查询吞吐量
2019-01-22 13:48:34.816  INFO 18737 --- [Thread-22] :27:56:924 : 获取吞吐量
2019-01-22 13:48:34.816  INFO 18737 --- [Thread-22] :27:56:924 : 正常吞吐量探测完毕
2019-01-22 13:48:34.817  INFO 18737 --- [Thread-22] :27:56:924 : 注入20秒延迟
2019-01-22 13:48:35.963  INFO 18737 --- [Thread-22] :27:56:924 : 等待5秒
2019-01-22 13:48:40.963  INFO 18737 --- [Thread-22] :27:56:924 : 探测父节点到兄弟节点的异常吞吐量
2019-01-22 13:48:40.964  INFO 18737 --- [Thread-22] :27:56:924 : 开始探测，参数为：持续40秒，间隔为20秒，窗口为10秒
2019-01-22 13:48:40.965  INFO 18737 --- [Thread-22] :27:56:924 : 等待20秒
2019-01-22 13:49:00.965  INFO 18737 --- [Thread-22] :27:56:924 : 查询吞吐量
2019-01-22 13:49:00.969  INFO 18737 --- [Thread-22] :27:56:924 : 获取吞吐量
2019-01-22 13:49:00.970  INFO 18737 --- [Thread-22] :27:56:924 : 等待20秒
2019-01-22 13:49:20.970  INFO 18737 --- [Thread-22] :27:56:924 : 查询吞吐量
2019-01-22 13:49:20.974  INFO 18737 --- [Thread-22] :27:56:924 : 获取吞吐量
2019-01-22 13:49:20.974  INFO 18737 --- [Thread-22] :27:56:924 : 异常吞吐量探测完毕
2019-01-22 13:49:20.975  INFO 18737 --- [Thread-22] :27:56:924 : 分析结果
2019-01-22 13:49:20.975  INFO 18737 --- [Thread-22] :27:56:924 : 探测到船舱模式缺失
2019-01-22 13:49:20.975  INFO 18737 --- [Thread-22] :27:56:924 : 探测到船舱模式缺失
2019-01-22 13:49:20.976  INFO 18737 --- [Thread-22] :27:56:924 : 删除故障
2019-01-22 13:49:21.369  INFO 18737 --- [Thread-22] :27:56:924 : 等待5秒
2019-01-22 13:49:26.369  INFO 18737 --- [Thread-22] :27:56:924 : 船舱模式分析结束
2019-01-22 13:49:26.369  INFO 18737 --- [Thread-22] :27:56:924 : 开始熔断模式分析
2019-01-22 13:49:26.370  INFO 18737 --- [Thread-22] :27:56:924 : 对正常情况下链采样
2019-01-22 13:49:26.370  INFO 18737 --- [Thread-22] :27:56:924 : 等待10秒
2019-01-22 13:49:36.370  INFO 18737 --- [Thread-22] :27:56:924 : 采样
2019-01-22 13:49:36.384  INFO 18737 --- [Thread-22] :27:56:924 : 获取正常链完毕
2019-01-22 13:49:36.384  INFO 18737 --- [Thread-22] :27:56:924 : 解析正常链中所有的边
2019-01-22 13:49:36.384  INFO 18737 --- [Thread-22] :27:56:924 : 注入故障
2019-01-22 13:49:37.523  INFO 18737 --- [Thread-22] :27:56:924 : 等待5秒
2019-01-22 13:49:42.524  INFO 18737 --- [Thread-22] :27:56:924 : 开始探测熔断位置
2019-01-22 13:49:42.524  INFO 18737 --- [Thread-22] :27:56:924 : 参数：持续60秒，间隔为10秒，抽样数量为40条
2019-01-22 13:49:42.581  INFO 18737 --- [Thread-22] :27:56:924 : 等待10秒
2019-01-22 13:49:52.581  INFO 18737 --- [Thread-22] :27:56:924 : 分析熔断位置
2019-01-22 13:49:52.582  INFO 18737 --- [Thread-22] :27:56:924 : 探测到熔断位置：reviews2 -> ratings
2019-01-22 13:49:52.644  INFO 18737 --- [Thread-22] :27:56:924 : 等待10秒
2019-01-22 13:50:02.644  INFO 18737 --- [Thread-22] :27:56:924 : 分析熔断位置
2019-01-22 13:50:02.707  INFO 18737 --- [Thread-22] :27:56:924 : 等待10秒
2019-01-22 13:50:12.707  INFO 18737 --- [Thread-22] :27:56:924 : 分析熔断位置
2019-01-22 13:50:12.780  INFO 18737 --- [Thread-22] :27:56:924 : 等待10秒
2019-01-22 13:50:22.780  INFO 18737 --- [Thread-22] :27:56:924 : 分析熔断位置
2019-01-22 13:50:22.781  INFO 18737 --- [Thread-22] :27:56:924 : 探测到熔断位置：productpage -> reviews2
2019-01-22 13:50:22.782  INFO 18737 --- [Thread-22] :27:56:924 : 探测到熔断位置：productpage -> details
2019-01-22 13:50:22.833  INFO 18737 --- [Thread-22] :27:56:924 : 等待10秒
2019-01-22 13:50:32.833  INFO 18737 --- [Thread-22] :27:56:924 : 分析熔断位置
2019-01-22 13:50:32.886  INFO 18737 --- [Thread-22] :27:56:924 : 等待10秒
2019-01-22 13:50:42.887  INFO 18737 --- [Thread-22] :27:56:924 : 分析熔断位置
2019-01-22 13:50:42.887  INFO 18737 --- [Thread-22] :27:56:924 : 开始监控熔断位置的吞吐量
2019-01-22 13:50:42.888  INFO 18737 --- [Thread-22] :27:56:924 : 参数：持续40秒，间隔为20秒，窗口大小为10秒
2019-01-22 13:50:52.888  INFO 18737 --- [Thread-22] :27:56:924 : 查询吞吐量数据
2019-01-22 13:50:52.892  INFO 18737 --- [Thread-22] :27:56:924 : 解析吞吐量数据
2019-01-22 13:51:02.893  INFO 18737 --- [Thread-22] :27:56:924 : 查询吞吐量数据
2019-01-22 13:51:02.896  INFO 18737 --- [Thread-22] :27:56:924 : 解析吞吐量数据
2019-01-22 13:51:12.896  INFO 18737 --- [Thread-22] :27:56:924 : 查询吞吐量数据
2019-01-22 13:51:12.900  INFO 18737 --- [Thread-22] :27:56:924 : 解析吞吐量数据
2019-01-22 13:51:22.901  INFO 18737 --- [Thread-22] :27:56:924 : 查询吞吐量数据
2019-01-22 13:51:22.904  INFO 18737 --- [Thread-22] :27:56:924 : 解析吞吐量数据
2019-01-22 13:51:22.905  INFO 18737 --- [Thread-22] :27:56:924 : 生成测试结果
2019-01-22 13:51:22.908  INFO 18737 --- [Thread-22] :27:56:924 : 删除故障
2019-01-22 13:51:25.858  INFO 18737 --- [Thread-22] :27:56:924 : 等待5秒
2019-01-22 13:51:30.859  INFO 18737 --- [Thread-22] :27:56:924 : 熔断模式分析结束
2019-01-22 13:51:30.859  INFO 18737 --- [Thread-22] :27:56:924 : 模式分析结束
2019-01-22 13:51:30.859  INFO 18737 --- [Thread-22] :27:56:924 : 对当前IPS探测结束
2019-01-22 13:51:30.859  INFO 18737 --- [Thread-22] :27:56:924 : 约束求解
2019-01-22 13:51:30.866  INFO 18737 --- [Thread-22] :27:56:924 : 求解结果为:{details}{productpage}{reviews3,reviews1,reviews2}{ratings,reviews1}
2019-01-22 13:51:30.866  INFO 18737 --- [Thread-22] :27:56:924 : 开始过滤IPS
2019-01-22 13:51:30.867  INFO 18737 --- [Thread-22] :27:56:924 : {details}已经执行过，被过滤
2019-01-22 13:51:30.867  INFO 18737 --- [Thread-22] :27:56:924 : {productpage}已经执行过，被过滤
2019-01-22 13:51:30.867  INFO 18737 --- [Thread-22] :27:56:924 : {reviews1,reviews2,reviews3}已经执行过，被过滤
2019-01-22 13:51:30.867  INFO 18737 --- [Thread-22] :27:56:924 : {ratings,reviews1}包含实效的故障注入点，被过滤
2019-01-22 13:51:30.867  INFO 18737 --- [Thread-22] :27:56:924 : 结束过滤IPS
2019-01-22 13:51:30.868  INFO 18737 --- [Thread-22] :27:56:924 : IPS为空，结束对于当前tracePool的探测
2019-01-22 13:51:30.868  INFO 18737 --- [Thread-22] :27:56:924 : 对当前tracepool探测结束
2019-01-22 13:51:30.868  INFO 18737 --- [Thread-22] :27:56:924 : 清理中
