2019-01-21 10:51:32.092  INFO 18737 --- [Thread-27] detect_2   : 参数初始化完毕
2019-01-21 10:51:32.092  INFO 18737 --- [Thread-27] detect_2   : 抽样正常调用链
2019-01-21 10:51:32.092  INFO 18737 --- [Thread-27] detect_2   : 参数：持续30秒，间隔为30秒，抽样数量为20条
2019-01-21 10:51:32.093  INFO 18737 --- [Thread-27] detect_2   : 采样中
2019-01-21 10:51:32.093  INFO 18737 --- [Thread-27] detect_2   : 等待30+5秒,zipkin抓取中
2019-01-21 10:52:07.093  INFO 18737 --- [Thread-27] detect_2   : 查询中
2019-01-21 10:52:07.117  INFO 18737 --- [Thread-27] detect_2   : 解析中
2019-01-21 10:52:07.118  INFO 18737 --- [Thread-27] detect_2   : 共收集到1条不同trace
2019-01-21 10:52:07.118  INFO 18737 --- [Thread-27] detect_2   : 调用链抽样完毕
2019-01-21 10:52:07.119  INFO 18737 --- [Thread-27] detect_2   : 开始对每个trace探测
2019-01-21 10:52:07.119  INFO 18737 --- [Thread-27] detect_2   : 当前tracepool为{details,productpage,ratings,reviews3}
2019-01-21 10:52:07.119  INFO 18737 --- [Thread-27] detect_2   : 开始对当前的tracepool进行探测
2019-01-21 10:52:07.120  INFO 18737 --- [Thread-27] detect_2   : 约束求解
2019-01-21 10:52:07.122  INFO 18737 --- [Thread-27] detect_2   : 求解结果为:{details}{productpage}{ratings}{reviews3}
2019-01-21 10:52:07.122  INFO 18737 --- [Thread-27] detect_2   : 开始过滤IPS
2019-01-21 10:52:07.122  INFO 18737 --- [Thread-27] detect_2   : 结束过滤IPS
2019-01-21 10:52:07.122  INFO 18737 --- [Thread-27] detect_2   : 待测故障注入点集合为{details}{productpage}{ratings}{reviews3}
2019-01-21 10:52:07.122  INFO 18737 --- [Thread-27] detect_2   : 当前的接口集合为[http://localhost:30036/productpageForExp]
2019-01-21 10:52:07.123  INFO 18737 --- [Thread-27] detect_2   : 开始对每个故障注入点探测
2019-01-21 10:52:37.663  INFO 18737 --- [Thread-27] detect_2   : 当前为第1次探测
2019-01-21 10:52:39.283  INFO 18737 --- [Thread-27] detect_2   : 开始对details的探测
2019-01-21 10:52:58.488  INFO 18737 --- [Thread-27] detect_2   : 注入500丢包
2019-01-21 10:52:58.899  INFO 18737 --- [Thread-27] detect_2   : 等待5秒
2019-01-21 10:53:03.899  INFO 18737 --- [Thread-27] detect_2   : 注入完毕
2019-01-21 10:53:03.900  INFO 18737 --- [Thread-27] detect_2   : 验证断言
2019-01-21 10:53:03.900  INFO 18737 --- [Thread-27] detect_2   : 验证返回结果和响应时间
2019-01-21 10:53:03.900  INFO 18737 --- [Thread-27] detect_2   : 等待10秒
2019-01-21 10:53:13.900  INFO 18737 --- [Thread-27] detect_2   : 采样调用链
2019-01-21 10:53:13.923  INFO 18737 --- [Thread-27] detect_2   : 逐个trace验证
2019-01-21 10:53:13.924  INFO 18737 --- [Thread-27] detect_2   : 验证用户自定义脚本
2019-01-21 10:53:15.612  INFO 18737 --- [Thread-27] detect_2   : 验证完毕
2019-01-21 10:53:15.612  INFO 18737 --- [Thread-27] detect_2   : 删除故障
2019-01-21 10:53:15.729  INFO 18737 --- [Thread-27] detect_2   : 等待5秒
2019-01-21 10:53:20.729  INFO 18737 --- [Thread-27] detect_2   : 开始模式分析
2019-01-21 10:53:20.730  INFO 18737 --- [Thread-27] detect_2   : 模式分析结束
2019-01-21 10:55:07.043  INFO 18737 --- [Thread-27] detect_2   : 当前为第2次探测
2019-01-21 10:55:09.439  INFO 18737 --- [Thread-27] detect_2   : 开始对productpage的探测
2019-01-21 10:55:09.831  INFO 18737 --- [Thread-27] detect_2   : 注入500丢包
2019-01-21 10:55:11.428  INFO 18737 --- [Thread-27] detect_2   : 等待5秒
2019-01-21 10:55:44.373  INFO 18737 --- [Thread-27] detect_2   : 注入完毕
2019-01-21 10:55:44.374  INFO 18737 --- [Thread-27] detect_2   : 验证断言
2019-01-21 10:55:44.375  INFO 18737 --- [Thread-27] detect_2   : 验证返回结果和响应时间
2019-01-21 10:55:44.377  INFO 18737 --- [Thread-27] detect_2   : 等待10秒
