2019-02-26 10:47:00.024  INFO 18737 --- [Thread-25] :47:00:017 : 参数初始化完毕
2019-02-26 10:47:00.025  INFO 18737 --- [Thread-25] :47:00:017 : 抽样正常调用链
2019-02-26 10:47:00.025  INFO 18737 --- [Thread-25] :47:00:017 : 参数：持续30秒，间隔为10秒，抽样数量为20条
2019-02-26 10:47:00.026  INFO 18737 --- [Thread-25] :47:00:017 : 采样中
2019-02-26 10:47:00.028  INFO 18737 --- [Thread-25] :47:00:017 : 等待10+5秒,zipkin抓取中
2019-02-26 10:47:15.030  INFO 18737 --- [Thread-25] :47:00:017 : 查询中
2019-02-26 10:47:15.145  INFO 18737 --- [Thread-25] :47:00:017 : 解析中
2019-02-26 10:47:15.149  INFO 18737 --- [Thread-25] :47:00:017 : 等待10+5秒,zipkin抓取中
2019-02-26 10:47:30.150  INFO 18737 --- [Thread-25] :47:00:017 : 查询中
2019-02-26 10:47:30.210  INFO 18737 --- [Thread-25] :47:00:017 : 解析中
2019-02-26 10:47:30.211  INFO 18737 --- [Thread-25] :47:00:017 : 共收集到2条不同trace
2019-02-26 10:47:30.213  INFO 18737 --- [Thread-25] :47:00:017 : 调用链抽样完毕
2019-02-26 10:47:30.222  INFO 18737 --- [Thread-25] :47:00:017 : 开始对每个trace探测
2019-02-26 10:47:30.233  INFO 18737 --- [Thread-25] :47:00:017 : 当前tracepool为{details,productpage,reviews4}
2019-02-26 10:47:30.234  INFO 18737 --- [Thread-25] :47:00:017 : 开始对当前的tracepool进行探测
2019-02-26 10:48:16.697  INFO 18737 --- [Thread-25] :47:00:017 : 约束求解
2019-02-26 10:48:19.666  INFO 18737 --- [Thread-25] :47:00:017 : 求解结果为:{details}{productpage}{reviews4}
2019-02-26 10:48:20.849  INFO 18737 --- [Thread-25] :47:00:017 : 开始过滤IPS
2019-02-26 10:48:22.179  INFO 18737 --- [Thread-25] :47:00:017 : 结束过滤IPS
2019-02-26 10:48:23.585  INFO 18737 --- [Thread-25] :47:00:017 : 待测故障注入点集合为{details}{productpage}{reviews4}
2019-02-26 10:48:26.961  INFO 18737 --- [Thread-25] :47:00:017 : 当前的接口集合为[http://localhost:30036/productpageForCircuitBreaker]
2019-02-26 10:48:29.061  INFO 18737 --- [Thread-25] :47:00:017 : 开始对每个故障注入点探测
2019-02-26 10:48:32.493  INFO 18737 --- [Thread-25] :47:00:017 : 当前为第1次探测
2019-02-26 10:48:38.880  INFO 18737 --- [Thread-25] :47:00:017 : 开始对details的探测
2019-02-26 10:48:40.348  INFO 18737 --- [Thread-25] :47:00:017 : 注入500丢包
2019-02-26 10:48:41.961  INFO 18737 --- [Thread-25] :47:00:017 : 等待5秒
2019-02-26 10:48:47.683  INFO 18737 --- [Thread-25] :47:00:017 : 注入完毕
2019-02-26 10:49:23.752  INFO 18737 --- [Thread-25] :47:00:017 : 验证断言
2019-02-26 10:49:23.754  INFO 18737 --- [Thread-25] :47:00:017 : 验证返回结果和响应时间
2019-02-26 10:49:23.755  INFO 18737 --- [Thread-25] :47:00:017 : 等待10秒
