2019-01-22 10:26:08.062  INFO 18737 --- [Thread-25] :26:08:056 : 参数初始化完毕
2019-01-22 10:26:08.063  INFO 18737 --- [Thread-25] :26:08:056 : 抽样正常调用链
2019-01-22 10:26:08.063  INFO 18737 --- [Thread-25] :26:08:056 : 参数：持续10秒，间隔为10秒，抽样数量为20条
2019-01-22 10:26:08.067  INFO 18737 --- [Thread-25] :26:08:056 : 采样中
2019-01-22 10:26:08.067  INFO 18737 --- [Thread-25] :26:08:056 : 等待10+5秒,zipkin抓取中
2019-01-22 10:26:23.068  INFO 18737 --- [Thread-25] :26:08:056 : 查询中
2019-01-22 10:26:23.120  INFO 18737 --- [Thread-25] :26:08:056 : 解析中
2019-01-22 10:26:23.124  INFO 18737 --- [Thread-25] :26:08:056 : 共收集到2条不同trace
2019-01-22 10:26:23.125  INFO 18737 --- [Thread-25] :26:08:056 : 调用链抽样完毕
2019-01-22 10:26:23.127  INFO 18737 --- [Thread-25] :26:08:056 : 开始对每个trace探测
2019-01-22 10:26:23.133  INFO 18737 --- [Thread-25] :26:08:056 : 当前tracepool为{details,productpage,reviews4}
2019-01-22 10:26:23.134  INFO 18737 --- [Thread-25] :26:08:056 : 开始对当前的tracepool进行探测
2019-01-22 10:26:23.134  INFO 18737 --- [Thread-25] :26:08:056 : 约束求解
2019-01-22 10:26:23.160  INFO 18737 --- [Thread-25] :26:08:056 : 求解结果为:{details}{productpage}{reviews4}
2019-01-22 10:26:23.160  INFO 18737 --- [Thread-25] :26:08:056 : 开始过滤IPS
2019-01-22 10:26:23.161  INFO 18737 --- [Thread-25] :26:08:056 : {details}包含实效的故障注入点，被过滤
2019-01-22 10:26:23.161  INFO 18737 --- [Thread-25] :26:08:056 : {productpage}已经执行过，被过滤
2019-01-22 10:26:23.161  INFO 18737 --- [Thread-25] :26:08:056 : {reviews4}包含实效的故障注入点，被过滤
2019-01-22 10:26:23.161  INFO 18737 --- [Thread-25] :26:08:056 : 结束过滤IPS
2019-01-22 10:26:23.162  INFO 18737 --- [Thread-25] :26:08:056 : IPS为空，结束对于当前tracePool的探测
2019-01-22 10:26:23.162  INFO 18737 --- [Thread-25] :26:08:056 : 对当前tracepool探测结束
2019-01-22 10:26:23.162  INFO 18737 --- [Thread-25] :26:08:056 : 当前tracepool为{details,productpage,ratings,reviews3}
2019-01-22 10:26:23.162  INFO 18737 --- [Thread-25] :26:08:056 : 开始对当前的tracepool进行探测
2019-01-22 10:26:23.162  INFO 18737 --- [Thread-25] :26:08:056 : 约束求解
2019-01-22 10:26:23.164  INFO 18737 --- [Thread-25] :26:08:056 : 求解结果为:{details}{productpage}{ratings}{reviews3}
2019-01-22 10:26:23.164  INFO 18737 --- [Thread-25] :26:08:056 : 开始过滤IPS
2019-01-22 10:26:23.165  INFO 18737 --- [Thread-25] :26:08:056 : {details}包含实效的故障注入点，被过滤
2019-01-22 10:26:23.165  INFO 18737 --- [Thread-25] :26:08:056 : {productpage}已经执行过，被过滤
2019-01-22 10:26:23.165  INFO 18737 --- [Thread-25] :26:08:056 : 结束过滤IPS
2019-01-22 10:26:23.165  INFO 18737 --- [Thread-25] :26:08:056 : 待测故障注入点集合为{ratings}{reviews3}
2019-01-22 10:26:23.165  INFO 18737 --- [Thread-25] :26:08:056 : 当前的接口集合为[http://localhost:30036/productpageForExp]
2019-01-22 10:26:23.166  INFO 18737 --- [Thread-25] :26:08:056 : 开始对每个故障注入点探测
2019-01-22 10:26:23.166  INFO 18737 --- [Thread-25] :26:08:056 : 当前为第1次探测
2019-01-22 10:26:23.166  INFO 18737 --- [Thread-25] :26:08:056 : 开始对ratings的探测
2019-01-22 10:26:23.166  INFO 18737 --- [Thread-25] :26:08:056 : 注入500丢包
2019-01-22 10:26:26.212  INFO 18737 --- [Thread-25] :26:08:056 : 等待5秒
2019-01-22 10:26:31.217  INFO 18737 --- [Thread-25] :26:08:056 : 注入完毕
2019-01-22 10:26:31.218  INFO 18737 --- [Thread-25] :26:08:056 : 验证断言
2019-01-22 10:26:31.218  INFO 18737 --- [Thread-25] :26:08:056 : 验证返回结果和响应时间
2019-01-22 10:26:31.218  INFO 18737 --- [Thread-25] :26:08:056 : 等待10秒
2019-01-22 10:26:41.219  INFO 18737 --- [Thread-25] :26:08:056 : 采样调用链
2019-01-22 10:26:41.248  INFO 18737 --- [Thread-25] :26:08:056 : 逐个trace验证
2019-01-22 10:26:41.249  INFO 18737 --- [Thread-25] :26:08:056 : 验证用户自定义脚本
2019-01-22 10:26:43.045  INFO 18737 --- [Thread-25] :26:08:056 : 验证完毕
2019-01-22 10:26:43.046  INFO 18737 --- [Thread-25] :26:08:056 : 删除故障
2019-01-22 10:26:43.176  INFO 18737 --- [Thread-25] :26:08:056 : 等待5秒
2019-01-22 10:26:48.177  INFO 18737 --- [Thread-25] :26:08:056 : 开始模式分析
2019-01-22 10:26:48.178  INFO 18737 --- [Thread-25] :26:08:056 : 开始超时模式分析
2019-01-22 10:26:48.179  INFO 18737 --- [Thread-25] :26:08:056 : 注入20秒超时
2019-01-22 10:26:48.659  INFO 18737 --- [Thread-25] :26:08:056 : 等待5秒
2019-01-22 10:26:53.660  INFO 18737 --- [Thread-25] :26:08:056 : 参数：持续20秒，间隔为10秒，抽样数量为20条
2019-01-22 10:26:53.661  INFO 18737 --- [Thread-25] :26:08:056 : 等待10秒
2019-01-22 10:27:03.662  INFO 18737 --- [Thread-25] :26:08:056 : 抽样
2019-01-22 10:27:03.745  INFO 18737 --- [Thread-25] :26:08:056 : 统计并计算结果
2019-01-22 10:27:03.745  INFO 18737 --- [Thread-25] :26:08:056 : 等待10秒
2019-01-22 10:27:13.746  INFO 18737 --- [Thread-25] :26:08:056 : 抽样
2019-01-22 10:27:13.863  INFO 18737 --- [Thread-25] :26:08:056 : 统计并计算结果
2019-01-22 10:41:19.816  INFO 18737 --- [Thread-25] :26:08:056 : 等待5秒
