2019-01-22 14:04:05.070  INFO 18737 --- [Thread-25] :04:05:063 : 参数初始化完毕
2019-01-22 14:04:05.071  INFO 18737 --- [Thread-25] :04:05:063 : 抽样正常调用链
2019-01-22 14:04:05.072  INFO 18737 --- [Thread-25] :04:05:063 : 参数：持续30秒，间隔为10秒，抽样数量为40条
2019-01-22 14:04:05.073  INFO 18737 --- [Thread-25] :04:05:063 : 采样中
2019-01-22 14:04:05.074  INFO 18737 --- [Thread-25] :04:05:063 : 等待10+5秒,zipkin抓取中
2019-01-22 14:04:20.074  INFO 18737 --- [Thread-25] :04:05:063 : 查询中
2019-01-22 14:04:20.165  INFO 18737 --- [Thread-25] :04:05:063 : 解析中
2019-01-22 14:04:20.169  INFO 18737 --- [Thread-25] :04:05:063 : 等待10+5秒,zipkin抓取中
2019-01-22 14:04:35.170  INFO 18737 --- [Thread-25] :04:05:063 : 查询中
2019-01-22 14:04:35.243  INFO 18737 --- [Thread-25] :04:05:063 : 解析中
2019-01-22 14:04:35.245  INFO 18737 --- [Thread-25] :04:05:063 : 共收集到2条不同trace
2019-01-22 14:04:35.245  INFO 18737 --- [Thread-25] :04:05:063 : 调用链抽样完毕
2019-01-22 14:04:35.246  INFO 18737 --- [Thread-25] :04:05:063 : 开始对每个trace探测
2019-01-22 14:04:35.257  INFO 18737 --- [Thread-25] :04:05:063 : 当前tracepool为{details,productpage,reviews4}
2019-01-22 14:04:35.257  INFO 18737 --- [Thread-25] :04:05:063 : 开始对当前的tracepool进行探测
2019-01-22 14:04:35.258  INFO 18737 --- [Thread-25] :04:05:063 : 约束求解
2019-01-22 14:04:35.345  INFO 18737 --- [Thread-25] :04:05:063 : 求解结果为:{details}{productpage}{reviews4}
2019-01-22 14:04:35.345  INFO 18737 --- [Thread-25] :04:05:063 : 开始过滤IPS
2019-01-22 14:04:35.345  INFO 18737 --- [Thread-25] :04:05:063 : 结束过滤IPS
2019-01-22 14:04:35.346  INFO 18737 --- [Thread-25] :04:05:063 : 待测故障注入点集合为{details}{productpage}{reviews4}
2019-01-22 14:04:35.348  INFO 18737 --- [Thread-25] :04:05:063 : 当前的接口集合为[http://localhost:30036/productpageForCircuitBreaker]
2019-01-22 14:04:35.349  INFO 18737 --- [Thread-25] :04:05:063 : 开始对每个故障注入点探测
2019-01-22 14:04:35.349  INFO 18737 --- [Thread-25] :04:05:063 : 当前为第1次探测
2019-01-22 14:04:35.350  INFO 18737 --- [Thread-25] :04:05:063 : 开始对details的探测
2019-01-22 14:04:35.350  INFO 18737 --- [Thread-25] :04:05:063 : 注入500丢包
2019-01-22 14:04:35.764  INFO 18737 --- [Thread-25] :04:05:063 : 等待5秒
2019-01-22 14:04:40.765  INFO 18737 --- [Thread-25] :04:05:063 : 注入完毕
2019-01-22 14:04:40.766  INFO 18737 --- [Thread-25] :04:05:063 : 验证断言
2019-01-22 14:04:40.766  INFO 18737 --- [Thread-25] :04:05:063 : 验证返回结果和响应时间
2019-01-22 14:04:40.767  INFO 18737 --- [Thread-25] :04:05:063 : 等待10秒
2019-01-22 14:04:50.767  INFO 18737 --- [Thread-25] :04:05:063 : 采样调用链
2019-01-22 14:04:50.795  INFO 18737 --- [Thread-25] :04:05:063 : 逐个trace验证
2019-01-22 14:04:50.796  INFO 18737 --- [Thread-25] :04:05:063 : 验证用户自定义脚本
2019-01-22 14:04:53.094  INFO 18737 --- [Thread-25] :04:05:063 : 验证完毕
2019-01-22 14:04:53.094  INFO 18737 --- [Thread-25] :04:05:063 : 删除故障
2019-01-22 14:04:53.191  INFO 18737 --- [Thread-25] :04:05:063 : 等待5秒
2019-01-22 14:04:58.192  INFO 18737 --- [Thread-25] :04:05:063 : 开始模式分析
2019-01-22 14:04:58.193  INFO 18737 --- [Thread-25] :04:05:063 : 开始超时模式分析
2019-01-22 14:04:58.193  INFO 18737 --- [Thread-25] :04:05:063 : 注入20秒超时
2019-01-22 14:04:58.606  INFO 18737 --- [Thread-25] :04:05:063 : 等待5秒
2019-01-22 14:05:03.606  INFO 18737 --- [Thread-25] :04:05:063 : 参数：持续40秒，间隔为20秒，抽样数量为40条
2019-01-22 14:05:03.607  INFO 18737 --- [Thread-25] :04:05:063 : 等待20秒
2019-01-22 14:05:23.607  INFO 18737 --- [Thread-25] :04:05:063 : 抽样
2019-01-22 14:05:23.681  INFO 18737 --- [Thread-25] :04:05:063 : 统计并计算结果
2019-01-22 14:05:23.682  INFO 18737 --- [Thread-25] :04:05:063 : 等待20秒
2019-01-22 14:05:43.682  INFO 18737 --- [Thread-25] :04:05:063 : 抽样
2019-01-22 14:05:43.770  INFO 18737 --- [Thread-25] :04:05:063 : 统计并计算结果
2019-01-22 14:05:43.898  INFO 18737 --- [Thread-25] :04:05:063 : 等待5秒
2019-01-22 14:05:48.899  INFO 18737 --- [Thread-25] :04:05:063 : 超时模式分析结束
2019-01-22 14:05:48.899  INFO 18737 --- [Thread-25] :04:05:063 : 开始重试模式分析
2019-01-22 14:05:48.900  INFO 18737 --- [Thread-25] :04:05:063 : 抽样正常请求
2019-01-22 14:05:48.900  INFO 18737 --- [Thread-25] :04:05:063 : 等待10秒
2019-01-22 14:05:58.901  INFO 18737 --- [Thread-25] :04:05:063 : 抽样中
2019-01-22 14:05:58.940  INFO 18737 --- [Thread-25] :04:05:063 : 抽取正常请求数量
2019-01-22 14:05:58.941  INFO 18737 --- [Thread-25] :04:05:063 : 注入丢包
2019-01-22 14:05:59.340  INFO 18737 --- [Thread-25] :04:05:063 : 等待5秒
2019-01-22 14:06:04.341  INFO 18737 --- [Thread-25] :04:05:063 : 注入完毕
2019-01-22 14:06:04.342  INFO 18737 --- [Thread-25] :04:05:063 : 开始探测，参数为：持续20秒，间隔为10秒，抽样数量为20条
2019-01-22 14:06:04.342  INFO 18737 --- [Thread-25] :04:05:063 : 等待10秒
2019-01-22 14:06:14.343  INFO 18737 --- [Thread-25] :04:05:063 : 抽样故障调用链中
2019-01-22 14:06:14.376  INFO 18737 --- [Thread-25] :04:05:063 : 分析中
2019-01-22 14:06:14.376  INFO 18737 --- [Thread-25] :04:05:063 : 删除故障
2019-01-22 14:06:14.490  INFO 18737 --- [Thread-25] :04:05:063 : 等待5秒
2019-01-22 14:06:19.491  INFO 18737 --- [Thread-25] :04:05:063 : 故障删除完毕
2019-01-22 14:06:19.492  INFO 18737 --- [Thread-25] :04:05:063 : 重试模式分析结束
2019-01-22 14:06:19.492  INFO 18737 --- [Thread-25] :04:05:063 : 开始船舱模式分析
2019-01-22 14:06:19.492  INFO 18737 --- [Thread-25] :04:05:063 : 查询兄弟节点
2019-01-22 14:06:19.492  INFO 18737 --- [Thread-25] :04:05:063 : 等待30秒
2019-01-22 14:06:49.493  INFO 18737 --- [Thread-25] :04:05:063 : 查询图
2019-01-22 14:06:49.503  INFO 18737 --- [Thread-25] :04:05:063 : 兄弟节点共2个
2019-01-22 14:06:49.503  INFO 18737 --- [Thread-25] :04:05:063 : 探测父节点到兄弟节点的正常吞吐量
2019-01-22 14:06:49.504  INFO 18737 --- [Thread-25] :04:05:063 : 开始探测，参数为：持续40秒，间隔为20秒，窗口为10秒
2019-01-22 14:06:49.504  INFO 18737 --- [Thread-25] :04:05:063 : 等待20秒
2019-01-22 14:07:09.505  INFO 18737 --- [Thread-25] :04:05:063 : 查询吞吐量
2019-01-22 14:07:09.510  INFO 18737 --- [Thread-25] :04:05:063 : 获取吞吐量
2019-01-22 14:07:09.512  INFO 18737 --- [Thread-25] :04:05:063 : 等待20秒
2019-01-22 14:07:29.514  INFO 18737 --- [Thread-25] :04:05:063 : 查询吞吐量
2019-01-22 14:07:29.518  INFO 18737 --- [Thread-25] :04:05:063 : 获取吞吐量
2019-01-22 14:07:29.519  INFO 18737 --- [Thread-25] :04:05:063 : 正常吞吐量探测完毕
2019-01-22 14:07:29.519  INFO 18737 --- [Thread-25] :04:05:063 : 注入20秒延迟
2019-01-22 14:07:30.044  INFO 18737 --- [Thread-25] :04:05:063 : 等待5秒
2019-01-22 14:07:35.044  INFO 18737 --- [Thread-25] :04:05:063 : 探测父节点到兄弟节点的异常吞吐量
2019-01-22 14:07:35.045  INFO 18737 --- [Thread-25] :04:05:063 : 开始探测，参数为：持续40秒，间隔为20秒，窗口为10秒
2019-01-22 14:07:35.046  INFO 18737 --- [Thread-25] :04:05:063 : 等待20秒
2019-01-22 14:07:55.047  INFO 18737 --- [Thread-25] :04:05:063 : 查询吞吐量
2019-01-22 14:07:55.052  INFO 18737 --- [Thread-25] :04:05:063 : 获取吞吐量
2019-01-22 14:07:55.053  INFO 18737 --- [Thread-25] :04:05:063 : 等待20秒
2019-01-22 14:08:15.054  INFO 18737 --- [Thread-25] :04:05:063 : 查询吞吐量
2019-01-22 14:08:15.059  INFO 18737 --- [Thread-25] :04:05:063 : 获取吞吐量
2019-01-22 14:08:15.060  INFO 18737 --- [Thread-25] :04:05:063 : 异常吞吐量探测完毕
2019-01-22 14:08:15.060  INFO 18737 --- [Thread-25] :04:05:063 : 分析结果
2019-01-22 14:08:15.061  INFO 18737 --- [Thread-25] :04:05:063 : 探测到船舱模式缺失
2019-01-22 14:08:15.062  INFO 18737 --- [Thread-25] :04:05:063 : 探测到船舱模式缺失
2019-01-22 14:08:15.062  INFO 18737 --- [Thread-25] :04:05:063 : 删除故障
2019-01-22 14:08:15.220  INFO 18737 --- [Thread-25] :04:05:063 : 等待5秒
2019-01-22 14:08:20.221  INFO 18737 --- [Thread-25] :04:05:063 : 船舱模式分析结束
2019-01-22 14:08:20.221  INFO 18737 --- [Thread-25] :04:05:063 : 开始熔断模式分析
2019-01-22 14:08:20.222  INFO 18737 --- [Thread-25] :04:05:063 : 对正常情况下链采样
2019-01-22 14:08:20.222  INFO 18737 --- [Thread-25] :04:05:063 : 等待10秒
2019-01-22 14:08:30.222  INFO 18737 --- [Thread-25] :04:05:063 : 采样
2019-01-22 14:08:30.254  INFO 18737 --- [Thread-25] :04:05:063 : 获取正常链完毕
2019-01-22 14:08:30.254  INFO 18737 --- [Thread-25] :04:05:063 : 解析正常链中所有的边
2019-01-22 14:08:30.254  INFO 18737 --- [Thread-25] :04:05:063 : 注入故障
2019-01-22 14:08:30.738  INFO 18737 --- [Thread-25] :04:05:063 : 等待5秒
2019-01-22 14:08:35.738  INFO 18737 --- [Thread-25] :04:05:063 : 开始探测熔断位置
2019-01-22 14:08:35.739  INFO 18737 --- [Thread-25] :04:05:063 : 参数：持续60秒，间隔为10秒，抽样数量为40条
2019-01-22 14:08:35.813  INFO 18737 --- [Thread-25] :04:05:063 : 等待10秒
2019-01-22 14:08:45.814  INFO 18737 --- [Thread-25] :04:05:063 : 分析熔断位置
2019-01-22 14:08:45.884  INFO 18737 --- [Thread-25] :04:05:063 : 等待10秒
2019-01-22 14:08:55.885  INFO 18737 --- [Thread-25] :04:05:063 : 分析熔断位置
2019-01-22 14:08:55.953  INFO 18737 --- [Thread-25] :04:05:063 : 等待10秒
2019-01-22 14:09:05.953  INFO 18737 --- [Thread-25] :04:05:063 : 分析熔断位置
2019-01-22 14:09:06.021  INFO 18737 --- [Thread-25] :04:05:063 : 等待10秒
2019-01-22 14:09:16.022  INFO 18737 --- [Thread-25] :04:05:063 : 分析熔断位置
2019-01-22 14:09:16.088  INFO 18737 --- [Thread-25] :04:05:063 : 等待10秒
2019-01-22 14:09:26.088  INFO 18737 --- [Thread-25] :04:05:063 : 分析熔断位置
2019-01-22 14:09:26.144  INFO 18737 --- [Thread-25] :04:05:063 : 等待10秒
2019-01-22 14:09:36.144  INFO 18737 --- [Thread-25] :04:05:063 : 分析熔断位置
2019-01-22 14:09:36.146  INFO 18737 --- [Thread-25] :04:05:063 : 缺失熔断
2019-01-22 14:09:36.147  INFO 18737 --- [Thread-25] :04:05:063 : 删除故障
2019-01-22 14:09:36.249  INFO 18737 --- [Thread-25] :04:05:063 : 等待5秒
2019-01-22 14:09:41.250  INFO 18737 --- [Thread-25] :04:05:063 : 熔断模式分析结束
2019-01-22 14:09:41.251  INFO 18737 --- [Thread-25] :04:05:063 : 模式分析结束
2019-01-22 14:09:41.251  INFO 18737 --- [Thread-25] :04:05:063 : 当前为第2次探测
2019-01-22 14:09:41.252  INFO 18737 --- [Thread-25] :04:05:063 : 开始对productpage的探测
2019-01-22 14:09:41.252  INFO 18737 --- [Thread-25] :04:05:063 : 注入500丢包
2019-01-22 14:09:41.698  INFO 18737 --- [Thread-25] :04:05:063 : 等待5秒
2019-01-22 14:09:46.698  INFO 18737 --- [Thread-25] :04:05:063 : 注入完毕
2019-01-22 14:09:46.699  INFO 18737 --- [Thread-25] :04:05:063 : 验证断言
2019-01-22 14:09:46.700  INFO 18737 --- [Thread-25] :04:05:063 : 验证返回结果和响应时间
2019-01-22 14:09:46.700  INFO 18737 --- [Thread-25] :04:05:063 : 等待10秒
2019-01-22 14:09:56.700  INFO 18737 --- [Thread-25] :04:05:063 : 采样调用链
2019-01-22 14:09:56.721  INFO 18737 --- [Thread-25] :04:05:063 : 逐个trace验证
2019-01-22 14:09:56.721  INFO 18737 --- [Thread-25] :04:05:063 : 验证用户自定义脚本
2019-01-22 14:09:58.571  INFO 18737 --- [Thread-25] :04:05:063 : 验证完毕
2019-01-22 14:09:58.571  INFO 18737 --- [Thread-25] :04:05:063 : 无异常，开始更新调用链
2019-01-22 14:09:58.572  INFO 18737 --- [Thread-25] :04:05:063 : 参数：持续30秒，间隔为10秒，抽样数量为40条
2019-01-22 14:09:58.572  INFO 18737 --- [Thread-25] :04:05:063 : 等待10秒
2019-01-22 14:10:08.572  INFO 18737 --- [Thread-25] :04:05:063 : 抽样调用链
2019-01-22 14:10:08.641  INFO 18737 --- [Thread-25] :04:05:063 : 分析
2019-01-22 14:10:08.642  INFO 18737 --- [Thread-25] :04:05:063 : 加入新的trace{details,reviews4}
2019-01-22 14:10:08.642  INFO 18737 --- [Thread-25] :04:05:063 : 等待10秒
2019-01-22 14:10:18.643  INFO 18737 --- [Thread-25] :04:05:063 : 抽样调用链
2019-01-22 14:10:18.706  INFO 18737 --- [Thread-25] :04:05:063 : 分析
2019-01-22 14:10:18.707  INFO 18737 --- [Thread-25] :04:05:063 : 等待10秒
2019-01-22 14:10:28.707  INFO 18737 --- [Thread-25] :04:05:063 : 抽样调用链
2019-01-22 14:10:28.781  INFO 18737 --- [Thread-25] :04:05:063 : 分析
2019-01-22 14:10:28.782  INFO 18737 --- [Thread-25] :04:05:063 : 更新完毕，删除故障
2019-01-22 14:10:28.922  INFO 18737 --- [Thread-25] :04:05:063 : 等待5秒
2019-01-22 14:10:33.922  INFO 18737 --- [Thread-25] :04:05:063 : 删除故障完毕
2019-01-22 14:10:33.923  INFO 18737 --- [Thread-25] :04:05:063 : 当前为第3次探测
2019-01-22 14:10:33.923  INFO 18737 --- [Thread-25] :04:05:063 : 开始对reviews4的探测
2019-01-22 14:10:33.924  INFO 18737 --- [Thread-25] :04:05:063 : 注入500丢包
2019-01-22 14:10:34.335  INFO 18737 --- [Thread-25] :04:05:063 : 等待5秒
2019-01-22 14:10:39.335  INFO 18737 --- [Thread-25] :04:05:063 : 注入完毕
2019-01-22 14:10:39.336  INFO 18737 --- [Thread-25] :04:05:063 : 验证断言
2019-01-22 14:10:39.336  INFO 18737 --- [Thread-25] :04:05:063 : 验证返回结果和响应时间
2019-01-22 14:10:39.336  INFO 18737 --- [Thread-25] :04:05:063 : 等待10秒
2019-01-22 14:10:49.337  INFO 18737 --- [Thread-25] :04:05:063 : 采样调用链
2019-01-22 14:10:49.355  INFO 18737 --- [Thread-25] :04:05:063 : 逐个trace验证
2019-01-22 14:10:49.356  INFO 18737 --- [Thread-25] :04:05:063 : 验证用户自定义脚本
2019-01-22 14:10:51.199  INFO 18737 --- [Thread-25] :04:05:063 : 验证完毕
2019-01-22 14:10:51.199  INFO 18737 --- [Thread-25] :04:05:063 : 删除故障
2019-01-22 14:10:51.312  INFO 18737 --- [Thread-25] :04:05:063 : 等待5秒
2019-01-22 14:10:56.313  INFO 18737 --- [Thread-25] :04:05:063 : 开始模式分析
2019-01-22 14:10:56.313  INFO 18737 --- [Thread-25] :04:05:063 : 开始超时模式分析
2019-01-22 14:10:56.313  INFO 18737 --- [Thread-25] :04:05:063 : 注入20秒超时
2019-01-22 14:10:56.704  INFO 18737 --- [Thread-25] :04:05:063 : 等待5秒
2019-01-22 14:11:01.704  INFO 18737 --- [Thread-25] :04:05:063 : 参数：持续40秒，间隔为20秒，抽样数量为40条
2019-01-22 14:11:01.705  INFO 18737 --- [Thread-25] :04:05:063 : 等待20秒
2019-01-22 14:11:21.705  INFO 18737 --- [Thread-25] :04:05:063 : 抽样
2019-01-22 14:11:21.822  INFO 18737 --- [Thread-25] :04:05:063 : 统计并计算结果
2019-01-22 14:11:21.822  INFO 18737 --- [Thread-25] :04:05:063 : 等待20秒
2019-01-22 14:11:41.822  INFO 18737 --- [Thread-25] :04:05:063 : 抽样
2019-01-22 14:11:41.935  INFO 18737 --- [Thread-25] :04:05:063 : 统计并计算结果
2019-01-22 14:11:42.018  INFO 18737 --- [Thread-25] :04:05:063 : 等待5秒
2019-01-22 14:11:47.018  INFO 18737 --- [Thread-25] :04:05:063 : 超时模式分析结束
2019-01-22 14:11:47.019  INFO 18737 --- [Thread-25] :04:05:063 : 开始重试模式分析
2019-01-22 14:11:47.019  INFO 18737 --- [Thread-25] :04:05:063 : 抽样正常请求
2019-01-22 14:11:47.019  INFO 18737 --- [Thread-25] :04:05:063 : 等待10秒
2019-01-22 14:11:57.019  INFO 18737 --- [Thread-25] :04:05:063 : 抽样中
2019-01-22 14:11:57.054  INFO 18737 --- [Thread-25] :04:05:063 : 抽取正常请求数量
2019-01-22 14:11:57.055  INFO 18737 --- [Thread-25] :04:05:063 : 注入丢包
2019-01-22 14:11:57.481  INFO 18737 --- [Thread-25] :04:05:063 : 等待5秒
2019-01-22 14:12:02.481  INFO 18737 --- [Thread-25] :04:05:063 : 注入完毕
2019-01-22 14:12:02.482  INFO 18737 --- [Thread-25] :04:05:063 : 开始探测，参数为：持续20秒，间隔为10秒，抽样数量为20条
2019-01-22 14:12:02.482  INFO 18737 --- [Thread-25] :04:05:063 : 等待10秒
2019-01-22 14:12:12.482  INFO 18737 --- [Thread-25] :04:05:063 : 抽样故障调用链中
2019-01-22 14:12:12.612  INFO 18737 --- [Thread-25] :04:05:063 : 分析中
2019-01-22 14:12:12.612  INFO 18737 --- [Thread-25] :04:05:063 : 删除故障
2019-01-22 14:12:12.720  INFO 18737 --- [Thread-25] :04:05:063 : 等待5秒
2019-01-22 14:12:17.721  INFO 18737 --- [Thread-25] :04:05:063 : 故障删除完毕
2019-01-22 14:12:17.721  INFO 18737 --- [Thread-25] :04:05:063 : 重试模式分析结束
2019-01-22 14:12:17.721  INFO 18737 --- [Thread-25] :04:05:063 : 开始船舱模式分析
2019-01-22 14:12:17.721  INFO 18737 --- [Thread-25] :04:05:063 : 查询兄弟节点
2019-01-22 14:12:17.721  INFO 18737 --- [Thread-25] :04:05:063 : 等待30秒
2019-01-22 14:12:47.722  INFO 18737 --- [Thread-25] :04:05:063 : 查询图
2019-01-22 14:12:47.728  INFO 18737 --- [Thread-25] :04:05:063 : 兄弟节点共2个
2019-01-22 14:12:47.729  INFO 18737 --- [Thread-25] :04:05:063 : 探测父节点到兄弟节点的正常吞吐量
2019-01-22 14:12:47.729  INFO 18737 --- [Thread-25] :04:05:063 : 开始探测，参数为：持续40秒，间隔为20秒，窗口为10秒
2019-01-22 14:12:47.729  INFO 18737 --- [Thread-25] :04:05:063 : 等待20秒
2019-01-22 14:13:07.729  INFO 18737 --- [Thread-25] :04:05:063 : 查询吞吐量
2019-01-22 14:13:07.732  INFO 18737 --- [Thread-25] :04:05:063 : 获取吞吐量
2019-01-22 14:13:07.733  INFO 18737 --- [Thread-25] :04:05:063 : 等待20秒
2019-01-22 14:13:27.734  INFO 18737 --- [Thread-25] :04:05:063 : 查询吞吐量
2019-01-22 14:13:27.738  INFO 18737 --- [Thread-25] :04:05:063 : 获取吞吐量
2019-01-22 14:13:27.740  INFO 18737 --- [Thread-25] :04:05:063 : 正常吞吐量探测完毕
2019-01-22 14:13:27.740  INFO 18737 --- [Thread-25] :04:05:063 : 注入20秒延迟
2019-01-22 14:13:28.174  INFO 18737 --- [Thread-25] :04:05:063 : 等待5秒
2019-01-22 14:13:33.175  INFO 18737 --- [Thread-25] :04:05:063 : 探测父节点到兄弟节点的异常吞吐量
2019-01-22 14:13:33.175  INFO 18737 --- [Thread-25] :04:05:063 : 开始探测，参数为：持续40秒，间隔为20秒，窗口为10秒
2019-01-22 14:13:33.176  INFO 18737 --- [Thread-25] :04:05:063 : 等待20秒
2019-01-22 14:13:53.177  INFO 18737 --- [Thread-25] :04:05:063 : 查询吞吐量
2019-01-22 14:13:53.181  INFO 18737 --- [Thread-25] :04:05:063 : 获取吞吐量
2019-01-22 14:13:53.182  INFO 18737 --- [Thread-25] :04:05:063 : 等待20秒
2019-01-22 14:14:13.182  INFO 18737 --- [Thread-25] :04:05:063 : 查询吞吐量
2019-01-22 14:14:13.186  INFO 18737 --- [Thread-25] :04:05:063 : 获取吞吐量
2019-01-22 14:14:13.187  INFO 18737 --- [Thread-25] :04:05:063 : 异常吞吐量探测完毕
2019-01-22 14:14:13.188  INFO 18737 --- [Thread-25] :04:05:063 : 分析结果
2019-01-22 14:14:13.191  INFO 18737 --- [Thread-25] :04:05:063 : 探测到船舱模式缺失
2019-01-22 14:14:13.192  INFO 18737 --- [Thread-25] :04:05:063 : 探测到船舱模式缺失
2019-01-22 14:14:13.192  INFO 18737 --- [Thread-25] :04:05:063 : 删除故障
2019-01-22 14:14:16.024  INFO 18737 --- [Thread-25] :04:05:063 : 等待5秒
2019-01-22 14:14:21.024  INFO 18737 --- [Thread-25] :04:05:063 : 船舱模式分析结束
2019-01-22 14:14:21.025  INFO 18737 --- [Thread-25] :04:05:063 : 开始熔断模式分析
2019-01-22 14:14:21.025  INFO 18737 --- [Thread-25] :04:05:063 : 对正常情况下链采样
2019-01-22 14:14:21.025  INFO 18737 --- [Thread-25] :04:05:063 : 等待10秒
2019-01-22 14:14:31.025  INFO 18737 --- [Thread-25] :04:05:063 : 采样
2019-01-22 14:14:31.050  INFO 18737 --- [Thread-25] :04:05:063 : 获取正常链完毕
2019-01-22 14:14:31.050  INFO 18737 --- [Thread-25] :04:05:063 : 解析正常链中所有的边
2019-01-22 14:14:31.051  INFO 18737 --- [Thread-25] :04:05:063 : 注入故障
2019-01-22 14:14:31.483  INFO 18737 --- [Thread-25] :04:05:063 : 等待5秒
2019-01-22 14:14:36.483  INFO 18737 --- [Thread-25] :04:05:063 : 开始探测熔断位置
2019-01-22 14:14:36.484  INFO 18737 --- [Thread-25] :04:05:063 : 参数：持续60秒，间隔为10秒，抽样数量为40条
2019-01-22 14:14:36.534  INFO 18737 --- [Thread-25] :04:05:063 : 等待10秒
2019-01-22 14:14:46.534  INFO 18737 --- [Thread-25] :04:05:063 : 分析熔断位置
2019-01-22 14:14:46.598  INFO 18737 --- [Thread-25] :04:05:063 : 等待10秒
2019-01-22 14:14:56.598  INFO 18737 --- [Thread-25] :04:05:063 : 分析熔断位置
2019-01-22 14:14:56.599  INFO 18737 --- [Thread-25] :04:05:063 : 探测到熔断位置：productpage -> reviews4
2019-01-22 14:14:56.655  INFO 18737 --- [Thread-25] :04:05:063 : 等待10秒
2019-01-22 14:15:06.656  INFO 18737 --- [Thread-25] :04:05:063 : 分析熔断位置
2019-01-22 14:15:06.717  INFO 18737 --- [Thread-25] :04:05:063 : 等待10秒
2019-01-22 14:15:16.718  INFO 18737 --- [Thread-25] :04:05:063 : 分析熔断位置
2019-01-22 14:15:16.771  INFO 18737 --- [Thread-25] :04:05:063 : 等待10秒
2019-01-22 14:15:26.772  INFO 18737 --- [Thread-25] :04:05:063 : 分析熔断位置
2019-01-22 14:15:26.829  INFO 18737 --- [Thread-25] :04:05:063 : 等待10秒
2019-01-22 14:15:36.829  INFO 18737 --- [Thread-25] :04:05:063 : 分析熔断位置
2019-01-22 14:15:36.830  INFO 18737 --- [Thread-25] :04:05:063 : 开始监控熔断位置的吞吐量
2019-01-22 14:15:36.831  INFO 18737 --- [Thread-25] :04:05:063 : 参数：持续40秒，间隔为20秒，窗口大小为10秒
2019-01-22 14:15:46.831  INFO 18737 --- [Thread-25] :04:05:063 : 查询吞吐量数据
2019-01-22 14:15:46.835  INFO 18737 --- [Thread-25] :04:05:063 : 解析吞吐量数据
2019-01-22 14:15:56.836  INFO 18737 --- [Thread-25] :04:05:063 : 查询吞吐量数据
2019-01-22 14:15:56.840  INFO 18737 --- [Thread-25] :04:05:063 : 解析吞吐量数据
2019-01-22 14:16:06.840  INFO 18737 --- [Thread-25] :04:05:063 : 查询吞吐量数据
2019-01-22 14:16:06.844  INFO 18737 --- [Thread-25] :04:05:063 : 解析吞吐量数据
2019-01-22 14:16:16.847  INFO 18737 --- [Thread-25] :04:05:063 : 查询吞吐量数据
2019-01-22 14:16:16.850  INFO 18737 --- [Thread-25] :04:05:063 : 解析吞吐量数据
2019-01-22 14:16:16.851  INFO 18737 --- [Thread-25] :04:05:063 : 生成测试结果
2019-01-22 14:16:16.851  INFO 18737 --- [Thread-25] :04:05:063 : 删除故障
2019-01-22 14:16:16.999  INFO 18737 --- [Thread-25] :04:05:063 : 等待5秒
2019-01-22 14:16:22.000  INFO 18737 --- [Thread-25] :04:05:063 : 熔断模式分析结束
2019-01-22 14:16:22.000  INFO 18737 --- [Thread-25] :04:05:063 : 模式分析结束
2019-01-22 14:16:22.000  INFO 18737 --- [Thread-25] :04:05:063 : 对当前IPS探测结束
2019-01-22 14:16:22.001  INFO 18737 --- [Thread-25] :04:05:063 : 约束求解
2019-01-22 14:16:22.005  INFO 18737 --- [Thread-25] :04:05:063 : 求解结果为:{details}{reviews4}
2019-01-22 14:16:22.005  INFO 18737 --- [Thread-25] :04:05:063 : 开始过滤IPS
2019-01-22 14:16:22.005  INFO 18737 --- [Thread-25] :04:05:063 : {details}已经执行过，被过滤
2019-01-22 14:16:22.005  INFO 18737 --- [Thread-25] :04:05:063 : {reviews4}已经执行过，被过滤
2019-01-22 14:16:22.005  INFO 18737 --- [Thread-25] :04:05:063 : 结束过滤IPS
2019-01-22 14:16:22.005  INFO 18737 --- [Thread-25] :04:05:063 : IPS为空，结束对于当前tracePool的探测
2019-01-22 14:16:22.006  INFO 18737 --- [Thread-25] :04:05:063 : 对当前tracepool探测结束
2019-01-22 14:16:22.006  INFO 18737 --- [Thread-25] :04:05:063 : 当前tracepool为{details,productpage,ratings,reviews2}
2019-01-22 14:16:22.006  INFO 18737 --- [Thread-25] :04:05:063 : 开始对当前的tracepool进行探测
2019-01-22 14:16:22.006  INFO 18737 --- [Thread-25] :04:05:063 : 约束求解
2019-01-22 14:16:22.009  INFO 18737 --- [Thread-25] :04:05:063 : 求解结果为:{details}{productpage}{ratings}{reviews2}
2019-01-22 14:16:22.009  INFO 18737 --- [Thread-25] :04:05:063 : 开始过滤IPS
2019-01-22 14:16:22.009  INFO 18737 --- [Thread-25] :04:05:063 : {details}已经执行过，被过滤
2019-01-22 14:16:22.010  INFO 18737 --- [Thread-25] :04:05:063 : {productpage}已经执行过，被过滤
2019-01-22 14:16:22.010  INFO 18737 --- [Thread-25] :04:05:063 : 结束过滤IPS
2019-01-22 14:16:22.010  INFO 18737 --- [Thread-25] :04:05:063 : 待测故障注入点集合为{ratings}{reviews2}
2019-01-22 14:16:22.010  INFO 18737 --- [Thread-25] :04:05:063 : 当前的接口集合为[http://localhost:30036/productpageForExp]
2019-01-22 14:16:22.010  INFO 18737 --- [Thread-25] :04:05:063 : 开始对每个故障注入点探测
2019-01-22 14:16:22.010  INFO 18737 --- [Thread-25] :04:05:063 : 当前为第4次探测
2019-01-22 14:16:22.010  INFO 18737 --- [Thread-25] :04:05:063 : 开始对ratings的探测
2019-01-22 14:16:22.011  INFO 18737 --- [Thread-25] :04:05:063 : 注入500丢包
2019-01-22 14:16:22.440  INFO 18737 --- [Thread-25] :04:05:063 : 等待5秒
2019-01-22 14:16:27.440  INFO 18737 --- [Thread-25] :04:05:063 : 注入完毕
2019-01-22 14:16:27.441  INFO 18737 --- [Thread-25] :04:05:063 : 验证断言
2019-01-22 14:16:27.442  INFO 18737 --- [Thread-25] :04:05:063 : 验证返回结果和响应时间
2019-01-22 14:16:27.442  INFO 18737 --- [Thread-25] :04:05:063 : 等待10秒
2019-01-22 14:16:37.442  INFO 18737 --- [Thread-25] :04:05:063 : 采样调用链
2019-01-22 14:16:37.466  INFO 18737 --- [Thread-25] :04:05:063 : 逐个trace验证
2019-01-22 14:16:37.467  INFO 18737 --- [Thread-25] :04:05:063 : 验证用户自定义脚本
2019-01-22 14:16:39.550  INFO 18737 --- [Thread-25] :04:05:063 : 验证完毕
2019-01-22 14:16:39.550  INFO 18737 --- [Thread-25] :04:05:063 : 删除故障
2019-01-22 14:16:39.674  INFO 18737 --- [Thread-25] :04:05:063 : 等待5秒
2019-01-22 14:16:44.674  INFO 18737 --- [Thread-25] :04:05:063 : 开始模式分析
2019-01-22 14:16:44.675  INFO 18737 --- [Thread-25] :04:05:063 : 开始超时模式分析
2019-01-22 14:16:44.675  INFO 18737 --- [Thread-25] :04:05:063 : 注入20秒超时
2019-01-22 14:16:45.138  INFO 18737 --- [Thread-25] :04:05:063 : 等待5秒
2019-01-22 14:16:50.139  INFO 18737 --- [Thread-25] :04:05:063 : 参数：持续40秒，间隔为20秒，抽样数量为40条
2019-01-22 14:16:50.139  INFO 18737 --- [Thread-25] :04:05:063 : 等待20秒
2019-01-22 14:17:10.140  INFO 18737 --- [Thread-25] :04:05:063 : 抽样
2019-01-22 14:17:10.279  INFO 18737 --- [Thread-25] :04:05:063 : 统计并计算结果
2019-01-22 14:17:10.279  INFO 18737 --- [Thread-25] :04:05:063 : 探测到异常
2019-01-22 14:17:10.279  INFO 18737 --- [Thread-25] :04:05:063 : 探测到异常
2019-01-22 14:17:10.279  INFO 18737 --- [Thread-25] :04:05:063 : 探测到异常
2019-01-22 14:17:10.279  INFO 18737 --- [Thread-25] :04:05:063 : 探测到异常
2019-01-22 14:17:10.279  INFO 18737 --- [Thread-25] :04:05:063 : 探测到异常
2019-01-22 14:17:10.279  INFO 18737 --- [Thread-25] :04:05:063 : 探测到异常
2019-01-22 14:17:10.279  INFO 18737 --- [Thread-25] :04:05:063 : 探测到异常
2019-01-22 14:17:10.279  INFO 18737 --- [Thread-25] :04:05:063 : 探测到异常
2019-01-22 14:17:10.280  INFO 18737 --- [Thread-25] :04:05:063 : 探测到异常
2019-01-22 14:17:10.280  INFO 18737 --- [Thread-25] :04:05:063 : 探测到异常
2019-01-22 14:17:10.280  INFO 18737 --- [Thread-25] :04:05:063 : 探测到异常
2019-01-22 14:17:10.280  INFO 18737 --- [Thread-25] :04:05:063 : 探测到异常
2019-01-22 14:17:10.280  INFO 18737 --- [Thread-25] :04:05:063 : 探测到异常
2019-01-22 14:17:10.280  INFO 18737 --- [Thread-25] :04:05:063 : 探测到异常
2019-01-22 14:17:10.280  INFO 18737 --- [Thread-25] :04:05:063 : 探测到异常
2019-01-22 14:17:10.280  INFO 18737 --- [Thread-25] :04:05:063 : 探测到异常
2019-01-22 14:17:10.280  INFO 18737 --- [Thread-25] :04:05:063 : 探测到异常
2019-01-22 14:17:10.280  INFO 18737 --- [Thread-25] :04:05:063 : 探测到异常
2019-01-22 14:17:10.280  INFO 18737 --- [Thread-25] :04:05:063 : 探测到异常
2019-01-22 14:17:10.280  INFO 18737 --- [Thread-25] :04:05:063 : 探测到异常
2019-01-22 14:17:10.280  INFO 18737 --- [Thread-25] :04:05:063 : 探测到异常
2019-01-22 14:17:10.281  INFO 18737 --- [Thread-25] :04:05:063 : 探测到异常
2019-01-22 14:17:10.281  INFO 18737 --- [Thread-25] :04:05:063 : 探测到异常
2019-01-22 14:17:10.281  INFO 18737 --- [Thread-25] :04:05:063 : 探测到异常
2019-01-22 14:17:10.281  INFO 18737 --- [Thread-25] :04:05:063 : 探测到异常
2019-01-22 14:17:10.281  INFO 18737 --- [Thread-25] :04:05:063 : 探测到异常
2019-01-22 14:17:10.281  INFO 18737 --- [Thread-25] :04:05:063 : 探测到异常
2019-01-22 14:17:10.281  INFO 18737 --- [Thread-25] :04:05:063 : 探测到异常
2019-01-22 14:17:10.281  INFO 18737 --- [Thread-25] :04:05:063 : 探测到异常
2019-01-22 14:17:10.281  INFO 18737 --- [Thread-25] :04:05:063 : 等待20秒
2019-01-22 14:17:30.281  INFO 18737 --- [Thread-25] :04:05:063 : 抽样
2019-01-22 14:17:30.403  INFO 18737 --- [Thread-25] :04:05:063 : 统计并计算结果
2019-01-22 14:17:30.403  INFO 18737 --- [Thread-25] :04:05:063 : 探测到异常
2019-01-22 14:17:30.403  INFO 18737 --- [Thread-25] :04:05:063 : 探测到异常
2019-01-22 14:17:30.403  INFO 18737 --- [Thread-25] :04:05:063 : 探测到异常
2019-01-22 14:17:30.403  INFO 18737 --- [Thread-25] :04:05:063 : 探测到异常
2019-01-22 14:17:30.404  INFO 18737 --- [Thread-25] :04:05:063 : 探测到异常
2019-01-22 14:17:30.404  INFO 18737 --- [Thread-25] :04:05:063 : 探测到异常
2019-01-22 14:17:30.404  INFO 18737 --- [Thread-25] :04:05:063 : 探测到异常
2019-01-22 14:17:30.404  INFO 18737 --- [Thread-25] :04:05:063 : 探测到异常
2019-01-22 14:17:30.404  INFO 18737 --- [Thread-25] :04:05:063 : 探测到异常
2019-01-22 14:17:30.404  INFO 18737 --- [Thread-25] :04:05:063 : 探测到异常
2019-01-22 14:17:30.404  INFO 18737 --- [Thread-25] :04:05:063 : 探测到异常
2019-01-22 14:17:30.404  INFO 18737 --- [Thread-25] :04:05:063 : 探测到异常
2019-01-22 14:17:30.404  INFO 18737 --- [Thread-25] :04:05:063 : 探测到异常
2019-01-22 14:17:30.404  INFO 18737 --- [Thread-25] :04:05:063 : 探测到异常
2019-01-22 14:17:30.404  INFO 18737 --- [Thread-25] :04:05:063 : 探测到异常
2019-01-22 14:17:30.404  INFO 18737 --- [Thread-25] :04:05:063 : 探测到异常
2019-01-22 14:17:30.405  INFO 18737 --- [Thread-25] :04:05:063 : 探测到异常
2019-01-22 14:17:30.405  INFO 18737 --- [Thread-25] :04:05:063 : 探测到异常
2019-01-22 14:17:30.405  INFO 18737 --- [Thread-25] :04:05:063 : 探测到异常
2019-01-22 14:17:30.405  INFO 18737 --- [Thread-25] :04:05:063 : 探测到异常
2019-01-22 14:17:30.536  INFO 18737 --- [Thread-25] :04:05:063 : 等待5秒
2019-01-22 14:17:35.536  INFO 18737 --- [Thread-25] :04:05:063 : 超时模式分析结束
2019-01-22 14:17:35.537  INFO 18737 --- [Thread-25] :04:05:063 : 开始重试模式分析
2019-01-22 14:17:35.537  INFO 18737 --- [Thread-25] :04:05:063 : 抽样正常请求
2019-01-22 14:17:35.537  INFO 18737 --- [Thread-25] :04:05:063 : 等待10秒
2019-01-22 14:17:45.537  INFO 18737 --- [Thread-25] :04:05:063 : 抽样中
2019-01-22 14:17:45.566  INFO 18737 --- [Thread-25] :04:05:063 : 抽取正常请求数量
2019-01-22 14:17:45.566  INFO 18737 --- [Thread-25] :04:05:063 : 注入丢包
2019-01-22 14:17:45.919  INFO 18737 --- [Thread-25] :04:05:063 : 等待5秒
2019-01-22 14:17:50.919  INFO 18737 --- [Thread-25] :04:05:063 : 注入完毕
2019-01-22 14:17:50.920  INFO 18737 --- [Thread-25] :04:05:063 : 开始探测，参数为：持续20秒，间隔为10秒，抽样数量为20条
2019-01-22 14:17:50.920  INFO 18737 --- [Thread-25] :04:05:063 : 等待10秒
2019-01-22 14:18:00.920  INFO 18737 --- [Thread-25] :04:05:063 : 抽样故障调用链中
2019-01-22 14:18:01.047  INFO 18737 --- [Thread-25] :04:05:063 : 分析中
2019-01-22 14:18:01.047  INFO 18737 --- [Thread-25] :04:05:063 : 删除故障
2019-01-22 14:18:01.143  INFO 18737 --- [Thread-25] :04:05:063 : 等待5秒
2019-01-22 14:18:06.144  INFO 18737 --- [Thread-25] :04:05:063 : 故障删除完毕
2019-01-22 14:18:06.144  INFO 18737 --- [Thread-25] :04:05:063 : 重试模式分析结束
2019-01-22 14:18:06.144  INFO 18737 --- [Thread-25] :04:05:063 : 开始船舱模式分析
2019-01-22 14:18:06.144  INFO 18737 --- [Thread-25] :04:05:063 : 查询兄弟节点
2019-01-22 14:18:06.144  INFO 18737 --- [Thread-25] :04:05:063 : 等待30秒
2019-01-22 14:18:36.145  INFO 18737 --- [Thread-25] :04:05:063 : 查询图
2019-01-22 14:18:36.152  INFO 18737 --- [Thread-25] :04:05:063 : 兄弟节点共0个
2019-01-22 14:18:36.153  INFO 18737 --- [Thread-25] :04:05:063 : 不存在兄弟节点,结束船舱模式的探测
2019-01-22 14:18:36.153  INFO 18737 --- [Thread-25] :04:05:063 : 船舱模式分析结束
2019-01-22 14:18:36.153  INFO 18737 --- [Thread-25] :04:05:063 : 开始熔断模式分析
2019-01-22 14:18:36.153  INFO 18737 --- [Thread-25] :04:05:063 : 对正常情况下链采样
2019-01-22 14:18:36.153  INFO 18737 --- [Thread-25] :04:05:063 : 等待10秒
2019-01-22 14:18:46.153  INFO 18737 --- [Thread-25] :04:05:063 : 采样
2019-01-22 14:18:46.177  INFO 18737 --- [Thread-25] :04:05:063 : 获取正常链完毕
2019-01-22 14:18:46.177  INFO 18737 --- [Thread-25] :04:05:063 : 解析正常链中所有的边
2019-01-22 14:18:46.177  INFO 18737 --- [Thread-25] :04:05:063 : 注入故障
2019-01-22 14:18:46.620  INFO 18737 --- [Thread-25] :04:05:063 : 等待5秒
2019-01-22 14:18:51.621  INFO 18737 --- [Thread-25] :04:05:063 : 开始探测熔断位置
2019-01-22 14:18:51.621  INFO 18737 --- [Thread-25] :04:05:063 : 参数：持续60秒，间隔为10秒，抽样数量为40条
2019-01-22 14:18:51.675  INFO 18737 --- [Thread-25] :04:05:063 : 等待10秒
2019-01-22 14:19:01.676  INFO 18737 --- [Thread-25] :04:05:063 : 分析熔断位置
2019-01-22 14:19:01.727  INFO 18737 --- [Thread-25] :04:05:063 : 等待10秒
2019-01-22 14:19:11.727  INFO 18737 --- [Thread-25] :04:05:063 : 分析熔断位置
2019-01-22 14:19:11.776  INFO 18737 --- [Thread-25] :04:05:063 : 等待10秒
2019-01-22 14:19:21.776  INFO 18737 --- [Thread-25] :04:05:063 : 分析熔断位置
2019-01-22 14:19:21.813  INFO 18737 --- [Thread-25] :04:05:063 : 等待10秒
2019-01-22 14:19:31.814  INFO 18737 --- [Thread-25] :04:05:063 : 分析熔断位置
2019-01-22 14:19:31.885  INFO 18737 --- [Thread-25] :04:05:063 : 等待10秒
2019-01-22 14:19:41.886  INFO 18737 --- [Thread-25] :04:05:063 : 分析熔断位置
2019-01-22 14:19:41.945  INFO 18737 --- [Thread-25] :04:05:063 : 等待10秒
2019-01-22 14:19:51.945  INFO 18737 --- [Thread-25] :04:05:063 : 分析熔断位置
2019-01-22 14:19:51.946  INFO 18737 --- [Thread-25] :04:05:063 : 缺失熔断
2019-01-22 14:19:51.947  INFO 18737 --- [Thread-25] :04:05:063 : 删除故障
2019-01-22 14:19:52.048  INFO 18737 --- [Thread-25] :04:05:063 : 等待5秒
2019-01-22 14:19:57.049  INFO 18737 --- [Thread-25] :04:05:063 : 熔断模式分析结束
2019-01-22 14:19:57.049  INFO 18737 --- [Thread-25] :04:05:063 : 模式分析结束
2019-01-22 14:19:57.050  INFO 18737 --- [Thread-25] :04:05:063 : 当前为第5次探测
2019-01-22 14:19:57.050  INFO 18737 --- [Thread-25] :04:05:063 : 开始对reviews2的探测
2019-01-22 14:19:57.050  INFO 18737 --- [Thread-25] :04:05:063 : 注入500丢包
2019-01-22 14:19:57.503  INFO 18737 --- [Thread-25] :04:05:063 : 等待5秒
2019-01-22 14:20:02.503  INFO 18737 --- [Thread-25] :04:05:063 : 注入完毕
2019-01-22 14:20:02.504  INFO 18737 --- [Thread-25] :04:05:063 : 验证断言
2019-01-22 14:20:02.504  INFO 18737 --- [Thread-25] :04:05:063 : 验证返回结果和响应时间
2019-01-22 14:20:02.504  INFO 18737 --- [Thread-25] :04:05:063 : 等待10秒
2019-01-22 14:20:12.505  INFO 18737 --- [Thread-25] :04:05:063 : 采样调用链
2019-01-22 14:20:12.522  INFO 18737 --- [Thread-25] :04:05:063 : 逐个trace验证
2019-01-22 14:20:12.522  INFO 18737 --- [Thread-25] :04:05:063 : 验证用户自定义脚本
2019-01-22 14:20:14.593  INFO 18737 --- [Thread-25] :04:05:063 : 验证完毕
2019-01-22 14:20:14.593  INFO 18737 --- [Thread-25] :04:05:063 : 无异常，开始更新调用链
2019-01-22 14:20:14.594  INFO 18737 --- [Thread-25] :04:05:063 : 参数：持续30秒，间隔为10秒，抽样数量为40条
2019-01-22 14:20:14.594  INFO 18737 --- [Thread-25] :04:05:063 : 等待10秒
2019-01-22 14:20:24.594  INFO 18737 --- [Thread-25] :04:05:063 : 抽样调用链
2019-01-22 14:20:24.660  INFO 18737 --- [Thread-25] :04:05:063 : 分析
2019-01-22 14:20:24.660  INFO 18737 --- [Thread-25] :04:05:063 : 加入新的trace{details,productpage,ratings,reviews3}
2019-01-22 14:20:24.660  INFO 18737 --- [Thread-25] :04:05:063 : 等待10秒
2019-01-22 14:20:34.660  INFO 18737 --- [Thread-25] :04:05:063 : 抽样调用链
2019-01-22 14:20:34.722  INFO 18737 --- [Thread-25] :04:05:063 : 分析
2019-01-22 14:20:34.723  INFO 18737 --- [Thread-25] :04:05:063 : 等待10秒
2019-01-22 14:20:44.723  INFO 18737 --- [Thread-25] :04:05:063 : 抽样调用链
2019-01-22 14:20:44.770  INFO 18737 --- [Thread-25] :04:05:063 : 分析
2019-01-22 14:20:44.770  INFO 18737 --- [Thread-25] :04:05:063 : 更新完毕，删除故障
2019-01-22 14:20:44.866  INFO 18737 --- [Thread-25] :04:05:063 : 等待5秒
2019-01-22 14:20:49.867  INFO 18737 --- [Thread-25] :04:05:063 : 删除故障完毕
2019-01-22 14:20:49.867  INFO 18737 --- [Thread-25] :04:05:063 : 对当前IPS探测结束
2019-01-22 14:20:49.867  INFO 18737 --- [Thread-25] :04:05:063 : 约束求解
2019-01-22 14:20:49.870  INFO 18737 --- [Thread-25] :04:05:063 : 求解结果为:{details}{productpage}{ratings}{reviews3,reviews2}
2019-01-22 14:20:49.871  INFO 18737 --- [Thread-25] :04:05:063 : 开始过滤IPS
2019-01-22 14:20:49.871  INFO 18737 --- [Thread-25] :04:05:063 : {details}已经执行过，被过滤
2019-01-22 14:20:49.871  INFO 18737 --- [Thread-25] :04:05:063 : {productpage}已经执行过，被过滤
2019-01-22 14:20:49.871  INFO 18737 --- [Thread-25] :04:05:063 : {ratings}已经执行过，被过滤
2019-01-22 14:20:49.871  INFO 18737 --- [Thread-25] :04:05:063 : 结束过滤IPS
2019-01-22 14:20:49.871  INFO 18737 --- [Thread-25] :04:05:063 : 待测故障注入点集合为{reviews2,reviews3}
2019-01-22 14:20:49.872  INFO 18737 --- [Thread-25] :04:05:063 : 当前的接口集合为[http://localhost:30036/productpageForExp]
2019-01-22 14:20:49.872  INFO 18737 --- [Thread-25] :04:05:063 : 开始对每个故障注入点探测
2019-01-22 14:20:49.873  INFO 18737 --- [Thread-25] :04:05:063 : 当前为第6次探测
2019-01-22 14:20:49.874  INFO 18737 --- [Thread-25] :04:05:063 : 开始对reviews2;reviews3的探测
2019-01-22 14:20:49.874  INFO 18737 --- [Thread-25] :04:05:063 : 注入500丢包
2019-01-22 14:20:50.657  INFO 18737 --- [Thread-25] :04:05:063 : 等待5秒
2019-01-22 14:20:55.658  INFO 18737 --- [Thread-25] :04:05:063 : 注入完毕
2019-01-22 14:20:55.658  INFO 18737 --- [Thread-25] :04:05:063 : 验证断言
2019-01-22 14:20:55.658  INFO 18737 --- [Thread-25] :04:05:063 : 验证返回结果和响应时间
2019-01-22 14:20:55.658  INFO 18737 --- [Thread-25] :04:05:063 : 等待10秒
2019-01-22 14:21:05.659  INFO 18737 --- [Thread-25] :04:05:063 : 采样调用链
2019-01-22 14:21:05.680  INFO 18737 --- [Thread-25] :04:05:063 : 逐个trace验证
2019-01-22 14:21:05.681  INFO 18737 --- [Thread-25] :04:05:063 : 验证用户自定义脚本
2019-01-22 14:21:08.337  INFO 18737 --- [Thread-25] :04:05:063 : 验证完毕
2019-01-22 14:21:08.337  INFO 18737 --- [Thread-25] :04:05:063 : 无异常，开始更新调用链
2019-01-22 14:21:08.337  INFO 18737 --- [Thread-25] :04:05:063 : 参数：持续30秒，间隔为10秒，抽样数量为40条
2019-01-22 14:21:08.337  INFO 18737 --- [Thread-25] :04:05:063 : 等待10秒
2019-01-22 14:21:18.337  INFO 18737 --- [Thread-25] :04:05:063 : 抽样调用链
2019-01-22 14:21:18.414  INFO 18737 --- [Thread-25] :04:05:063 : 分析
2019-01-22 14:21:18.414  INFO 18737 --- [Thread-25] :04:05:063 : 加入新的trace{details,productpage,reviews1}
2019-01-22 14:21:18.415  INFO 18737 --- [Thread-25] :04:05:063 : 等待10秒
2019-01-22 14:21:28.415  INFO 18737 --- [Thread-25] :04:05:063 : 抽样调用链
2019-01-22 14:21:28.485  INFO 18737 --- [Thread-25] :04:05:063 : 分析
2019-01-22 14:21:28.486  INFO 18737 --- [Thread-25] :04:05:063 : 加入新的trace{productpage}
2019-01-22 14:21:28.486  INFO 18737 --- [Thread-25] :04:05:063 : 等待10秒
2019-01-22 14:21:38.486  INFO 18737 --- [Thread-25] :04:05:063 : 抽样调用链
2019-01-22 14:21:38.552  INFO 18737 --- [Thread-25] :04:05:063 : 分析
2019-01-22 14:21:38.552  INFO 18737 --- [Thread-25] :04:05:063 : 更新完毕，删除故障
2019-01-22 14:21:38.777  INFO 18737 --- [Thread-25] :04:05:063 : 等待5秒
2019-01-22 14:21:43.778  INFO 18737 --- [Thread-25] :04:05:063 : 删除故障完毕
2019-01-22 14:21:43.778  INFO 18737 --- [Thread-25] :04:05:063 : 对当前IPS探测结束
2019-01-22 14:21:43.779  INFO 18737 --- [Thread-25] :04:05:063 : 约束求解
2019-01-22 14:21:43.780  INFO 18737 --- [Thread-25] :04:05:063 : 求解结果为:{productpage}
2019-01-22 14:21:43.780  INFO 18737 --- [Thread-25] :04:05:063 : 开始过滤IPS
2019-01-22 14:21:43.781  INFO 18737 --- [Thread-25] :04:05:063 : {productpage}已经执行过，被过滤
2019-01-22 14:21:43.781  INFO 18737 --- [Thread-25] :04:05:063 : 结束过滤IPS
2019-01-22 14:21:43.781  INFO 18737 --- [Thread-25] :04:05:063 : IPS为空，结束对于当前tracePool的探测
2019-01-22 14:21:43.781  INFO 18737 --- [Thread-25] :04:05:063 : 对当前tracepool探测结束
2019-01-22 14:21:43.781  INFO 18737 --- [Thread-25] :04:05:063 : 清理中
