2019-02-26 10:58:52.764  INFO 18737 --- [Thread-25] :58:52:758 : 参数初始化完毕
2019-02-26 10:58:52.765  INFO 18737 --- [Thread-25] :58:52:758 : 抽样正常调用链
2019-02-26 10:58:52.766  INFO 18737 --- [Thread-25] :58:52:758 : 参数：持续30秒，间隔为10秒，抽样数量为20条
2019-02-26 10:58:52.766  INFO 18737 --- [Thread-25] :58:52:758 : 采样中
2019-02-26 10:58:52.767  INFO 18737 --- [Thread-25] :58:52:758 : 等待10+5秒,zipkin抓取中
2019-02-26 10:59:07.771  INFO 18737 --- [Thread-25] :58:52:758 : 查询中
2019-02-26 10:59:07.899  INFO 18737 --- [Thread-25] :58:52:758 : 解析中
2019-02-26 10:59:07.903  INFO 18737 --- [Thread-25] :58:52:758 : 等待10+5秒,zipkin抓取中
2019-02-26 10:59:22.904  INFO 18737 --- [Thread-25] :58:52:758 : 查询中
2019-02-26 10:59:22.953  INFO 18737 --- [Thread-25] :58:52:758 : 解析中
2019-02-26 10:59:22.954  INFO 18737 --- [Thread-25] :58:52:758 : 共收集到2条不同trace
2019-02-26 10:59:22.955  INFO 18737 --- [Thread-25] :58:52:758 : 调用链抽样完毕
2019-02-26 10:59:22.955  INFO 18737 --- [Thread-25] :58:52:758 : 开始对每个trace探测
2019-02-26 10:59:22.964  INFO 18737 --- [Thread-25] :58:52:758 : 当前tracepool为{details,productpage,reviews4}
2019-02-26 10:59:22.964  INFO 18737 --- [Thread-25] :58:52:758 : 开始对当前的tracepool进行探测
2019-02-26 11:00:18.681  INFO 18737 --- [Thread-25] :58:52:758 : 约束求解
2019-02-26 11:00:18.723  INFO 18737 --- [Thread-25] :58:52:758 : 求解结果为:{details}{productpage}{reviews4}
2019-02-26 11:00:18.724  INFO 18737 --- [Thread-25] :58:52:758 : 开始过滤IPS
2019-02-26 11:00:18.724  INFO 18737 --- [Thread-25] :58:52:758 : 结束过滤IPS
2019-02-26 11:00:18.724  INFO 18737 --- [Thread-25] :58:52:758 : 待测故障注入点集合为{details}{productpage}{reviews4}
2019-02-26 11:00:18.725  INFO 18737 --- [Thread-25] :58:52:758 : 当前的接口集合为[http://localhost:30036/productpageForCircuitBreaker]
2019-02-26 11:00:18.725  INFO 18737 --- [Thread-25] :58:52:758 : 开始对每个故障注入点探测
2019-02-26 11:16:08.734  INFO 18737 --- [Thread-25] :58:52:758 : 当前为第1次探测
2019-02-26 11:16:08.735  INFO 18737 --- [Thread-25] :58:52:758 : 开始对details的探测
2019-02-26 11:16:08.736  INFO 18737 --- [Thread-25] :58:52:758 : 注入500丢包
