2019-01-22 11:05:43.535  INFO 18737 --- [Thread-25] :05:43:529 : 参数初始化完毕
2019-01-22 11:05:43.536  INFO 18737 --- [Thread-25] :05:43:529 : 抽样正常调用链
2019-01-22 11:05:43.538  INFO 18737 --- [Thread-25] :05:43:529 : 参数：持续10秒，间隔为10秒，抽样数量为20条
2019-01-22 11:05:43.539  INFO 18737 --- [Thread-25] :05:43:529 : 采样中
2019-01-22 11:05:43.540  INFO 18737 --- [Thread-25] :05:43:529 : 等待10+5秒,zipkin抓取中
2019-01-22 11:05:58.541  INFO 18737 --- [Thread-25] :05:43:529 : 查询中
2019-01-22 11:05:58.599  INFO 18737 --- [Thread-25] :05:43:529 : 解析中
2019-01-22 11:05:58.603  INFO 18737 --- [Thread-25] :05:43:529 : 共收集到2条不同trace
2019-01-22 11:05:58.604  INFO 18737 --- [Thread-25] :05:43:529 : 调用链抽样完毕
2019-01-22 11:05:58.605  INFO 18737 --- [Thread-25] :05:43:529 : 开始对每个trace探测
2019-01-22 11:05:58.613  INFO 18737 --- [Thread-25] :05:43:529 : 当前tracepool为{details,productpage,reviews4}
2019-01-22 11:05:58.613  INFO 18737 --- [Thread-25] :05:43:529 : 开始对当前的tracepool进行探测
2019-01-22 11:05:58.615  INFO 18737 --- [Thread-25] :05:43:529 : 约束求解
2019-01-22 11:05:58.644  INFO 18737 --- [Thread-25] :05:43:529 : 求解结果为:{details}{productpage}{reviews4}
2019-01-22 11:05:58.645  INFO 18737 --- [Thread-25] :05:43:529 : 开始过滤IPS
2019-01-22 11:05:58.645  INFO 18737 --- [Thread-25] :05:43:529 : {details}包含实效的故障注入点，被过滤
2019-01-22 11:05:58.645  INFO 18737 --- [Thread-25] :05:43:529 : {productpage}已经执行过，被过滤
2019-01-22 11:05:58.646  INFO 18737 --- [Thread-25] :05:43:529 : {reviews4}包含实效的故障注入点，被过滤
2019-01-22 11:05:58.646  INFO 18737 --- [Thread-25] :05:43:529 : 结束过滤IPS
2019-01-22 11:05:58.646  INFO 18737 --- [Thread-25] :05:43:529 : IPS为空，结束对于当前tracePool的探测
2019-01-22 11:05:58.646  INFO 18737 --- [Thread-25] :05:43:529 : 对当前tracepool探测结束
2019-01-22 11:05:58.647  INFO 18737 --- [Thread-25] :05:43:529 : 当前tracepool为{details,productpage,ratings,reviews2}
2019-01-22 11:05:58.647  INFO 18737 --- [Thread-25] :05:43:529 : 开始对当前的tracepool进行探测
2019-01-22 11:05:58.647  INFO 18737 --- [Thread-25] :05:43:529 : 约束求解
2019-01-22 11:05:58.649  INFO 18737 --- [Thread-25] :05:43:529 : 求解结果为:{details}{productpage}{ratings}{reviews2}
2019-01-22 11:05:58.649  INFO 18737 --- [Thread-25] :05:43:529 : 开始过滤IPS
2019-01-22 11:05:58.649  INFO 18737 --- [Thread-25] :05:43:529 : {details}包含实效的故障注入点，被过滤
2019-01-22 11:05:58.649  INFO 18737 --- [Thread-25] :05:43:529 : {productpage}已经执行过，被过滤
2019-01-22 11:05:58.649  INFO 18737 --- [Thread-25] :05:43:529 : 结束过滤IPS
2019-01-22 11:05:58.649  INFO 18737 --- [Thread-25] :05:43:529 : 待测故障注入点集合为{ratings}{reviews2}
2019-01-22 11:05:58.650  INFO 18737 --- [Thread-25] :05:43:529 : 当前的接口集合为[http://localhost:30036/productpageForExp]
2019-01-22 11:05:58.650  INFO 18737 --- [Thread-25] :05:43:529 : 开始对每个故障注入点探测
2019-01-22 11:05:58.650  INFO 18737 --- [Thread-25] :05:43:529 : 当前为第1次探测
2019-01-22 11:05:58.650  INFO 18737 --- [Thread-25] :05:43:529 : 开始对ratings的探测
2019-01-22 11:05:58.650  INFO 18737 --- [Thread-25] :05:43:529 : 注入500丢包
2019-01-22 11:05:59.073  INFO 18737 --- [Thread-25] :05:43:529 : 等待5秒
2019-01-22 11:06:04.075  INFO 18737 --- [Thread-25] :05:43:529 : 注入完毕
2019-01-22 11:06:04.075  INFO 18737 --- [Thread-25] :05:43:529 : 验证断言
2019-01-22 11:06:04.076  INFO 18737 --- [Thread-25] :05:43:529 : 验证返回结果和响应时间
2019-01-22 11:06:04.076  INFO 18737 --- [Thread-25] :05:43:529 : 等待10秒
2019-01-22 11:06:14.077  INFO 18737 --- [Thread-25] :05:43:529 : 采样调用链
2019-01-22 11:06:14.105  INFO 18737 --- [Thread-25] :05:43:529 : 逐个trace验证
2019-01-22 11:06:14.106  INFO 18737 --- [Thread-25] :05:43:529 : 验证用户自定义脚本
2019-01-22 11:06:16.024  INFO 18737 --- [Thread-25] :05:43:529 : 验证完毕
2019-01-22 11:06:16.024  INFO 18737 --- [Thread-25] :05:43:529 : 删除故障
2019-01-22 11:06:16.137  INFO 18737 --- [Thread-25] :05:43:529 : 等待5秒
2019-01-22 11:06:21.138  INFO 18737 --- [Thread-25] :05:43:529 : 开始模式分析
2019-01-22 11:06:21.139  INFO 18737 --- [Thread-25] :05:43:529 : 开始超时模式分析
2019-01-22 11:06:21.140  INFO 18737 --- [Thread-25] :05:43:529 : 注入20秒超时
2019-01-22 11:06:21.537  INFO 18737 --- [Thread-25] :05:43:529 : 等待5秒
2019-01-22 11:06:26.538  INFO 18737 --- [Thread-25] :05:43:529 : 参数：持续20秒，间隔为10秒，抽样数量为20条
2019-01-22 11:06:26.539  INFO 18737 --- [Thread-25] :05:43:529 : 等待10秒
2019-01-22 11:06:36.539  INFO 18737 --- [Thread-25] :05:43:529 : 抽样
2019-01-22 11:06:36.634  INFO 18737 --- [Thread-25] :05:43:529 : 统计并计算结果
2019-01-22 11:06:36.635  INFO 18737 --- [Thread-25] :05:43:529 : 等待10秒
2019-01-22 11:06:46.635  INFO 18737 --- [Thread-25] :05:43:529 : 抽样
2019-01-22 11:06:46.749  INFO 18737 --- [Thread-25] :05:43:529 : 统计并计算结果
2019-01-22 11:06:46.879  INFO 18737 --- [Thread-25] :05:43:529 : 等待5秒
2019-01-22 11:06:51.881  INFO 18737 --- [Thread-25] :05:43:529 : 超时模式分析结束
2019-01-22 11:06:51.881  INFO 18737 --- [Thread-25] :05:43:529 : 开始重试模式分析
2019-01-22 11:06:51.882  INFO 18737 --- [Thread-25] :05:43:529 : 抽样正常请求
2019-01-22 11:06:51.882  INFO 18737 --- [Thread-25] :05:43:529 : 等待10秒
2019-01-22 11:07:01.882  INFO 18737 --- [Thread-25] :05:43:529 : 抽样中
2019-01-22 11:07:01.921  INFO 18737 --- [Thread-25] :05:43:529 : 抽取正常请求数量
2019-01-22 11:07:01.921  INFO 18737 --- [Thread-25] :05:43:529 : 注入丢包
2019-01-22 11:07:02.309  INFO 18737 --- [Thread-25] :05:43:529 : 等待5秒
