2019-01-22 13:19:23.134  INFO 18737 --- [Thread-24] :19:23:130 : 参数初始化完毕
2019-01-22 13:19:23.135  INFO 18737 --- [Thread-24] :19:23:130 : 抽样正常调用链
2019-01-22 13:19:23.135  INFO 18737 --- [Thread-24] :19:23:130 : 参数：持续30秒，间隔为10秒，抽样数量为40条
2019-01-22 13:19:23.135  INFO 18737 --- [Thread-24] :19:23:130 : 采样中
2019-01-22 13:19:23.135  INFO 18737 --- [Thread-24] :19:23:130 : 等待10+5秒,zipkin抓取中
2019-01-22 13:19:38.136  INFO 18737 --- [Thread-24] :19:23:130 : 查询中
2019-01-22 13:19:38.215  INFO 18737 --- [Thread-24] :19:23:130 : 解析中
2019-01-22 13:19:38.218  INFO 18737 --- [Thread-24] :19:23:130 : 等待10+5秒,zipkin抓取中
2019-01-22 13:19:53.219  INFO 18737 --- [Thread-24] :19:23:130 : 查询中
2019-01-22 13:19:53.279  INFO 18737 --- [Thread-24] :19:23:130 : 解析中
2019-01-22 13:19:53.279  INFO 18737 --- [Thread-24] :19:23:130 : 共收集到1条不同trace
2019-01-22 13:19:53.280  INFO 18737 --- [Thread-24] :19:23:130 : 调用链抽样完毕
2019-01-22 13:19:53.280  INFO 18737 --- [Thread-24] :19:23:130 : 开始对每个trace探测
2019-01-22 13:19:53.286  INFO 18737 --- [Thread-24] :19:23:130 : 当前tracepool为{details,productpage,ratings,reviews2}
2019-01-22 13:19:53.286  INFO 18737 --- [Thread-24] :19:23:130 : 开始对当前的tracepool进行探测
2019-01-22 13:19:53.286  INFO 18737 --- [Thread-24] :19:23:130 : 约束求解
2019-01-22 13:19:53.315  INFO 18737 --- [Thread-24] :19:23:130 : 求解结果为:{details}{productpage}{ratings}{reviews2}
2019-01-22 13:19:53.316  INFO 18737 --- [Thread-24] :19:23:130 : 开始过滤IPS
2019-01-22 13:19:53.316  INFO 18737 --- [Thread-24] :19:23:130 : {details}包含实效的故障注入点，被过滤
2019-01-22 13:19:53.316  INFO 18737 --- [Thread-24] :19:23:130 : {productpage}已经执行过，被过滤
2019-01-22 13:19:53.316  INFO 18737 --- [Thread-24] :19:23:130 : 结束过滤IPS
2019-01-22 13:19:53.317  INFO 18737 --- [Thread-24] :19:23:130 : 待测故障注入点集合为{ratings}{reviews2}
2019-01-22 13:19:53.317  INFO 18737 --- [Thread-24] :19:23:130 : 当前的接口集合为[http://localhost:30036/productpageForExp]
2019-01-22 13:19:53.317  INFO 18737 --- [Thread-24] :19:23:130 : 开始对每个故障注入点探测
2019-01-22 13:19:53.317  INFO 18737 --- [Thread-24] :19:23:130 : 当前为第1次探测
2019-01-22 13:19:53.317  INFO 18737 --- [Thread-24] :19:23:130 : 开始对ratings的探测
2019-01-22 13:19:53.317  INFO 18737 --- [Thread-24] :19:23:130 : 注入500丢包
2019-01-22 13:19:53.799  INFO 18737 --- [Thread-24] :19:23:130 : 等待5秒
2019-01-22 13:19:58.799  INFO 18737 --- [Thread-24] :19:23:130 : 注入完毕
2019-01-22 13:19:58.800  INFO 18737 --- [Thread-24] :19:23:130 : 验证断言
2019-01-22 13:19:58.801  INFO 18737 --- [Thread-24] :19:23:130 : 验证返回结果和响应时间
2019-01-22 13:19:58.801  INFO 18737 --- [Thread-24] :19:23:130 : 等待10秒
2019-01-22 13:20:08.801  INFO 18737 --- [Thread-24] :19:23:130 : 采样调用链
2019-01-22 13:20:08.828  INFO 18737 --- [Thread-24] :19:23:130 : 逐个trace验证
2019-01-22 13:20:08.829  INFO 18737 --- [Thread-24] :19:23:130 : 验证用户自定义脚本
2019-01-22 13:20:11.103  INFO 18737 --- [Thread-24] :19:23:130 : 验证完毕
2019-01-22 13:20:11.103  INFO 18737 --- [Thread-24] :19:23:130 : 删除故障
2019-01-22 13:20:11.224  INFO 18737 --- [Thread-24] :19:23:130 : 等待5秒
2019-01-22 13:20:16.225  INFO 18737 --- [Thread-24] :19:23:130 : 开始模式分析
2019-01-22 13:20:16.226  INFO 18737 --- [Thread-24] :19:23:130 : 开始超时模式分析
2019-01-22 13:20:16.226  INFO 18737 --- [Thread-24] :19:23:130 : 注入20秒超时
2019-01-22 13:20:16.628  INFO 18737 --- [Thread-24] :19:23:130 : 等待5秒
2019-01-22 13:20:21.628  INFO 18737 --- [Thread-24] :19:23:130 : 参数：持续40秒，间隔为20秒，抽样数量为40条
2019-01-22 13:20:21.629  INFO 18737 --- [Thread-24] :19:23:130 : 等待20秒
2019-01-22 13:20:41.630  INFO 18737 --- [Thread-24] :19:23:130 : 抽样
2019-01-22 13:20:41.744  INFO 18737 --- [Thread-24] :19:23:130 : 统计并计算结果
2019-01-22 13:20:41.744  INFO 18737 --- [Thread-24] :19:23:130 : 探测到异常
2019-01-22 13:20:41.745  INFO 18737 --- [Thread-24] :19:23:130 : 探测到异常
2019-01-22 13:20:41.745  INFO 18737 --- [Thread-24] :19:23:130 : 探测到异常
2019-01-22 13:20:41.745  INFO 18737 --- [Thread-24] :19:23:130 : 探测到异常
2019-01-22 13:20:41.745  INFO 18737 --- [Thread-24] :19:23:130 : 探测到异常
2019-01-22 13:20:41.745  INFO 18737 --- [Thread-24] :19:23:130 : 探测到异常
2019-01-22 13:20:41.745  INFO 18737 --- [Thread-24] :19:23:130 : 探测到异常
2019-01-22 13:20:41.745  INFO 18737 --- [Thread-24] :19:23:130 : 探测到异常
2019-01-22 13:20:41.745  INFO 18737 --- [Thread-24] :19:23:130 : 探测到异常
2019-01-22 13:20:41.746  INFO 18737 --- [Thread-24] :19:23:130 : 探测到异常
2019-01-22 13:20:41.746  INFO 18737 --- [Thread-24] :19:23:130 : 探测到异常
2019-01-22 13:20:41.746  INFO 18737 --- [Thread-24] :19:23:130 : 探测到异常
2019-01-22 13:20:41.746  INFO 18737 --- [Thread-24] :19:23:130 : 探测到异常
2019-01-22 13:20:41.746  INFO 18737 --- [Thread-24] :19:23:130 : 探测到异常
2019-01-22 13:20:41.746  INFO 18737 --- [Thread-24] :19:23:130 : 探测到异常
2019-01-22 13:20:41.746  INFO 18737 --- [Thread-24] :19:23:130 : 探测到异常
2019-01-22 13:20:41.747  INFO 18737 --- [Thread-24] :19:23:130 : 探测到异常
2019-01-22 13:20:41.747  INFO 18737 --- [Thread-24] :19:23:130 : 探测到异常
2019-01-22 13:20:41.747  INFO 18737 --- [Thread-24] :19:23:130 : 探测到异常
2019-01-22 13:20:41.747  INFO 18737 --- [Thread-24] :19:23:130 : 探测到异常
2019-01-22 13:20:41.747  INFO 18737 --- [Thread-24] :19:23:130 : 探测到异常
2019-01-22 13:20:41.747  INFO 18737 --- [Thread-24] :19:23:130 : 探测到异常
2019-01-22 13:20:41.747  INFO 18737 --- [Thread-24] :19:23:130 : 探测到异常
2019-01-22 13:20:41.747  INFO 18737 --- [Thread-24] :19:23:130 : 探测到异常
2019-01-22 13:20:41.748  INFO 18737 --- [Thread-24] :19:23:130 : 探测到异常
2019-01-22 13:20:41.748  INFO 18737 --- [Thread-24] :19:23:130 : 探测到异常
2019-01-22 13:20:41.748  INFO 18737 --- [Thread-24] :19:23:130 : 等待20秒
