2019-02-26 10:40:00.854  INFO 18737 --- [Thread-25] :40:00:846 : 参数初始化完毕
2019-02-26 10:40:00.855  INFO 18737 --- [Thread-25] :40:00:846 : 抽样正常调用链
2019-02-26 10:40:00.856  INFO 18737 --- [Thread-25] :40:00:846 : 参数：持续30秒，间隔为10秒，抽样数量为20条
2019-02-26 10:40:00.857  INFO 18737 --- [Thread-25] :40:00:846 : 采样中
2019-02-26 10:40:00.858  INFO 18737 --- [Thread-25] :40:00:846 : 等待10+5秒,zipkin抓取中
2019-02-26 10:40:15.859  INFO 18737 --- [Thread-25] :40:00:846 : 查询中
2019-02-26 10:40:15.978  INFO 18737 --- [Thread-25] :40:00:846 : 解析中
2019-02-26 10:40:15.982  INFO 18737 --- [Thread-25] :40:00:846 : 等待10+5秒,zipkin抓取中
2019-02-26 10:40:30.982  INFO 18737 --- [Thread-25] :40:00:846 : 查询中
2019-02-26 10:40:31.028  INFO 18737 --- [Thread-25] :40:00:846 : 解析中
2019-02-26 10:40:31.029  INFO 18737 --- [Thread-25] :40:00:846 : 共收集到2条不同trace
2019-02-26 10:40:31.030  INFO 18737 --- [Thread-25] :40:00:846 : 调用链抽样完毕
2019-02-26 10:40:31.030  INFO 18737 --- [Thread-25] :40:00:846 : 开始对每个trace探测
2019-02-26 10:40:31.038  INFO 18737 --- [Thread-25] :40:00:846 : 当前tracepool为{details,productpage,reviews4}
2019-02-26 10:40:31.039  INFO 18737 --- [Thread-25] :40:00:846 : 开始对当前的tracepool进行探测
2019-02-26 10:45:57.852  INFO 18737 --- [Thread-25] :40:00:846 : 约束求解
2019-02-26 10:45:57.898  INFO 18737 --- [Thread-25] :40:00:846 : 求解结果为:{details}{productpage}{reviews4}
2019-02-26 10:45:57.899  INFO 18737 --- [Thread-25] :40:00:846 : 开始过滤IPS
2019-02-26 10:45:57.899  INFO 18737 --- [Thread-25] :40:00:846 : 结束过滤IPS
2019-02-26 10:45:57.900  INFO 18737 --- [Thread-25] :40:00:846 : 待测故障注入点集合为{details}{productpage}{reviews4}
2019-02-26 10:45:57.900  INFO 18737 --- [Thread-25] :40:00:846 : 当前的接口集合为[http://localhost:30036/productpageForCircuitBreaker]
2019-02-26 10:45:57.901  INFO 18737 --- [Thread-25] :40:00:846 : 开始对每个故障注入点探测
2019-02-26 10:45:57.901  INFO 18737 --- [Thread-25] :40:00:846 : 当前为第1次探测
2019-02-26 10:45:57.902  INFO 18737 --- [Thread-25] :40:00:846 : 开始对details的探测
2019-02-26 10:45:57.902  INFO 18737 --- [Thread-25] :40:00:846 : 注入500丢包
