2019-01-22 14:40:37.741  INFO 18737 --- [Thread-25] :40:37:730 : 参数初始化完毕
2019-01-22 14:40:37.742  INFO 18737 --- [Thread-25] :40:37:730 : 抽样正常调用链
2019-01-22 14:40:37.744  INFO 18737 --- [Thread-25] :40:37:730 : 参数：持续30秒，间隔为10秒，抽样数量为20条
2019-01-22 14:40:37.747  INFO 18737 --- [Thread-25] :40:37:730 : 采样中
2019-01-22 14:40:37.749  INFO 18737 --- [Thread-25] :40:37:730 : 等待10+5秒,zipkin抓取中
2019-01-22 14:40:52.750  INFO 18737 --- [Thread-25] :40:37:730 : 查询中
2019-01-22 14:40:52.804  INFO 18737 --- [Thread-25] :40:37:730 : 解析中
2019-01-22 14:40:52.809  INFO 18737 --- [Thread-25] :40:37:730 : 等待10+5秒,zipkin抓取中
2019-01-22 14:41:07.809  INFO 18737 --- [Thread-25] :40:37:730 : 查询中
2019-01-22 14:41:07.846  INFO 18737 --- [Thread-25] :40:37:730 : 解析中
2019-01-22 14:41:07.847  INFO 18737 --- [Thread-25] :40:37:730 : 共收集到3条不同trace
2019-01-22 14:41:07.847  INFO 18737 --- [Thread-25] :40:37:730 : 调用链抽样完毕
2019-01-22 14:41:07.848  INFO 18737 --- [Thread-25] :40:37:730 : 开始对每个trace探测
2019-01-22 14:41:07.855  INFO 18737 --- [Thread-25] :40:37:730 : 当前tracepool为{details,productpage,reviews4}
2019-01-22 14:41:07.856  INFO 18737 --- [Thread-25] :40:37:730 : 开始对当前的tracepool进行探测
2019-01-22 14:41:07.856  INFO 18737 --- [Thread-25] :40:37:730 : 约束求解
2019-01-22 14:41:07.881  INFO 18737 --- [Thread-25] :40:37:730 : 求解结果为:{details}{productpage}{reviews4}
2019-01-22 14:41:07.882  INFO 18737 --- [Thread-25] :40:37:730 : 开始过滤IPS
2019-01-22 14:41:07.882  INFO 18737 --- [Thread-25] :40:37:730 : 结束过滤IPS
2019-01-22 14:41:07.882  INFO 18737 --- [Thread-25] :40:37:730 : 待测故障注入点集合为{details}{productpage}{reviews4}
2019-01-22 14:41:07.882  INFO 18737 --- [Thread-25] :40:37:730 : 当前的接口集合为[http://localhost:30036/productpageForCircuitBreaker]
2019-01-22 14:41:07.882  INFO 18737 --- [Thread-25] :40:37:730 : 开始对每个故障注入点探测
2019-01-22 14:41:07.883  INFO 18737 --- [Thread-25] :40:37:730 : 当前为第1次探测
2019-01-22 14:41:07.883  INFO 18737 --- [Thread-25] :40:37:730 : 开始对details的探测
2019-01-22 14:41:07.883  INFO 18737 --- [Thread-25] :40:37:730 : 注入500丢包
2019-01-22 14:41:08.289  INFO 18737 --- [Thread-25] :40:37:730 : 等待5秒
2019-01-22 14:41:13.291  INFO 18737 --- [Thread-25] :40:37:730 : 注入完毕
2019-01-22 14:41:13.292  INFO 18737 --- [Thread-25] :40:37:730 : 验证断言
2019-01-22 14:41:13.292  INFO 18737 --- [Thread-25] :40:37:730 : 验证返回结果和响应时间
2019-01-22 14:41:13.293  INFO 18737 --- [Thread-25] :40:37:730 : 等待10秒
2019-01-22 14:41:23.294  INFO 18737 --- [Thread-25] :40:37:730 : 采样调用链
2019-01-22 14:41:23.317  INFO 18737 --- [Thread-25] :40:37:730 : 逐个trace验证
2019-01-22 14:41:23.318  INFO 18737 --- [Thread-25] :40:37:730 : 验证用户自定义脚本
2019-01-22 14:41:24.994  INFO 18737 --- [Thread-25] :40:37:730 : 验证完毕
2019-01-22 14:41:24.994  INFO 18737 --- [Thread-25] :40:37:730 : 删除故障
2019-01-22 14:41:25.114  INFO 18737 --- [Thread-25] :40:37:730 : 等待5秒
2019-01-22 14:41:30.114  INFO 18737 --- [Thread-25] :40:37:730 : 开始模式分析
2019-01-22 14:41:30.115  INFO 18737 --- [Thread-25] :40:37:730 : 开始超时模式分析
2019-01-22 14:41:30.116  INFO 18737 --- [Thread-25] :40:37:730 : 注入20秒超时
2019-01-22 14:41:30.540  INFO 18737 --- [Thread-25] :40:37:730 : 等待5秒
2019-01-22 14:41:35.540  INFO 18737 --- [Thread-25] :40:37:730 : 参数：持续40秒，间隔为20秒，抽样数量为40条
2019-01-22 14:41:35.541  INFO 18737 --- [Thread-25] :40:37:730 : 等待20秒
2019-01-22 14:41:55.541  INFO 18737 --- [Thread-25] :40:37:730 : 抽样
2019-01-22 14:41:55.610  INFO 18737 --- [Thread-25] :40:37:730 : 统计并计算结果
2019-01-22 14:41:55.611  INFO 18737 --- [Thread-25] :40:37:730 : 等待20秒
2019-01-22 14:42:15.611  INFO 18737 --- [Thread-25] :40:37:730 : 抽样
2019-01-22 14:42:15.693  INFO 18737 --- [Thread-25] :40:37:730 : 统计并计算结果
2019-01-22 14:42:15.834  INFO 18737 --- [Thread-25] :40:37:730 : 等待5秒
2019-01-22 14:42:20.835  INFO 18737 --- [Thread-25] :40:37:730 : 超时模式分析结束
2019-01-22 14:42:20.836  INFO 18737 --- [Thread-25] :40:37:730 : 开始重试模式分析
2019-01-22 14:42:20.836  INFO 18737 --- [Thread-25] :40:37:730 : 抽样正常请求
2019-01-22 14:42:20.837  INFO 18737 --- [Thread-25] :40:37:730 : 等待10秒
2019-01-22 14:42:30.837  INFO 18737 --- [Thread-25] :40:37:730 : 抽样中
2019-01-22 14:42:30.883  INFO 18737 --- [Thread-25] :40:37:730 : 抽取正常请求数量
2019-01-22 14:42:30.883  INFO 18737 --- [Thread-25] :40:37:730 : 注入丢包
2019-01-22 14:42:31.357  INFO 18737 --- [Thread-25] :40:37:730 : 等待5秒
2019-01-22 14:42:36.358  INFO 18737 --- [Thread-25] :40:37:730 : 注入完毕
2019-01-22 14:42:36.359  INFO 18737 --- [Thread-25] :40:37:730 : 开始探测，参数为：持续20秒，间隔为10秒，抽样数量为20条
2019-01-22 14:42:36.360  INFO 18737 --- [Thread-25] :40:37:730 : 等待10秒
2019-01-22 14:42:46.360  INFO 18737 --- [Thread-25] :40:37:730 : 抽样故障调用链中
2019-01-22 14:42:46.396  INFO 18737 --- [Thread-25] :40:37:730 : 分析中
2019-01-22 14:42:46.396  INFO 18737 --- [Thread-25] :40:37:730 : 删除故障
2019-01-22 14:42:46.530  INFO 18737 --- [Thread-25] :40:37:730 : 等待5秒
2019-01-22 14:42:51.531  INFO 18737 --- [Thread-25] :40:37:730 : 故障删除完毕
2019-01-22 14:42:51.531  INFO 18737 --- [Thread-25] :40:37:730 : 重试模式分析结束
2019-01-22 14:42:51.531  INFO 18737 --- [Thread-25] :40:37:730 : 开始船舱模式分析
2019-01-22 14:42:51.531  INFO 18737 --- [Thread-25] :40:37:730 : 查询兄弟节点
2019-01-22 14:42:51.531  INFO 18737 --- [Thread-25] :40:37:730 : 等待30秒
2019-01-22 14:43:21.532  INFO 18737 --- [Thread-25] :40:37:730 : 查询图
2019-01-22 14:43:21.548  INFO 18737 --- [Thread-25] :40:37:730 : 兄弟节点共2个
2019-01-22 14:43:21.549  INFO 18737 --- [Thread-25] :40:37:730 : 探测父节点到兄弟节点的正常吞吐量
2019-01-22 14:43:21.549  INFO 18737 --- [Thread-25] :40:37:730 : 开始探测，参数为：持续40秒，间隔为20秒，窗口为10秒
2019-01-22 14:43:21.550  INFO 18737 --- [Thread-25] :40:37:730 : 等待20秒
2019-01-22 14:43:41.550  INFO 18737 --- [Thread-25] :40:37:730 : 查询吞吐量
2019-01-22 14:43:41.554  INFO 18737 --- [Thread-25] :40:37:730 : 获取吞吐量
2019-01-22 14:43:41.555  INFO 18737 --- [Thread-25] :40:37:730 : 等待20秒
2019-01-22 14:44:01.555  INFO 18737 --- [Thread-25] :40:37:730 : 查询吞吐量
2019-01-22 14:44:01.559  INFO 18737 --- [Thread-25] :40:37:730 : 获取吞吐量
2019-01-22 14:44:01.560  INFO 18737 --- [Thread-25] :40:37:730 : 正常吞吐量探测完毕
2019-01-22 14:44:01.561  INFO 18737 --- [Thread-25] :40:37:730 : 注入20秒延迟
2019-01-22 14:44:01.966  INFO 18737 --- [Thread-25] :40:37:730 : 等待5秒
2019-01-22 14:44:06.967  INFO 18737 --- [Thread-25] :40:37:730 : 探测父节点到兄弟节点的异常吞吐量
2019-01-22 14:44:06.968  INFO 18737 --- [Thread-25] :40:37:730 : 开始探测，参数为：持续40秒，间隔为20秒，窗口为10秒
2019-01-22 14:44:06.968  INFO 18737 --- [Thread-25] :40:37:730 : 等待20秒
2019-01-22 14:44:26.969  INFO 18737 --- [Thread-25] :40:37:730 : 查询吞吐量
2019-01-22 14:44:26.973  INFO 18737 --- [Thread-25] :40:37:730 : 获取吞吐量
2019-01-22 14:44:26.974  INFO 18737 --- [Thread-25] :40:37:730 : 等待20秒
2019-01-22 14:44:46.975  INFO 18737 --- [Thread-25] :40:37:730 : 查询吞吐量
2019-01-22 14:44:46.980  INFO 18737 --- [Thread-25] :40:37:730 : 获取吞吐量
2019-01-22 14:44:46.981  INFO 18737 --- [Thread-25] :40:37:730 : 异常吞吐量探测完毕
2019-01-22 14:44:46.982  INFO 18737 --- [Thread-25] :40:37:730 : 分析结果
2019-01-22 14:44:46.982  INFO 18737 --- [Thread-25] :40:37:730 : 探测到船舱模式缺失
2019-01-22 14:44:46.983  INFO 18737 --- [Thread-25] :40:37:730 : 探测到船舱模式缺失
2019-01-22 14:44:46.984  INFO 18737 --- [Thread-25] :40:37:730 : 删除故障
2019-01-22 14:44:47.117  INFO 18737 --- [Thread-25] :40:37:730 : 等待5秒
2019-01-22 14:44:52.117  INFO 18737 --- [Thread-25] :40:37:730 : 船舱模式分析结束
2019-01-22 14:44:52.118  INFO 18737 --- [Thread-25] :40:37:730 : 开始熔断模式分析
2019-01-22 14:44:52.118  INFO 18737 --- [Thread-25] :40:37:730 : 对正常情况下链采样
2019-01-22 14:44:52.118  INFO 18737 --- [Thread-25] :40:37:730 : 等待10秒
2019-01-22 14:45:02.118  INFO 18737 --- [Thread-25] :40:37:730 : 采样
2019-01-22 14:45:02.141  INFO 18737 --- [Thread-25] :40:37:730 : 获取正常链完毕
2019-01-22 14:45:02.141  INFO 18737 --- [Thread-25] :40:37:730 : 解析正常链中所有的边
2019-01-22 14:45:02.142  INFO 18737 --- [Thread-25] :40:37:730 : 注入故障
2019-01-22 14:45:02.564  INFO 18737 --- [Thread-25] :40:37:730 : 等待5秒
2019-01-22 14:45:07.565  INFO 18737 --- [Thread-25] :40:37:730 : 开始探测熔断位置
2019-01-22 14:45:07.565  INFO 18737 --- [Thread-25] :40:37:730 : 参数：持续30秒，间隔为10秒，抽样数量为20条
2019-01-22 14:45:07.592  INFO 18737 --- [Thread-25] :40:37:730 : 等待10秒
2019-01-22 14:45:17.593  INFO 18737 --- [Thread-25] :40:37:730 : 分析熔断位置
2019-01-22 14:45:17.628  INFO 18737 --- [Thread-25] :40:37:730 : 等待10秒
2019-01-22 14:45:27.628  INFO 18737 --- [Thread-25] :40:37:730 : 分析熔断位置
2019-01-22 14:45:27.667  INFO 18737 --- [Thread-25] :40:37:730 : 等待10秒
2019-01-22 14:45:37.667  INFO 18737 --- [Thread-25] :40:37:730 : 分析熔断位置
2019-01-22 14:45:37.668  INFO 18737 --- [Thread-25] :40:37:730 : 缺失熔断
2019-01-22 14:45:37.669  INFO 18737 --- [Thread-25] :40:37:730 : 删除故障
2019-01-22 14:45:40.583  INFO 18737 --- [Thread-25] :40:37:730 : 等待5秒
2019-01-22 14:45:45.584  INFO 18737 --- [Thread-25] :40:37:730 : 熔断模式分析结束
2019-01-22 14:45:45.584  INFO 18737 --- [Thread-25] :40:37:730 : 模式分析结束
2019-01-22 14:45:45.584  INFO 18737 --- [Thread-25] :40:37:730 : 当前为第2次探测
2019-01-22 14:45:45.585  INFO 18737 --- [Thread-25] :40:37:730 : 开始对productpage的探测
2019-01-22 14:45:45.585  INFO 18737 --- [Thread-25] :40:37:730 : 注入500丢包
2019-01-22 14:45:46.021  INFO 18737 --- [Thread-25] :40:37:730 : 等待5秒
2019-01-22 14:45:51.022  INFO 18737 --- [Thread-25] :40:37:730 : 注入完毕
2019-01-22 14:45:51.022  INFO 18737 --- [Thread-25] :40:37:730 : 验证断言
2019-01-22 14:45:51.022  INFO 18737 --- [Thread-25] :40:37:730 : 验证返回结果和响应时间
2019-01-22 14:45:51.022  INFO 18737 --- [Thread-25] :40:37:730 : 等待10秒
2019-01-22 14:46:01.023  INFO 18737 --- [Thread-25] :40:37:730 : 采样调用链
2019-01-22 14:46:01.048  INFO 18737 --- [Thread-25] :40:37:730 : 逐个trace验证
2019-01-22 14:46:01.048  INFO 18737 --- [Thread-25] :40:37:730 : 验证用户自定义脚本
2019-01-22 14:46:03.065  INFO 18737 --- [Thread-25] :40:37:730 : 验证完毕
2019-01-22 14:46:03.066  INFO 18737 --- [Thread-25] :40:37:730 : 无异常，开始更新调用链
2019-01-22 14:46:03.066  INFO 18737 --- [Thread-25] :40:37:730 : 参数：持续30秒，间隔为10秒，抽样数量为20条
2019-01-22 14:46:03.066  INFO 18737 --- [Thread-25] :40:37:730 : 等待10秒
2019-01-22 14:46:13.066  INFO 18737 --- [Thread-25] :40:37:730 : 抽样调用链
2019-01-22 14:46:13.101  INFO 18737 --- [Thread-25] :40:37:730 : 分析
2019-01-22 14:46:13.102  INFO 18737 --- [Thread-25] :40:37:730 : 加入新的trace{details,reviews4}
2019-01-22 14:46:13.103  INFO 18737 --- [Thread-25] :40:37:730 : 等待10秒
2019-01-22 14:46:23.103  INFO 18737 --- [Thread-25] :40:37:730 : 抽样调用链
2019-01-22 14:46:23.162  INFO 18737 --- [Thread-25] :40:37:730 : 分析
2019-01-22 14:46:23.164  INFO 18737 --- [Thread-25] :40:37:730 : 等待10秒
2019-01-22 14:46:33.164  INFO 18737 --- [Thread-25] :40:37:730 : 抽样调用链
2019-01-22 14:46:33.198  INFO 18737 --- [Thread-25] :40:37:730 : 分析
2019-01-22 14:46:33.199  INFO 18737 --- [Thread-25] :40:37:730 : 更新完毕，删除故障
2019-01-22 14:46:33.306  INFO 18737 --- [Thread-25] :40:37:730 : 等待5秒
2019-01-22 14:46:38.307  INFO 18737 --- [Thread-25] :40:37:730 : 删除故障完毕
2019-01-22 14:46:38.308  INFO 18737 --- [Thread-25] :40:37:730 : 当前为第3次探测
2019-01-22 14:46:38.308  INFO 18737 --- [Thread-25] :40:37:730 : 开始对reviews4的探测
2019-01-22 14:46:38.308  INFO 18737 --- [Thread-25] :40:37:730 : 注入500丢包
2019-01-22 14:46:38.717  INFO 18737 --- [Thread-25] :40:37:730 : 等待5秒
2019-01-22 14:46:43.718  INFO 18737 --- [Thread-25] :40:37:730 : 注入完毕
2019-01-22 14:46:43.718  INFO 18737 --- [Thread-25] :40:37:730 : 验证断言
2019-01-22 14:46:43.718  INFO 18737 --- [Thread-25] :40:37:730 : 验证返回结果和响应时间
2019-01-22 14:46:43.718  INFO 18737 --- [Thread-25] :40:37:730 : 等待10秒
2019-01-22 14:46:53.719  INFO 18737 --- [Thread-25] :40:37:730 : 采样调用链
2019-01-22 14:46:53.738  INFO 18737 --- [Thread-25] :40:37:730 : 逐个trace验证
2019-01-22 14:46:53.739  INFO 18737 --- [Thread-25] :40:37:730 : 验证用户自定义脚本
2019-01-22 14:46:55.411  INFO 18737 --- [Thread-25] :40:37:730 : 验证完毕
2019-01-22 14:46:55.411  INFO 18737 --- [Thread-25] :40:37:730 : 删除故障
2019-01-22 14:46:55.527  INFO 18737 --- [Thread-25] :40:37:730 : 等待5秒
2019-01-22 14:47:00.528  INFO 18737 --- [Thread-25] :40:37:730 : 开始模式分析
2019-01-22 14:47:00.528  INFO 18737 --- [Thread-25] :40:37:730 : 开始超时模式分析
2019-01-22 14:47:00.528  INFO 18737 --- [Thread-25] :40:37:730 : 注入20秒超时
2019-01-22 14:47:00.888  INFO 18737 --- [Thread-25] :40:37:730 : 等待5秒
2019-01-22 14:47:05.888  INFO 18737 --- [Thread-25] :40:37:730 : 参数：持续40秒，间隔为20秒，抽样数量为40条
2019-01-22 14:47:05.889  INFO 18737 --- [Thread-25] :40:37:730 : 等待20秒
2019-01-22 14:47:25.890  INFO 18737 --- [Thread-25] :40:37:730 : 抽样
2019-01-22 14:47:26.002  INFO 18737 --- [Thread-25] :40:37:730 : 统计并计算结果
2019-01-22 14:47:26.002  INFO 18737 --- [Thread-25] :40:37:730 : 等待20秒
2019-01-22 14:47:46.002  INFO 18737 --- [Thread-25] :40:37:730 : 抽样
2019-01-22 14:47:46.121  INFO 18737 --- [Thread-25] :40:37:730 : 统计并计算结果
2019-01-22 14:47:46.233  INFO 18737 --- [Thread-25] :40:37:730 : 等待5秒
2019-01-22 14:47:51.233  INFO 18737 --- [Thread-25] :40:37:730 : 超时模式分析结束
2019-01-22 14:47:51.234  INFO 18737 --- [Thread-25] :40:37:730 : 开始重试模式分析
2019-01-22 14:47:51.234  INFO 18737 --- [Thread-25] :40:37:730 : 抽样正常请求
2019-01-22 14:47:51.234  INFO 18737 --- [Thread-25] :40:37:730 : 等待10秒
2019-01-22 14:48:01.234  INFO 18737 --- [Thread-25] :40:37:730 : 抽样中
2019-01-22 14:48:01.275  INFO 18737 --- [Thread-25] :40:37:730 : 抽取正常请求数量
2019-01-22 14:48:01.276  INFO 18737 --- [Thread-25] :40:37:730 : 注入丢包
2019-01-22 14:48:01.684  INFO 18737 --- [Thread-25] :40:37:730 : 等待5秒
2019-01-22 14:48:06.685  INFO 18737 --- [Thread-25] :40:37:730 : 注入完毕
2019-01-22 14:48:06.686  INFO 18737 --- [Thread-25] :40:37:730 : 开始探测，参数为：持续20秒，间隔为10秒，抽样数量为20条
2019-01-22 14:48:06.687  INFO 18737 --- [Thread-25] :40:37:730 : 等待10秒
2019-01-22 14:48:16.687  INFO 18737 --- [Thread-25] :40:37:730 : 抽样故障调用链中
2019-01-22 14:48:16.805  INFO 18737 --- [Thread-25] :40:37:730 : 分析中
2019-01-22 14:48:16.806  INFO 18737 --- [Thread-25] :40:37:730 : 删除故障
2019-01-22 14:48:16.909  INFO 18737 --- [Thread-25] :40:37:730 : 等待5秒
2019-01-22 14:48:21.910  INFO 18737 --- [Thread-25] :40:37:730 : 故障删除完毕
2019-01-22 14:48:21.910  INFO 18737 --- [Thread-25] :40:37:730 : 重试模式分析结束
2019-01-22 14:48:21.911  INFO 18737 --- [Thread-25] :40:37:730 : 开始船舱模式分析
2019-01-22 14:48:21.911  INFO 18737 --- [Thread-25] :40:37:730 : 查询兄弟节点
2019-01-22 14:48:21.911  INFO 18737 --- [Thread-25] :40:37:730 : 等待30秒
2019-01-22 14:48:51.911  INFO 18737 --- [Thread-25] :40:37:730 : 查询图
2019-01-22 14:48:51.920  INFO 18737 --- [Thread-25] :40:37:730 : 兄弟节点共2个
2019-01-22 14:48:51.921  INFO 18737 --- [Thread-25] :40:37:730 : 探测父节点到兄弟节点的正常吞吐量
2019-01-22 14:48:51.921  INFO 18737 --- [Thread-25] :40:37:730 : 开始探测，参数为：持续40秒，间隔为20秒，窗口为10秒
2019-01-22 14:48:51.921  INFO 18737 --- [Thread-25] :40:37:730 : 等待20秒
2019-01-22 14:49:11.921  INFO 18737 --- [Thread-25] :40:37:730 : 查询吞吐量
2019-01-22 14:49:11.926  INFO 18737 --- [Thread-25] :40:37:730 : 获取吞吐量
2019-01-22 14:49:11.927  INFO 18737 --- [Thread-25] :40:37:730 : 等待20秒
2019-01-22 14:49:31.927  INFO 18737 --- [Thread-25] :40:37:730 : 查询吞吐量
2019-01-22 14:49:31.931  INFO 18737 --- [Thread-25] :40:37:730 : 获取吞吐量
2019-01-22 14:49:31.932  INFO 18737 --- [Thread-25] :40:37:730 : 正常吞吐量探测完毕
2019-01-22 14:49:31.932  INFO 18737 --- [Thread-25] :40:37:730 : 注入20秒延迟
2019-01-22 14:49:32.336  INFO 18737 --- [Thread-25] :40:37:730 : 等待5秒
2019-01-22 14:49:37.337  INFO 18737 --- [Thread-25] :40:37:730 : 探测父节点到兄弟节点的异常吞吐量
2019-01-22 14:49:37.338  INFO 18737 --- [Thread-25] :40:37:730 : 开始探测，参数为：持续40秒，间隔为20秒，窗口为10秒
2019-01-22 14:49:37.338  INFO 18737 --- [Thread-25] :40:37:730 : 等待20秒
2019-01-22 14:49:57.339  INFO 18737 --- [Thread-25] :40:37:730 : 查询吞吐量
2019-01-22 14:49:57.345  INFO 18737 --- [Thread-25] :40:37:730 : 获取吞吐量
2019-01-22 14:49:57.345  INFO 18737 --- [Thread-25] :40:37:730 : 等待20秒
2019-01-22 14:50:17.348  INFO 18737 --- [Thread-25] :40:37:730 : 查询吞吐量
2019-01-22 14:50:17.352  INFO 18737 --- [Thread-25] :40:37:730 : 获取吞吐量
2019-01-22 14:50:17.356  INFO 18737 --- [Thread-25] :40:37:730 : 异常吞吐量探测完毕
2019-01-22 14:50:17.360  INFO 18737 --- [Thread-25] :40:37:730 : 分析结果
2019-01-22 14:50:17.361  INFO 18737 --- [Thread-25] :40:37:730 : 探测到船舱模式缺失
2019-01-22 14:50:17.362  INFO 18737 --- [Thread-25] :40:37:730 : 探测到船舱模式缺失
2019-01-22 14:50:17.362  INFO 18737 --- [Thread-25] :40:37:730 : 删除故障
2019-01-22 14:50:17.464  INFO 18737 --- [Thread-25] :40:37:730 : 等待5秒
2019-01-22 14:50:22.465  INFO 18737 --- [Thread-25] :40:37:730 : 船舱模式分析结束
2019-01-22 14:50:22.466  INFO 18737 --- [Thread-25] :40:37:730 : 开始熔断模式分析
2019-01-22 14:50:22.466  INFO 18737 --- [Thread-25] :40:37:730 : 对正常情况下链采样
2019-01-22 14:50:22.466  INFO 18737 --- [Thread-25] :40:37:730 : 等待10秒
2019-01-22 14:50:32.467  INFO 18737 --- [Thread-25] :40:37:730 : 采样
2019-01-22 14:50:32.488  INFO 18737 --- [Thread-25] :40:37:730 : 获取正常链完毕
2019-01-22 14:50:32.489  INFO 18737 --- [Thread-25] :40:37:730 : 解析正常链中所有的边
2019-01-22 14:50:32.489  INFO 18737 --- [Thread-25] :40:37:730 : 注入故障
2019-01-22 14:50:32.870  INFO 18737 --- [Thread-25] :40:37:730 : 等待5秒
2019-01-22 14:50:37.870  INFO 18737 --- [Thread-25] :40:37:730 : 开始探测熔断位置
2019-01-22 14:50:37.871  INFO 18737 --- [Thread-25] :40:37:730 : 参数：持续30秒，间隔为10秒，抽样数量为20条
2019-01-22 14:50:37.898  INFO 18737 --- [Thread-25] :40:37:730 : 等待10秒
2019-01-22 14:50:47.899  INFO 18737 --- [Thread-25] :40:37:730 : 分析熔断位置
2019-01-22 14:50:47.941  INFO 18737 --- [Thread-25] :40:37:730 : 等待10秒
2019-01-22 14:50:57.941  INFO 18737 --- [Thread-25] :40:37:730 : 分析熔断位置
2019-01-22 14:50:57.942  INFO 18737 --- [Thread-25] :40:37:730 : 探测到熔断位置：productpage -> reviews4
2019-01-22 14:50:57.970  INFO 18737 --- [Thread-25] :40:37:730 : 等待10秒
2019-01-22 14:51:07.971  INFO 18737 --- [Thread-25] :40:37:730 : 分析熔断位置
2019-01-22 14:51:07.971  INFO 18737 --- [Thread-25] :40:37:730 : 开始监控熔断位置的吞吐量
2019-01-22 14:51:07.972  INFO 18737 --- [Thread-25] :40:37:730 : 参数：持续40秒，间隔为20秒，窗口大小为10秒
2019-01-22 14:51:17.972  INFO 18737 --- [Thread-25] :40:37:730 : 查询吞吐量数据
2019-01-22 14:51:17.975  INFO 18737 --- [Thread-25] :40:37:730 : 解析吞吐量数据
2019-01-22 14:51:27.975  INFO 18737 --- [Thread-25] :40:37:730 : 查询吞吐量数据
2019-01-22 14:51:27.978  INFO 18737 --- [Thread-25] :40:37:730 : 解析吞吐量数据
2019-01-22 14:51:37.979  INFO 18737 --- [Thread-25] :40:37:730 : 查询吞吐量数据
2019-01-22 14:51:37.983  INFO 18737 --- [Thread-25] :40:37:730 : 解析吞吐量数据
2019-01-22 14:51:47.984  INFO 18737 --- [Thread-25] :40:37:730 : 查询吞吐量数据
2019-01-22 14:51:47.987  INFO 18737 --- [Thread-25] :40:37:730 : 解析吞吐量数据
2019-01-22 14:51:47.988  INFO 18737 --- [Thread-25] :40:37:730 : 生成测试结果
2019-01-22 14:51:47.990  INFO 18737 --- [Thread-25] :40:37:730 : 删除故障
2019-01-22 14:51:48.081  INFO 18737 --- [Thread-25] :40:37:730 : 等待5秒
2019-01-22 14:51:53.081  INFO 18737 --- [Thread-25] :40:37:730 : 熔断模式分析结束
2019-01-22 14:51:53.082  INFO 18737 --- [Thread-25] :40:37:730 : 模式分析结束
2019-01-22 14:51:53.083  INFO 18737 --- [Thread-25] :40:37:730 : 对当前IPS探测结束
2019-01-22 14:51:53.083  INFO 18737 --- [Thread-25] :40:37:730 : 约束求解
2019-01-22 14:51:53.086  INFO 18737 --- [Thread-25] :40:37:730 : 求解结果为:{details}{reviews4}
2019-01-22 14:51:53.087  INFO 18737 --- [Thread-25] :40:37:730 : 开始过滤IPS
2019-01-22 14:51:53.087  INFO 18737 --- [Thread-25] :40:37:730 : {details}已经执行过，被过滤
2019-01-22 14:51:53.087  INFO 18737 --- [Thread-25] :40:37:730 : {reviews4}已经执行过，被过滤
2019-01-22 14:51:53.087  INFO 18737 --- [Thread-25] :40:37:730 : 结束过滤IPS
2019-01-22 14:51:53.088  INFO 18737 --- [Thread-25] :40:37:730 : IPS为空，结束对于当前tracePool的探测
2019-01-22 14:51:53.088  INFO 18737 --- [Thread-25] :40:37:730 : 对当前tracepool探测结束
2019-01-22 14:51:53.088  INFO 18737 --- [Thread-25] :40:37:730 : 当前tracepool为{details,productpage,ratings,reviews2}
2019-01-22 14:51:53.088  INFO 18737 --- [Thread-25] :40:37:730 : 开始对当前的tracepool进行探测
2019-01-22 14:51:53.088  INFO 18737 --- [Thread-25] :40:37:730 : 约束求解
2019-01-22 14:51:53.093  INFO 18737 --- [Thread-25] :40:37:730 : 求解结果为:{details}{productpage}{ratings}{reviews2}
2019-01-22 14:51:53.093  INFO 18737 --- [Thread-25] :40:37:730 : 开始过滤IPS
2019-01-22 14:51:53.093  INFO 18737 --- [Thread-25] :40:37:730 : {details}已经执行过，被过滤
2019-01-22 14:51:53.094  INFO 18737 --- [Thread-25] :40:37:730 : {productpage}已经执行过，被过滤
2019-01-22 14:51:53.094  INFO 18737 --- [Thread-25] :40:37:730 : 结束过滤IPS
2019-01-22 14:51:53.094  INFO 18737 --- [Thread-25] :40:37:730 : 待测故障注入点集合为{ratings}{reviews2}
2019-01-22 14:51:53.094  INFO 18737 --- [Thread-25] :40:37:730 : 当前的接口集合为[http://localhost:30036/productpageForExp]
2019-01-22 14:51:53.094  INFO 18737 --- [Thread-25] :40:37:730 : 开始对每个故障注入点探测
2019-01-22 14:51:53.094  INFO 18737 --- [Thread-25] :40:37:730 : 当前为第4次探测
2019-01-22 14:51:53.095  INFO 18737 --- [Thread-25] :40:37:730 : 开始对ratings的探测
2019-01-22 14:51:53.095  INFO 18737 --- [Thread-25] :40:37:730 : 注入500丢包
2019-01-22 14:51:53.505  INFO 18737 --- [Thread-25] :40:37:730 : 等待5秒
2019-01-22 14:51:58.505  INFO 18737 --- [Thread-25] :40:37:730 : 注入完毕
2019-01-22 14:51:58.505  INFO 18737 --- [Thread-25] :40:37:730 : 验证断言
2019-01-22 14:51:58.506  INFO 18737 --- [Thread-25] :40:37:730 : 验证返回结果和响应时间
2019-01-22 14:51:58.506  INFO 18737 --- [Thread-25] :40:37:730 : 等待10秒
2019-01-22 14:52:08.507  INFO 18737 --- [Thread-25] :40:37:730 : 采样调用链
2019-01-22 14:52:08.525  INFO 18737 --- [Thread-25] :40:37:730 : 逐个trace验证
2019-01-22 14:52:08.525  INFO 18737 --- [Thread-25] :40:37:730 : 验证用户自定义脚本
2019-01-22 14:52:10.412  INFO 18737 --- [Thread-25] :40:37:730 : 验证完毕
2019-01-22 14:52:10.413  INFO 18737 --- [Thread-25] :40:37:730 : 删除故障
2019-01-22 14:52:10.517  INFO 18737 --- [Thread-25] :40:37:730 : 等待5秒
2019-01-22 14:52:15.517  INFO 18737 --- [Thread-25] :40:37:730 : 开始模式分析
2019-01-22 14:52:15.517  INFO 18737 --- [Thread-25] :40:37:730 : 开始超时模式分析
2019-01-22 14:52:15.517  INFO 18737 --- [Thread-25] :40:37:730 : 注入20秒超时
2019-01-22 14:52:15.902  INFO 18737 --- [Thread-25] :40:37:730 : 等待5秒
2019-01-22 14:52:20.903  INFO 18737 --- [Thread-25] :40:37:730 : 参数：持续40秒，间隔为20秒，抽样数量为40条
2019-01-22 14:52:20.903  INFO 18737 --- [Thread-25] :40:37:730 : 等待20秒
2019-01-22 14:52:40.904  INFO 18737 --- [Thread-25] :40:37:730 : 抽样
2019-01-22 14:52:41.040  INFO 18737 --- [Thread-25] :40:37:730 : 统计并计算结果
2019-01-22 14:52:41.040  INFO 18737 --- [Thread-25] :40:37:730 : 探测到异常
2019-01-22 14:52:41.040  INFO 18737 --- [Thread-25] :40:37:730 : 探测到异常
2019-01-22 14:52:41.041  INFO 18737 --- [Thread-25] :40:37:730 : 探测到异常
2019-01-22 14:52:41.041  INFO 18737 --- [Thread-25] :40:37:730 : 探测到异常
2019-01-22 14:52:41.041  INFO 18737 --- [Thread-25] :40:37:730 : 探测到异常
2019-01-22 14:52:41.041  INFO 18737 --- [Thread-25] :40:37:730 : 探测到异常
2019-01-22 14:52:41.041  INFO 18737 --- [Thread-25] :40:37:730 : 探测到异常
2019-01-22 14:52:41.041  INFO 18737 --- [Thread-25] :40:37:730 : 探测到异常
2019-01-22 14:52:41.041  INFO 18737 --- [Thread-25] :40:37:730 : 探测到异常
2019-01-22 14:52:41.041  INFO 18737 --- [Thread-25] :40:37:730 : 探测到异常
2019-01-22 14:52:41.041  INFO 18737 --- [Thread-25] :40:37:730 : 探测到异常
2019-01-22 14:52:41.042  INFO 18737 --- [Thread-25] :40:37:730 : 探测到异常
2019-01-22 14:52:41.042  INFO 18737 --- [Thread-25] :40:37:730 : 探测到异常
2019-01-22 14:52:41.042  INFO 18737 --- [Thread-25] :40:37:730 : 探测到异常
2019-01-22 14:52:41.042  INFO 18737 --- [Thread-25] :40:37:730 : 探测到异常
2019-01-22 14:52:41.042  INFO 18737 --- [Thread-25] :40:37:730 : 探测到异常
2019-01-22 14:52:41.042  INFO 18737 --- [Thread-25] :40:37:730 : 探测到异常
2019-01-22 14:52:41.042  INFO 18737 --- [Thread-25] :40:37:730 : 探测到异常
2019-01-22 14:52:41.042  INFO 18737 --- [Thread-25] :40:37:730 : 探测到异常
2019-01-22 14:52:41.042  INFO 18737 --- [Thread-25] :40:37:730 : 等待20秒
2019-01-22 14:53:01.043  INFO 18737 --- [Thread-25] :40:37:730 : 抽样
2019-01-22 14:53:01.187  INFO 18737 --- [Thread-25] :40:37:730 : 统计并计算结果
2019-01-22 14:53:01.187  INFO 18737 --- [Thread-25] :40:37:730 : 探测到异常
2019-01-22 14:53:01.187  INFO 18737 --- [Thread-25] :40:37:730 : 探测到异常
2019-01-22 14:53:01.187  INFO 18737 --- [Thread-25] :40:37:730 : 探测到异常
2019-01-22 14:53:01.187  INFO 18737 --- [Thread-25] :40:37:730 : 探测到异常
2019-01-22 14:53:01.188  INFO 18737 --- [Thread-25] :40:37:730 : 探测到异常
2019-01-22 14:53:01.188  INFO 18737 --- [Thread-25] :40:37:730 : 探测到异常
2019-01-22 14:53:01.188  INFO 18737 --- [Thread-25] :40:37:730 : 探测到异常
2019-01-22 14:53:01.188  INFO 18737 --- [Thread-25] :40:37:730 : 探测到异常
2019-01-22 14:53:01.188  INFO 18737 --- [Thread-25] :40:37:730 : 探测到异常
2019-01-22 14:53:01.188  INFO 18737 --- [Thread-25] :40:37:730 : 探测到异常
2019-01-22 14:53:01.188  INFO 18737 --- [Thread-25] :40:37:730 : 探测到异常
2019-01-22 14:53:01.188  INFO 18737 --- [Thread-25] :40:37:730 : 探测到异常
2019-01-22 14:53:01.188  INFO 18737 --- [Thread-25] :40:37:730 : 探测到异常
2019-01-22 14:53:01.188  INFO 18737 --- [Thread-25] :40:37:730 : 探测到异常
2019-01-22 14:53:01.188  INFO 18737 --- [Thread-25] :40:37:730 : 探测到异常
2019-01-22 14:53:01.188  INFO 18737 --- [Thread-25] :40:37:730 : 探测到异常
2019-01-22 14:53:01.188  INFO 18737 --- [Thread-25] :40:37:730 : 探测到异常
2019-01-22 14:53:01.188  INFO 18737 --- [Thread-25] :40:37:730 : 探测到异常
2019-01-22 14:53:01.189  INFO 18737 --- [Thread-25] :40:37:730 : 探测到异常
2019-01-22 14:53:01.189  INFO 18737 --- [Thread-25] :40:37:730 : 探测到异常
2019-01-22 14:53:01.189  INFO 18737 --- [Thread-25] :40:37:730 : 探测到异常
2019-01-22 14:53:01.189  INFO 18737 --- [Thread-25] :40:37:730 : 探测到异常
2019-01-22 14:53:01.189  INFO 18737 --- [Thread-25] :40:37:730 : 探测到异常
2019-01-22 14:53:01.189  INFO 18737 --- [Thread-25] :40:37:730 : 探测到异常
2019-01-22 14:53:01.189  INFO 18737 --- [Thread-25] :40:37:730 : 探测到异常
2019-01-22 14:53:01.189  INFO 18737 --- [Thread-25] :40:37:730 : 探测到异常
2019-01-22 14:53:01.284  INFO 18737 --- [Thread-25] :40:37:730 : 等待5秒
2019-01-22 14:53:06.284  INFO 18737 --- [Thread-25] :40:37:730 : 超时模式分析结束
2019-01-22 14:53:06.285  INFO 18737 --- [Thread-25] :40:37:730 : 开始重试模式分析
2019-01-22 14:53:06.285  INFO 18737 --- [Thread-25] :40:37:730 : 抽样正常请求
2019-01-22 14:53:06.285  INFO 18737 --- [Thread-25] :40:37:730 : 等待10秒
2019-01-22 14:53:16.285  INFO 18737 --- [Thread-25] :40:37:730 : 抽样中
2019-01-22 14:53:16.325  INFO 18737 --- [Thread-25] :40:37:730 : 抽取正常请求数量
2019-01-22 14:53:16.325  INFO 18737 --- [Thread-25] :40:37:730 : 注入丢包
2019-01-22 14:53:16.771  INFO 18737 --- [Thread-25] :40:37:730 : 等待5秒
2019-01-22 14:53:21.772  INFO 18737 --- [Thread-25] :40:37:730 : 注入完毕
2019-01-22 14:53:21.772  INFO 18737 --- [Thread-25] :40:37:730 : 开始探测，参数为：持续20秒，间隔为10秒，抽样数量为20条
2019-01-22 14:53:21.772  INFO 18737 --- [Thread-25] :40:37:730 : 等待10秒
2019-01-22 14:53:31.773  INFO 18737 --- [Thread-25] :40:37:730 : 抽样故障调用链中
2019-01-22 14:53:31.886  INFO 18737 --- [Thread-25] :40:37:730 : 分析中
2019-01-22 14:53:31.886  INFO 18737 --- [Thread-25] :40:37:730 : 删除故障
2019-01-22 14:53:32.003  INFO 18737 --- [Thread-25] :40:37:730 : 等待5秒
2019-01-22 14:53:37.003  INFO 18737 --- [Thread-25] :40:37:730 : 故障删除完毕
2019-01-22 14:53:37.004  INFO 18737 --- [Thread-25] :40:37:730 : 重试模式分析结束
2019-01-22 14:53:37.004  INFO 18737 --- [Thread-25] :40:37:730 : 开始船舱模式分析
2019-01-22 14:53:37.004  INFO 18737 --- [Thread-25] :40:37:730 : 查询兄弟节点
2019-01-22 14:53:37.004  INFO 18737 --- [Thread-25] :40:37:730 : 等待30秒
2019-01-22 14:54:07.004  INFO 18737 --- [Thread-25] :40:37:730 : 查询图
2019-01-22 14:54:07.011  INFO 18737 --- [Thread-25] :40:37:730 : 兄弟节点共0个
2019-01-22 14:54:07.011  INFO 18737 --- [Thread-25] :40:37:730 : 不存在兄弟节点,结束船舱模式的探测
2019-01-22 14:54:07.011  INFO 18737 --- [Thread-25] :40:37:730 : 船舱模式分析结束
2019-01-22 14:54:07.011  INFO 18737 --- [Thread-25] :40:37:730 : 开始熔断模式分析
2019-01-22 14:54:07.012  INFO 18737 --- [Thread-25] :40:37:730 : 对正常情况下链采样
2019-01-22 14:54:07.012  INFO 18737 --- [Thread-25] :40:37:730 : 等待10秒
2019-01-22 14:54:17.012  INFO 18737 --- [Thread-25] :40:37:730 : 采样
2019-01-22 14:54:17.041  INFO 18737 --- [Thread-25] :40:37:730 : 获取正常链完毕
2019-01-22 14:54:17.041  INFO 18737 --- [Thread-25] :40:37:730 : 解析正常链中所有的边
2019-01-22 14:54:17.041  INFO 18737 --- [Thread-25] :40:37:730 : 注入故障
2019-01-22 14:54:17.402  INFO 18737 --- [Thread-25] :40:37:730 : 等待5秒
2019-01-22 14:54:22.402  INFO 18737 --- [Thread-25] :40:37:730 : 开始探测熔断位置
2019-01-22 14:54:22.403  INFO 18737 --- [Thread-25] :40:37:730 : 参数：持续30秒，间隔为10秒，抽样数量为20条
2019-01-22 14:54:22.437  INFO 18737 --- [Thread-25] :40:37:730 : 等待10秒
2019-01-22 14:54:32.437  INFO 18737 --- [Thread-25] :40:37:730 : 分析熔断位置
2019-01-22 14:54:32.468  INFO 18737 --- [Thread-25] :40:37:730 : 等待10秒
2019-01-22 14:54:42.468  INFO 18737 --- [Thread-25] :40:37:730 : 分析熔断位置
2019-01-22 14:54:42.507  INFO 18737 --- [Thread-25] :40:37:730 : 等待10秒
2019-01-22 14:54:52.508  INFO 18737 --- [Thread-25] :40:37:730 : 分析熔断位置
2019-01-22 14:54:52.509  INFO 18737 --- [Thread-25] :40:37:730 : 缺失熔断
2019-01-22 14:54:52.509  INFO 18737 --- [Thread-25] :40:37:730 : 删除故障
2019-01-22 14:54:52.639  INFO 18737 --- [Thread-25] :40:37:730 : 等待5秒
2019-01-22 14:54:57.639  INFO 18737 --- [Thread-25] :40:37:730 : 熔断模式分析结束
2019-01-22 14:54:57.640  INFO 18737 --- [Thread-25] :40:37:730 : 模式分析结束
2019-01-22 14:54:57.640  INFO 18737 --- [Thread-25] :40:37:730 : 当前为第5次探测
2019-01-22 14:54:57.640  INFO 18737 --- [Thread-25] :40:37:730 : 开始对reviews2的探测
2019-01-22 14:54:57.640  INFO 18737 --- [Thread-25] :40:37:730 : 注入500丢包
2019-01-22 14:54:58.202  INFO 18737 --- [Thread-25] :40:37:730 : 等待5秒
2019-01-22 14:55:03.202  INFO 18737 --- [Thread-25] :40:37:730 : 注入完毕
2019-01-22 14:55:03.203  INFO 18737 --- [Thread-25] :40:37:730 : 验证断言
2019-01-22 14:55:03.203  INFO 18737 --- [Thread-25] :40:37:730 : 验证返回结果和响应时间
2019-01-22 14:55:03.203  INFO 18737 --- [Thread-25] :40:37:730 : 等待10秒
2019-01-22 14:55:13.203  INFO 18737 --- [Thread-25] :40:37:730 : 采样调用链
2019-01-22 14:55:13.229  INFO 18737 --- [Thread-25] :40:37:730 : 逐个trace验证
2019-01-22 14:55:13.230  INFO 18737 --- [Thread-25] :40:37:730 : 验证用户自定义脚本
2019-01-22 14:55:15.360  INFO 18737 --- [Thread-25] :40:37:730 : 验证完毕
2019-01-22 14:55:15.361  INFO 18737 --- [Thread-25] :40:37:730 : 无异常，开始更新调用链
2019-01-22 14:55:15.361  INFO 18737 --- [Thread-25] :40:37:730 : 参数：持续30秒，间隔为10秒，抽样数量为20条
2019-01-22 14:55:15.361  INFO 18737 --- [Thread-25] :40:37:730 : 等待10秒
2019-01-22 14:55:25.361  INFO 18737 --- [Thread-25] :40:37:730 : 抽样调用链
2019-01-22 14:55:25.397  INFO 18737 --- [Thread-25] :40:37:730 : 分析
2019-01-22 14:55:25.397  INFO 18737 --- [Thread-25] :40:37:730 : 加入新的trace{details,productpage,ratings,reviews3}
2019-01-22 14:55:25.397  INFO 18737 --- [Thread-25] :40:37:730 : 等待10秒
2019-01-22 14:55:35.397  INFO 18737 --- [Thread-25] :40:37:730 : 抽样调用链
2019-01-22 14:55:35.435  INFO 18737 --- [Thread-25] :40:37:730 : 分析
2019-01-22 14:55:35.436  INFO 18737 --- [Thread-25] :40:37:730 : 等待10秒
2019-01-22 14:55:45.436  INFO 18737 --- [Thread-25] :40:37:730 : 抽样调用链
2019-01-22 14:55:45.474  INFO 18737 --- [Thread-25] :40:37:730 : 分析
2019-01-22 14:55:45.474  INFO 18737 --- [Thread-25] :40:37:730 : 更新完毕，删除故障
2019-01-22 14:55:48.230  INFO 18737 --- [Thread-25] :40:37:730 : 等待5秒
2019-01-22 14:55:53.230  INFO 18737 --- [Thread-25] :40:37:730 : 删除故障完毕
2019-01-22 14:55:53.231  INFO 18737 --- [Thread-25] :40:37:730 : 对当前IPS探测结束
2019-01-22 14:55:53.231  INFO 18737 --- [Thread-25] :40:37:730 : 约束求解
2019-01-22 14:55:53.234  INFO 18737 --- [Thread-25] :40:37:730 : 求解结果为:{details}{productpage}{ratings}{reviews3,reviews2}
2019-01-22 14:55:53.235  INFO 18737 --- [Thread-25] :40:37:730 : 开始过滤IPS
2019-01-22 14:55:53.235  INFO 18737 --- [Thread-25] :40:37:730 : {details}已经执行过，被过滤
2019-01-22 14:55:53.235  INFO 18737 --- [Thread-25] :40:37:730 : {productpage}已经执行过，被过滤
2019-01-22 14:55:53.235  INFO 18737 --- [Thread-25] :40:37:730 : {ratings}已经执行过，被过滤
2019-01-22 14:55:53.235  INFO 18737 --- [Thread-25] :40:37:730 : 结束过滤IPS
2019-01-22 14:55:53.236  INFO 18737 --- [Thread-25] :40:37:730 : 待测故障注入点集合为{reviews2,reviews3}
2019-01-22 14:55:53.236  INFO 18737 --- [Thread-25] :40:37:730 : 当前的接口集合为[http://localhost:30036/productpageForExp]
2019-01-22 14:55:53.236  INFO 18737 --- [Thread-25] :40:37:730 : 开始对每个故障注入点探测
2019-01-22 14:55:53.236  INFO 18737 --- [Thread-25] :40:37:730 : 当前为第6次探测
2019-01-22 14:55:53.236  INFO 18737 --- [Thread-25] :40:37:730 : 开始对reviews2;reviews3的探测
2019-01-22 14:55:53.237  INFO 18737 --- [Thread-25] :40:37:730 : 注入500丢包
2019-01-22 14:55:54.049  INFO 18737 --- [Thread-25] :40:37:730 : 等待5秒
2019-01-22 14:55:59.050  INFO 18737 --- [Thread-25] :40:37:730 : 注入完毕
2019-01-22 14:55:59.050  INFO 18737 --- [Thread-25] :40:37:730 : 验证断言
2019-01-22 14:55:59.050  INFO 18737 --- [Thread-25] :40:37:730 : 验证返回结果和响应时间
2019-01-22 14:55:59.051  INFO 18737 --- [Thread-25] :40:37:730 : 等待10秒
2019-01-22 14:56:09.051  INFO 18737 --- [Thread-25] :40:37:730 : 采样调用链
2019-01-22 14:56:09.073  INFO 18737 --- [Thread-25] :40:37:730 : 逐个trace验证
2019-01-22 14:56:09.074  INFO 18737 --- [Thread-25] :40:37:730 : 验证用户自定义脚本
2019-01-22 14:56:11.627  INFO 18737 --- [Thread-25] :40:37:730 : 验证完毕
2019-01-22 14:56:11.627  INFO 18737 --- [Thread-25] :40:37:730 : 无异常，开始更新调用链
2019-01-22 14:56:11.627  INFO 18737 --- [Thread-25] :40:37:730 : 参数：持续30秒，间隔为10秒，抽样数量为20条
2019-01-22 14:56:11.627  INFO 18737 --- [Thread-25] :40:37:730 : 等待10秒
2019-01-22 14:56:21.628  INFO 18737 --- [Thread-25] :40:37:730 : 抽样调用链
2019-01-22 14:56:21.670  INFO 18737 --- [Thread-25] :40:37:730 : 分析
2019-01-22 14:56:21.670  INFO 18737 --- [Thread-25] :40:37:730 : 加入新的trace{details,productpage,reviews1}
2019-01-22 14:56:21.670  INFO 18737 --- [Thread-25] :40:37:730 : 等待10秒
2019-01-22 14:56:31.670  INFO 18737 --- [Thread-25] :40:37:730 : 抽样调用链
2019-01-22 14:56:31.705  INFO 18737 --- [Thread-25] :40:37:730 : 分析
2019-01-22 14:56:31.706  INFO 18737 --- [Thread-25] :40:37:730 : 等待10秒
2019-01-22 14:56:41.706  INFO 18737 --- [Thread-25] :40:37:730 : 抽样调用链
2019-01-22 14:56:41.745  INFO 18737 --- [Thread-25] :40:37:730 : 分析
2019-01-22 14:56:41.745  INFO 18737 --- [Thread-25] :40:37:730 : 更新完毕，删除故障
2019-01-22 14:56:41.944  INFO 18737 --- [Thread-25] :40:37:730 : 等待5秒
2019-01-22 14:56:46.944  INFO 18737 --- [Thread-25] :40:37:730 : 删除故障完毕
2019-01-22 14:56:46.945  INFO 18737 --- [Thread-25] :40:37:730 : 对当前IPS探测结束
2019-01-22 14:56:46.945  INFO 18737 --- [Thread-25] :40:37:730 : 约束求解
2019-01-22 14:56:46.949  INFO 18737 --- [Thread-25] :40:37:730 : 求解结果为:{details}{productpage}{reviews3,reviews1,reviews2}{ratings,reviews1}
2019-01-22 14:56:46.950  INFO 18737 --- [Thread-25] :40:37:730 : 开始过滤IPS
2019-01-22 14:56:46.950  INFO 18737 --- [Thread-25] :40:37:730 : {details}已经执行过，被过滤
2019-01-22 14:56:46.950  INFO 18737 --- [Thread-25] :40:37:730 : {productpage}已经执行过，被过滤
2019-01-22 14:56:46.950  INFO 18737 --- [Thread-25] :40:37:730 : {ratings,reviews1}包含实效的故障注入点，被过滤
2019-01-22 14:56:46.950  INFO 18737 --- [Thread-25] :40:37:730 : 结束过滤IPS
2019-01-22 14:56:46.950  INFO 18737 --- [Thread-25] :40:37:730 : 待测故障注入点集合为{reviews1,reviews2,reviews3}
2019-01-22 14:56:46.951  INFO 18737 --- [Thread-25] :40:37:730 : 当前的接口集合为[http://localhost:30036/productpageForExp]
2019-01-22 14:56:46.951  INFO 18737 --- [Thread-25] :40:37:730 : 开始对每个故障注入点探测
2019-01-22 14:56:46.951  INFO 18737 --- [Thread-25] :40:37:730 : 当前为第7次探测
2019-01-22 14:56:46.951  INFO 18737 --- [Thread-25] :40:37:730 : 开始对reviews1;reviews2;reviews3的探测
2019-01-22 14:56:46.951  INFO 18737 --- [Thread-25] :40:37:730 : 注入500丢包
2019-01-22 14:56:48.244  INFO 18737 --- [Thread-25] :40:37:730 : 等待5秒
2019-01-22 14:56:53.244  INFO 18737 --- [Thread-25] :40:37:730 : 注入完毕
2019-01-22 14:56:53.245  INFO 18737 --- [Thread-25] :40:37:730 : 验证断言
2019-01-22 14:56:53.245  INFO 18737 --- [Thread-25] :40:37:730 : 验证返回结果和响应时间
2019-01-22 14:56:53.245  INFO 18737 --- [Thread-25] :40:37:730 : 等待10秒
2019-01-22 14:57:03.245  INFO 18737 --- [Thread-25] :40:37:730 : 采样调用链
2019-01-22 14:57:03.268  INFO 18737 --- [Thread-25] :40:37:730 : 逐个trace验证
2019-01-22 14:57:03.268  INFO 18737 --- [Thread-25] :40:37:730 : 验证用户自定义脚本
2019-01-22 14:57:05.566  INFO 18737 --- [Thread-25] :40:37:730 : 验证完毕
2019-01-22 14:57:05.566  INFO 18737 --- [Thread-25] :40:37:730 : 删除故障
2019-01-22 14:57:05.891  INFO 18737 --- [Thread-25] :40:37:730 : 等待5秒
2019-01-22 14:57:10.891  INFO 18737 --- [Thread-25] :40:37:730 : 开始模式分析
2019-01-22 14:57:10.892  INFO 18737 --- [Thread-25] :40:37:730 : 开始超时模式分析
2019-01-22 14:57:10.892  INFO 18737 --- [Thread-25] :40:37:730 : 注入20秒超时
2019-01-22 14:57:12.146  INFO 18737 --- [Thread-25] :40:37:730 : 等待5秒
2019-01-22 14:57:17.147  INFO 18737 --- [Thread-25] :40:37:730 : 参数：持续40秒，间隔为20秒，抽样数量为40条
2019-01-22 14:57:17.147  INFO 18737 --- [Thread-25] :40:37:730 : 等待20秒
2019-01-22 14:57:37.148  INFO 18737 --- [Thread-25] :40:37:730 : 抽样
2019-01-22 14:57:37.280  INFO 18737 --- [Thread-25] :40:37:730 : 统计并计算结果
2019-01-22 14:57:37.280  INFO 18737 --- [Thread-25] :40:37:730 : 等待20秒
2019-01-22 14:57:57.280  INFO 18737 --- [Thread-25] :40:37:730 : 抽样
2019-01-22 14:57:57.412  INFO 18737 --- [Thread-25] :40:37:730 : 统计并计算结果
2019-01-22 14:57:57.756  INFO 18737 --- [Thread-25] :40:37:730 : 等待5秒
2019-01-22 14:58:02.757  INFO 18737 --- [Thread-25] :40:37:730 : 超时模式分析结束
2019-01-22 14:58:02.757  INFO 18737 --- [Thread-25] :40:37:730 : 开始重试模式分析
2019-01-22 14:58:02.757  INFO 18737 --- [Thread-25] :40:37:730 : 抽样正常请求
2019-01-22 14:58:02.757  INFO 18737 --- [Thread-25] :40:37:730 : 等待10秒
2019-01-22 14:58:12.757  INFO 18737 --- [Thread-25] :40:37:730 : 抽样中
2019-01-22 14:58:12.795  INFO 18737 --- [Thread-25] :40:37:730 : 抽取正常请求数量
2019-01-22 14:58:12.796  INFO 18737 --- [Thread-25] :40:37:730 : 注入丢包
2019-01-22 14:58:14.047  INFO 18737 --- [Thread-25] :40:37:730 : 等待5秒
2019-01-22 14:58:19.048  INFO 18737 --- [Thread-25] :40:37:730 : 注入完毕
2019-01-22 14:58:19.049  INFO 18737 --- [Thread-25] :40:37:730 : 开始探测，参数为：持续20秒，间隔为10秒，抽样数量为20条
2019-01-22 14:58:19.049  INFO 18737 --- [Thread-25] :40:37:730 : 等待10秒
2019-01-22 14:58:29.050  INFO 18737 --- [Thread-25] :40:37:730 : 抽样故障调用链中
2019-01-22 14:58:29.108  INFO 18737 --- [Thread-25] :40:37:730 : 分析中
2019-01-22 14:58:29.109  INFO 18737 --- [Thread-25] :40:37:730 : 探测到异常重试情况
2019-01-22 14:58:29.109  INFO 18737 --- [Thread-25] :40:37:730 : 探测到异常重试情况
2019-01-22 14:58:29.109  INFO 18737 --- [Thread-25] :40:37:730 : 探测到异常重试情况
2019-01-22 14:58:29.109  INFO 18737 --- [Thread-25] :40:37:730 : 探测到异常重试情况
2019-01-22 14:58:29.109  INFO 18737 --- [Thread-25] :40:37:730 : 探测到异常重试情况
2019-01-22 14:58:29.109  INFO 18737 --- [Thread-25] :40:37:730 : 探测到异常重试情况
2019-01-22 14:58:29.110  INFO 18737 --- [Thread-25] :40:37:730 : 探测到异常重试情况
2019-01-22 14:58:29.110  INFO 18737 --- [Thread-25] :40:37:730 : 探测到异常重试情况
2019-01-22 14:58:29.110  INFO 18737 --- [Thread-25] :40:37:730 : 探测到异常重试情况
2019-01-22 14:58:29.110  INFO 18737 --- [Thread-25] :40:37:730 : 探测到异常重试情况
2019-01-22 14:58:29.110  INFO 18737 --- [Thread-25] :40:37:730 : 探测到异常重试情况
2019-01-22 14:58:29.110  INFO 18737 --- [Thread-25] :40:37:730 : 探测到异常重试情况
2019-01-22 14:58:29.111  INFO 18737 --- [Thread-25] :40:37:730 : 探测到异常重试情况
2019-01-22 14:58:29.111  INFO 18737 --- [Thread-25] :40:37:730 : 探测到异常重试情况
2019-01-22 14:58:29.111  INFO 18737 --- [Thread-25] :40:37:730 : 探测到异常重试情况
2019-01-22 14:58:29.111  INFO 18737 --- [Thread-25] :40:37:730 : 探测到异常重试情况
2019-01-22 14:58:29.111  INFO 18737 --- [Thread-25] :40:37:730 : 探测到异常重试情况
2019-01-22 14:58:29.111  INFO 18737 --- [Thread-25] :40:37:730 : 探测到异常重试情况
2019-01-22 14:58:29.111  INFO 18737 --- [Thread-25] :40:37:730 : 探测到异常重试情况
2019-01-22 14:58:29.112  INFO 18737 --- [Thread-25] :40:37:730 : 删除故障
2019-01-22 14:58:29.416  INFO 18737 --- [Thread-25] :40:37:730 : 等待5秒
2019-01-22 14:58:34.416  INFO 18737 --- [Thread-25] :40:37:730 : 故障删除完毕
2019-01-22 14:58:34.417  INFO 18737 --- [Thread-25] :40:37:730 : 重试模式分析结束
2019-01-22 14:58:34.417  INFO 18737 --- [Thread-25] :40:37:730 : 开始船舱模式分析
2019-01-22 14:58:34.417  INFO 18737 --- [Thread-25] :40:37:730 : 查询兄弟节点
2019-01-22 14:58:34.417  INFO 18737 --- [Thread-25] :40:37:730 : 等待30秒
2019-01-22 14:59:04.417  INFO 18737 --- [Thread-25] :40:37:730 : 查询图
2019-01-22 14:59:04.425  INFO 18737 --- [Thread-25] :40:37:730 : 兄弟节点共2个
2019-01-22 14:59:04.425  INFO 18737 --- [Thread-25] :40:37:730 : 探测父节点到兄弟节点的正常吞吐量
2019-01-22 14:59:04.425  INFO 18737 --- [Thread-25] :40:37:730 : 开始探测，参数为：持续40秒，间隔为20秒，窗口为10秒
2019-01-22 14:59:04.425  INFO 18737 --- [Thread-25] :40:37:730 : 等待20秒
2019-01-22 14:59:24.425  INFO 18737 --- [Thread-25] :40:37:730 : 查询吞吐量
2019-01-22 14:59:24.428  INFO 18737 --- [Thread-25] :40:37:730 : 获取吞吐量
2019-01-22 14:59:24.429  INFO 18737 --- [Thread-25] :40:37:730 : 等待20秒
2019-01-22 14:59:44.429  INFO 18737 --- [Thread-25] :40:37:730 : 查询吞吐量
2019-01-22 14:59:44.432  INFO 18737 --- [Thread-25] :40:37:730 : 获取吞吐量
2019-01-22 14:59:44.433  INFO 18737 --- [Thread-25] :40:37:730 : 正常吞吐量探测完毕
2019-01-22 14:59:44.433  INFO 18737 --- [Thread-25] :40:37:730 : 注入20秒延迟
2019-01-22 14:59:45.652  INFO 18737 --- [Thread-25] :40:37:730 : 等待5秒
2019-01-22 14:59:50.652  INFO 18737 --- [Thread-25] :40:37:730 : 探测父节点到兄弟节点的异常吞吐量
2019-01-22 14:59:50.653  INFO 18737 --- [Thread-25] :40:37:730 : 开始探测，参数为：持续40秒，间隔为20秒，窗口为10秒
2019-01-22 14:59:50.653  INFO 18737 --- [Thread-25] :40:37:730 : 等待20秒
2019-01-22 15:00:10.654  INFO 18737 --- [Thread-25] :40:37:730 : 查询吞吐量
2019-01-22 15:00:10.657  INFO 18737 --- [Thread-25] :40:37:730 : 获取吞吐量
2019-01-22 15:00:10.658  INFO 18737 --- [Thread-25] :40:37:730 : 等待20秒
2019-01-22 15:00:30.659  INFO 18737 --- [Thread-25] :40:37:730 : 查询吞吐量
2019-01-22 15:00:30.663  INFO 18737 --- [Thread-25] :40:37:730 : 获取吞吐量
2019-01-22 15:00:30.663  INFO 18737 --- [Thread-25] :40:37:730 : 异常吞吐量探测完毕
2019-01-22 15:00:30.664  INFO 18737 --- [Thread-25] :40:37:730 : 分析结果
2019-01-22 15:00:30.664  INFO 18737 --- [Thread-25] :40:37:730 : 探测到船舱模式缺失
2019-01-22 15:00:30.664  INFO 18737 --- [Thread-25] :40:37:730 : 探测到船舱模式缺失
2019-01-22 15:00:30.665  INFO 18737 --- [Thread-25] :40:37:730 : 删除故障
2019-01-22 15:00:31.052  INFO 18737 --- [Thread-25] :40:37:730 : 等待5秒
2019-01-22 15:00:36.053  INFO 18737 --- [Thread-25] :40:37:730 : 船舱模式分析结束
2019-01-22 15:00:36.053  INFO 18737 --- [Thread-25] :40:37:730 : 开始熔断模式分析
2019-01-22 15:00:36.053  INFO 18737 --- [Thread-25] :40:37:730 : 对正常情况下链采样
2019-01-22 15:00:36.053  INFO 18737 --- [Thread-25] :40:37:730 : 等待10秒
2019-01-22 15:00:46.053  INFO 18737 --- [Thread-25] :40:37:730 : 采样
2019-01-22 15:00:46.072  INFO 18737 --- [Thread-25] :40:37:730 : 获取正常链完毕
2019-01-22 15:00:46.072  INFO 18737 --- [Thread-25] :40:37:730 : 解析正常链中所有的边
2019-01-22 15:00:46.072  INFO 18737 --- [Thread-25] :40:37:730 : 注入故障
2019-01-22 15:00:47.268  INFO 18737 --- [Thread-25] :40:37:730 : 等待5秒
2019-01-22 15:00:52.268  INFO 18737 --- [Thread-25] :40:37:730 : 开始探测熔断位置
2019-01-22 15:00:52.269  INFO 18737 --- [Thread-25] :40:37:730 : 参数：持续30秒，间隔为10秒，抽样数量为20条
2019-01-22 15:00:52.299  INFO 18737 --- [Thread-25] :40:37:730 : 等待10秒
2019-01-22 15:01:02.299  INFO 18737 --- [Thread-25] :40:37:730 : 分析熔断位置
2019-01-22 15:01:02.341  INFO 18737 --- [Thread-25] :40:37:730 : 等待10秒
2019-01-22 15:01:12.341  INFO 18737 --- [Thread-25] :40:37:730 : 分析熔断位置
2019-01-22 15:01:12.342  INFO 18737 --- [Thread-25] :40:37:730 : 探测到熔断位置：reviews2 -> ratings
2019-01-22 15:01:12.377  INFO 18737 --- [Thread-25] :40:37:730 : 等待10秒
2019-01-22 15:01:22.377  INFO 18737 --- [Thread-25] :40:37:730 : 分析熔断位置
2019-01-22 15:01:22.378  INFO 18737 --- [Thread-25] :40:37:730 : 开始监控熔断位置的吞吐量
2019-01-22 15:01:22.379  INFO 18737 --- [Thread-25] :40:37:730 : 参数：持续40秒，间隔为20秒，窗口大小为10秒
2019-01-22 15:01:32.379  INFO 18737 --- [Thread-25] :40:37:730 : 查询吞吐量数据
2019-01-22 15:01:32.382  INFO 18737 --- [Thread-25] :40:37:730 : 解析吞吐量数据
2019-01-22 15:01:42.382  INFO 18737 --- [Thread-25] :40:37:730 : 查询吞吐量数据
2019-01-22 15:01:42.386  INFO 18737 --- [Thread-25] :40:37:730 : 解析吞吐量数据
2019-01-22 15:01:52.386  INFO 18737 --- [Thread-25] :40:37:730 : 查询吞吐量数据
2019-01-22 15:01:52.389  INFO 18737 --- [Thread-25] :40:37:730 : 解析吞吐量数据
2019-01-22 15:02:02.390  INFO 18737 --- [Thread-25] :40:37:730 : 查询吞吐量数据
2019-01-22 15:02:02.393  INFO 18737 --- [Thread-25] :40:37:730 : 解析吞吐量数据
2019-01-22 15:02:02.393  INFO 18737 --- [Thread-25] :40:37:730 : 生成测试结果
2019-01-22 15:02:02.393  INFO 18737 --- [Thread-25] :40:37:730 : 删除故障
2019-01-22 15:02:02.688  INFO 18737 --- [Thread-25] :40:37:730 : 等待5秒
2019-01-22 15:02:07.689  INFO 18737 --- [Thread-25] :40:37:730 : 熔断模式分析结束
2019-01-22 15:02:07.689  INFO 18737 --- [Thread-25] :40:37:730 : 模式分析结束
2019-01-22 15:02:07.689  INFO 18737 --- [Thread-25] :40:37:730 : 对当前IPS探测结束
2019-01-22 15:02:07.689  INFO 18737 --- [Thread-25] :40:37:730 : 约束求解
2019-01-22 15:02:07.695  INFO 18737 --- [Thread-25] :40:37:730 : 求解结果为:{details}{productpage}{reviews3,reviews1,reviews2}{ratings,reviews1}
2019-01-22 15:02:07.695  INFO 18737 --- [Thread-25] :40:37:730 : 开始过滤IPS
2019-01-22 15:02:07.696  INFO 18737 --- [Thread-25] :40:37:730 : {details}已经执行过，被过滤
2019-01-22 15:02:07.696  INFO 18737 --- [Thread-25] :40:37:730 : {productpage}已经执行过，被过滤
2019-01-22 15:02:07.696  INFO 18737 --- [Thread-25] :40:37:730 : {reviews1,reviews2,reviews3}已经执行过，被过滤
2019-01-22 15:02:07.696  INFO 18737 --- [Thread-25] :40:37:730 : {ratings,reviews1}包含实效的故障注入点，被过滤
2019-01-22 15:02:07.696  INFO 18737 --- [Thread-25] :40:37:730 : 结束过滤IPS
2019-01-22 15:02:07.696  INFO 18737 --- [Thread-25] :40:37:730 : IPS为空，结束对于当前tracePool的探测
2019-01-22 15:02:07.697  INFO 18737 --- [Thread-25] :40:37:730 : 对当前tracepool探测结束
2019-01-22 15:02:07.697  INFO 18737 --- [Thread-25] :40:37:730 : 当前tracepool为{productpage}
2019-01-22 15:02:07.697  INFO 18737 --- [Thread-25] :40:37:730 : 开始对当前的tracepool进行探测
2019-01-22 15:02:07.697  INFO 18737 --- [Thread-25] :40:37:730 : 约束求解
2019-01-22 15:02:07.699  INFO 18737 --- [Thread-25] :40:37:730 : 求解结果为:{productpage}
2019-01-22 15:02:07.700  INFO 18737 --- [Thread-25] :40:37:730 : 开始过滤IPS
2019-01-22 15:02:07.700  INFO 18737 --- [Thread-25] :40:37:730 : {productpage}已经执行过，被过滤
2019-01-22 15:02:07.700  INFO 18737 --- [Thread-25] :40:37:730 : 结束过滤IPS
2019-01-22 15:02:07.700  INFO 18737 --- [Thread-25] :40:37:730 : IPS为空，结束对于当前tracePool的探测
2019-01-22 15:02:07.701  INFO 18737 --- [Thread-25] :40:37:730 : 对当前tracepool探测结束
2019-01-22 15:02:07.701  INFO 18737 --- [Thread-25] :40:37:730 : 清理中
